[0.051s] DEBUG:colcon:Command line arguments: ['/usr/bin/colcon', 'build']
[0.051s] DEBUG:colcon:Parsed command line arguments: Namespace(log_base=None, log_level=None, verb_name='build', build_base='build', install_base='install', merge_install=False, symlink_install=False, test_result_base=None, continue_on_error=False, executor='parallel', parallel_workers=20, event_handlers=None, ignore_user_meta=False, metas=['./colcon.meta'], base_paths=['.'], packages_ignore=None, packages_ignore_regex=None, paths=None, packages_up_to=None, packages_up_to_regex=None, packages_above=None, packages_above_and_dependencies=None, packages_above_depth=None, packages_select_by_dep=None, packages_skip_by_dep=None, packages_skip_up_to=None, packages_select_build_failed=False, packages_skip_build_finished=False, packages_select_test_failures=False, packages_skip_test_passed=False, packages_select=None, packages_skip=None, packages_select_regex=None, packages_skip_regex=None, packages_start=None, packages_end=None, allow_overriding=[], cmake_args=None, cmake_target=None, cmake_target_skip_unavailable=False, cmake_clean_cache=False, cmake_clean_first=False, cmake_force_configure=False, ament_cmake_args=None, catkin_cmake_args=None, catkin_skip_building_tests=False, verb_parser=<colcon_defaults.argument_parser.defaults.DefaultArgumentsDecorator object at 0x73e3e20e7790>, verb_extension=<colcon_core.verb.build.BuildVerb object at 0x73e3e20e7280>, main=<bound method BuildVerb.main of <colcon_core.verb.build.BuildVerb object at 0x73e3e20e7280>>)
[0.124s] Level 1:colcon.colcon_core.package_discovery:discover_packages(colcon_meta) check parameters
[0.124s] Level 1:colcon.colcon_core.package_discovery:discover_packages(recursive) check parameters
[0.124s] Level 1:colcon.colcon_core.package_discovery:discover_packages(ignore) check parameters
[0.124s] Level 1:colcon.colcon_core.package_discovery:discover_packages(path) check parameters
[0.124s] Level 1:colcon.colcon_core.package_discovery:discover_packages(colcon_meta) discover
[0.124s] Level 1:colcon.colcon_core.package_discovery:discover_packages(recursive) discover
[0.124s] INFO:colcon.colcon_core.package_discovery:Crawling recursively for packages in '/home/miao/planning_with_ROS2_ws'
[0.124s] Level 1:colcon.colcon_core.package_identification:_identify(.) by extensions ['ignore', 'ignore_ament_install']
[0.124s] Level 1:colcon.colcon_core.package_identification:_identify(.) by extension 'ignore'
[0.124s] Level 1:colcon.colcon_core.package_identification:_identify(.) by extension 'ignore_ament_install'
[0.124s] Level 1:colcon.colcon_core.package_identification:_identify(.) by extensions ['colcon_pkg']
[0.124s] Level 1:colcon.colcon_core.package_identification:_identify(.) by extension 'colcon_pkg'
[0.124s] Level 1:colcon.colcon_core.package_identification:_identify(.) by extensions ['colcon_meta']
[0.124s] Level 1:colcon.colcon_core.package_identification:_identify(.) by extension 'colcon_meta'
[0.124s] Level 1:colcon.colcon_core.package_identification:_identify(.) by extensions ['ros']
[0.124s] Level 1:colcon.colcon_core.package_identification:_identify(.) by extension 'ros'
[0.130s] Level 1:colcon.colcon_core.package_identification:_identify(.) by extensions ['cmake', 'python']
[0.130s] Level 1:colcon.colcon_core.package_identification:_identify(.) by extension 'cmake'
[0.130s] Level 1:colcon.colcon_core.package_identification:_identify(.) by extension 'python'
[0.130s] Level 1:colcon.colcon_core.package_identification:_identify(.) by extensions ['python_setup_py']
[0.130s] Level 1:colcon.colcon_core.package_identification:_identify(.) by extension 'python_setup_py'
[0.130s] Level 1:colcon.colcon_core.package_identification:_identify(build) by extensions ['ignore', 'ignore_ament_install']
[0.130s] Level 1:colcon.colcon_core.package_identification:_identify(build) by extension 'ignore'
[0.130s] Level 1:colcon.colcon_core.package_identification:_identify(build) ignored
[0.130s] Level 1:colcon.colcon_core.package_identification:_identify(doc) by extensions ['ignore', 'ignore_ament_install']
[0.130s] Level 1:colcon.colcon_core.package_identification:_identify(doc) by extension 'ignore'
[0.130s] Level 1:colcon.colcon_core.package_identification:_identify(doc) by extension 'ignore_ament_install'
[0.130s] Level 1:colcon.colcon_core.package_identification:_identify(doc) by extensions ['colcon_pkg']
[0.130s] Level 1:colcon.colcon_core.package_identification:_identify(doc) by extension 'colcon_pkg'
[0.130s] Level 1:colcon.colcon_core.package_identification:_identify(doc) by extensions ['colcon_meta']
[0.130s] Level 1:colcon.colcon_core.package_identification:_identify(doc) by extension 'colcon_meta'
[0.131s] Level 1:colcon.colcon_core.package_identification:_identify(doc) by extensions ['ros']
[0.131s] Level 1:colcon.colcon_core.package_identification:_identify(doc) by extension 'ros'
[0.131s] Level 1:colcon.colcon_core.package_identification:_identify(doc) by extensions ['cmake', 'python']
[0.131s] Level 1:colcon.colcon_core.package_identification:_identify(doc) by extension 'cmake'
[0.131s] Level 1:colcon.colcon_core.package_identification:_identify(doc) by extension 'python'
[0.131s] Level 1:colcon.colcon_core.package_identification:_identify(doc) by extensions ['python_setup_py']
[0.131s] Level 1:colcon.colcon_core.package_identification:_identify(doc) by extension 'python_setup_py'
[0.131s] Level 1:colcon.colcon_core.package_identification:_identify(install) by extensions ['ignore', 'ignore_ament_install']
[0.131s] Level 1:colcon.colcon_core.package_identification:_identify(install) by extension 'ignore'
[0.131s] Level 1:colcon.colcon_core.package_identification:_identify(install) ignored
[0.131s] Level 1:colcon.colcon_core.package_identification:_identify(log) by extensions ['ignore', 'ignore_ament_install']
[0.131s] Level 1:colcon.colcon_core.package_identification:_identify(log) by extension 'ignore'
[0.131s] Level 1:colcon.colcon_core.package_identification:_identify(log) ignored
[0.131s] Level 1:colcon.colcon_core.package_identification:_identify(src) by extensions ['ignore', 'ignore_ament_install']
[0.131s] Level 1:colcon.colcon_core.package_identification:_identify(src) by extension 'ignore'
[0.131s] Level 1:colcon.colcon_core.package_identification:_identify(src) by extension 'ignore_ament_install'
[0.131s] Level 1:colcon.colcon_core.package_identification:_identify(src) by extensions ['colcon_pkg']
[0.131s] Level 1:colcon.colcon_core.package_identification:_identify(src) by extension 'colcon_pkg'
[0.131s] Level 1:colcon.colcon_core.package_identification:_identify(src) by extensions ['colcon_meta']
[0.131s] Level 1:colcon.colcon_core.package_identification:_identify(src) by extension 'colcon_meta'
[0.131s] Level 1:colcon.colcon_core.package_identification:_identify(src) by extensions ['ros']
[0.131s] Level 1:colcon.colcon_core.package_identification:_identify(src) by extension 'ros'
[0.131s] Level 1:colcon.colcon_core.package_identification:_identify(src) by extensions ['cmake', 'python']
[0.131s] Level 1:colcon.colcon_core.package_identification:_identify(src) by extension 'cmake'
[0.131s] Level 1:colcon.colcon_core.package_identification:_identify(src) by extension 'python'
[0.131s] Level 1:colcon.colcon_core.package_identification:_identify(src) by extensions ['python_setup_py']
[0.131s] Level 1:colcon.colcon_core.package_identification:_identify(src) by extension 'python_setup_py'
[0.131s] Level 1:colcon.colcon_core.package_identification:_identify(src/base_msgs) by extensions ['ignore', 'ignore_ament_install']
[0.131s] Level 1:colcon.colcon_core.package_identification:_identify(src/base_msgs) by extension 'ignore'
[0.131s] Level 1:colcon.colcon_core.package_identification:_identify(src/base_msgs) by extension 'ignore_ament_install'
[0.131s] Level 1:colcon.colcon_core.package_identification:_identify(src/base_msgs) by extensions ['colcon_pkg']
[0.131s] Level 1:colcon.colcon_core.package_identification:_identify(src/base_msgs) by extension 'colcon_pkg'
[0.131s] Level 1:colcon.colcon_core.package_identification:_identify(src/base_msgs) by extensions ['colcon_meta']
[0.131s] Level 1:colcon.colcon_core.package_identification:_identify(src/base_msgs) by extension 'colcon_meta'
[0.131s] Level 1:colcon.colcon_core.package_identification:_identify(src/base_msgs) by extensions ['ros']
[0.131s] Level 1:colcon.colcon_core.package_identification:_identify(src/base_msgs) by extension 'ros'
[0.133s] DEBUG:colcon.colcon_core.package_identification:Package 'src/base_msgs' with type 'ros.ament_cmake' and name 'base_msgs'
[0.133s] Level 1:colcon.colcon_core.package_identification:_identify(src/data_plot) by extensions ['ignore', 'ignore_ament_install']
[0.133s] Level 1:colcon.colcon_core.package_identification:_identify(src/data_plot) by extension 'ignore'
[0.133s] Level 1:colcon.colcon_core.package_identification:_identify(src/data_plot) by extension 'ignore_ament_install'
[0.133s] Level 1:colcon.colcon_core.package_identification:_identify(src/data_plot) by extensions ['colcon_pkg']
[0.133s] Level 1:colcon.colcon_core.package_identification:_identify(src/data_plot) by extension 'colcon_pkg'
[0.133s] Level 1:colcon.colcon_core.package_identification:_identify(src/data_plot) by extensions ['colcon_meta']
[0.133s] Level 1:colcon.colcon_core.package_identification:_identify(src/data_plot) by extension 'colcon_meta'
[0.133s] Level 1:colcon.colcon_core.package_identification:_identify(src/data_plot) by extensions ['ros']
[0.133s] Level 1:colcon.colcon_core.package_identification:_identify(src/data_plot) by extension 'ros'
[0.133s] DEBUG:colcon.colcon_core.package_identification:Package 'src/data_plot' with type 'ros.ament_python' and name 'data_plot'
[0.133s] Level 1:colcon.colcon_core.package_identification:_identify(src/planning) by extensions ['ignore', 'ignore_ament_install']
[0.133s] Level 1:colcon.colcon_core.package_identification:_identify(src/planning) by extension 'ignore'
[0.133s] Level 1:colcon.colcon_core.package_identification:_identify(src/planning) by extension 'ignore_ament_install'
[0.133s] Level 1:colcon.colcon_core.package_identification:_identify(src/planning) by extensions ['colcon_pkg']
[0.133s] Level 1:colcon.colcon_core.package_identification:_identify(src/planning) by extension 'colcon_pkg'
[0.134s] Level 1:colcon.colcon_core.package_identification:_identify(src/planning) by extensions ['colcon_meta']
[0.134s] Level 1:colcon.colcon_core.package_identification:_identify(src/planning) by extension 'colcon_meta'
[0.134s] Level 1:colcon.colcon_core.package_identification:_identify(src/planning) by extensions ['ros']
[0.134s] Level 1:colcon.colcon_core.package_identification:_identify(src/planning) by extension 'ros'
[0.134s] DEBUG:colcon.colcon_core.package_identification:Package 'src/planning' with type 'ros.ament_cmake' and name 'planning'
[0.134s] Level 1:colcon.colcon_core.package_discovery:discover_packages(recursive) using defaults
[0.134s] Level 1:colcon.colcon_core.package_discovery:discover_packages(ignore) discover
[0.134s] Level 1:colcon.colcon_core.package_discovery:discover_packages(ignore) using defaults
[0.134s] Level 1:colcon.colcon_core.package_discovery:discover_packages(path) discover
[0.134s] Level 1:colcon.colcon_core.package_discovery:discover_packages(path) using defaults
[0.146s] Level 1:colcon.colcon_core.package_discovery:discover_packages(prefix_path) check parameters
[0.146s] Level 1:colcon.colcon_core.package_discovery:discover_packages(prefix_path) discover
[0.147s] DEBUG:colcon.colcon_installed_package_information.package_discovery:Found 3 installed packages in /home/miao/planning_with_ROS2_ws/install
[0.147s] DEBUG:colcon.colcon_installed_package_information.package_discovery:Found 291 installed packages in /opt/ros/humble
[0.154s] Level 1:colcon.colcon_core.package_discovery:discover_packages(prefix_path) using defaults
[0.172s] Level 5:colcon.colcon_core.verb:set package 'base_msgs' build argument 'cmake_args' from command line to 'None'
[0.172s] Level 5:colcon.colcon_core.verb:set package 'base_msgs' build argument 'cmake_target' from command line to 'None'
[0.172s] Level 5:colcon.colcon_core.verb:set package 'base_msgs' build argument 'cmake_target_skip_unavailable' from command line to 'False'
[0.172s] Level 5:colcon.colcon_core.verb:set package 'base_msgs' build argument 'cmake_clean_cache' from command line to 'False'
[0.172s] Level 5:colcon.colcon_core.verb:set package 'base_msgs' build argument 'cmake_clean_first' from command line to 'False'
[0.172s] Level 5:colcon.colcon_core.verb:set package 'base_msgs' build argument 'cmake_force_configure' from command line to 'False'
[0.172s] Level 5:colcon.colcon_core.verb:set package 'base_msgs' build argument 'ament_cmake_args' from command line to 'None'
[0.172s] Level 5:colcon.colcon_core.verb:set package 'base_msgs' build argument 'catkin_cmake_args' from command line to 'None'
[0.172s] Level 5:colcon.colcon_core.verb:set package 'base_msgs' build argument 'catkin_skip_building_tests' from command line to 'False'
[0.172s] DEBUG:colcon.colcon_core.verb:Building package 'base_msgs' with the following arguments: {'ament_cmake_args': None, 'build_base': '/home/miao/planning_with_ROS2_ws/build/base_msgs', 'catkin_cmake_args': None, 'catkin_skip_building_tests': False, 'cmake_args': None, 'cmake_clean_cache': False, 'cmake_clean_first': False, 'cmake_force_configure': False, 'cmake_target': None, 'cmake_target_skip_unavailable': False, 'install_base': '/home/miao/planning_with_ROS2_ws/install/base_msgs', 'merge_install': False, 'path': '/home/miao/planning_with_ROS2_ws/src/base_msgs', 'symlink_install': False, 'test_result_base': None}
[0.172s] Level 5:colcon.colcon_core.verb:set package 'data_plot' build argument 'cmake_args' from command line to 'None'
[0.172s] Level 5:colcon.colcon_core.verb:set package 'data_plot' build argument 'cmake_target' from command line to 'None'
[0.172s] Level 5:colcon.colcon_core.verb:set package 'data_plot' build argument 'cmake_target_skip_unavailable' from command line to 'False'
[0.172s] Level 5:colcon.colcon_core.verb:set package 'data_plot' build argument 'cmake_clean_cache' from command line to 'False'
[0.172s] Level 5:colcon.colcon_core.verb:set package 'data_plot' build argument 'cmake_clean_first' from command line to 'False'
[0.172s] Level 5:colcon.colcon_core.verb:set package 'data_plot' build argument 'cmake_force_configure' from command line to 'False'
[0.172s] Level 5:colcon.colcon_core.verb:set package 'data_plot' build argument 'ament_cmake_args' from command line to 'None'
[0.172s] Level 5:colcon.colcon_core.verb:set package 'data_plot' build argument 'catkin_cmake_args' from command line to 'None'
[0.172s] Level 5:colcon.colcon_core.verb:set package 'data_plot' build argument 'catkin_skip_building_tests' from command line to 'False'
[0.172s] DEBUG:colcon.colcon_core.verb:Building package 'data_plot' with the following arguments: {'ament_cmake_args': None, 'build_base': '/home/miao/planning_with_ROS2_ws/build/data_plot', 'catkin_cmake_args': None, 'catkin_skip_building_tests': False, 'cmake_args': None, 'cmake_clean_cache': False, 'cmake_clean_first': False, 'cmake_force_configure': False, 'cmake_target': None, 'cmake_target_skip_unavailable': False, 'install_base': '/home/miao/planning_with_ROS2_ws/install/data_plot', 'merge_install': False, 'path': '/home/miao/planning_with_ROS2_ws/src/data_plot', 'symlink_install': False, 'test_result_base': None}
[0.172s] Level 5:colcon.colcon_core.verb:set package 'planning' build argument 'cmake_args' from command line to 'None'
[0.172s] Level 5:colcon.colcon_core.verb:set package 'planning' build argument 'cmake_target' from command line to 'None'
[0.172s] Level 5:colcon.colcon_core.verb:set package 'planning' build argument 'cmake_target_skip_unavailable' from command line to 'False'
[0.172s] Level 5:colcon.colcon_core.verb:set package 'planning' build argument 'cmake_clean_cache' from command line to 'False'
[0.173s] Level 5:colcon.colcon_core.verb:set package 'planning' build argument 'cmake_clean_first' from command line to 'False'
[0.173s] Level 5:colcon.colcon_core.verb:set package 'planning' build argument 'cmake_force_configure' from command line to 'False'
[0.173s] Level 5:colcon.colcon_core.verb:set package 'planning' build argument 'ament_cmake_args' from command line to 'None'
[0.173s] Level 5:colcon.colcon_core.verb:set package 'planning' build argument 'catkin_cmake_args' from command line to 'None'
[0.173s] Level 5:colcon.colcon_core.verb:set package 'planning' build argument 'catkin_skip_building_tests' from command line to 'False'
[0.173s] DEBUG:colcon.colcon_core.verb:Building package 'planning' with the following arguments: {'ament_cmake_args': None, 'build_base': '/home/miao/planning_with_ROS2_ws/build/planning', 'catkin_cmake_args': None, 'catkin_skip_building_tests': False, 'cmake_args': None, 'cmake_clean_cache': False, 'cmake_clean_first': False, 'cmake_force_configure': False, 'cmake_target': None, 'cmake_target_skip_unavailable': False, 'install_base': '/home/miao/planning_with_ROS2_ws/install/planning', 'merge_install': False, 'path': '/home/miao/planning_with_ROS2_ws/src/planning', 'symlink_install': False, 'test_result_base': None}
[0.173s] INFO:colcon.colcon_core.executor:Executing jobs using 'parallel' executor
[0.173s] DEBUG:colcon.colcon_parallel_executor.executor.parallel:run_until_complete
[0.173s] INFO:colcon.colcon_ros.task.ament_cmake.build:Building ROS package in '/home/miao/planning_with_ROS2_ws/src/base_msgs' with build type 'ament_cmake'
[0.173s] INFO:colcon.colcon_cmake.task.cmake.build:Building CMake package in '/home/miao/planning_with_ROS2_ws/src/base_msgs'
[0.175s] INFO:colcon.colcon_core.plugin_system:Skipping extension 'colcon_core.shell.bat': Not used on non-Windows systems
[0.175s] INFO:colcon.colcon_core.shell:Skip shell extension 'powershell' for command environment: Not usable outside of PowerShell
[0.175s] DEBUG:colcon.colcon_core.shell:Skip shell extension 'dsv' for command environment
[0.181s] DEBUG:colcon.colcon_core.event_handler.log_command:Invoking command in '/home/miao/planning_with_ROS2_ws/build/base_msgs': CMAKE_PREFIX_PATH=${CMAKE_PREFIX_PATH}:/home/miao/planning_with_ROS2_ws/install/data_plot:/opt/ros/humble /usr/bin/cmake --build /home/miao/planning_with_ROS2_ws/build/base_msgs -- -j20 -l20
[0.379s] DEBUG:colcon.colcon_core.event_handler.log_command:Invoked command in '/home/miao/planning_with_ROS2_ws/build/base_msgs' returned '0': CMAKE_PREFIX_PATH=${CMAKE_PREFIX_PATH}:/home/miao/planning_with_ROS2_ws/install/data_plot:/opt/ros/humble /usr/bin/cmake --build /home/miao/planning_with_ROS2_ws/build/base_msgs -- -j20 -l20
[0.385s] DEBUG:colcon.colcon_core.event_handler.log_command:Invoking command in '/home/miao/planning_with_ROS2_ws/build/base_msgs': CMAKE_PREFIX_PATH=${CMAKE_PREFIX_PATH}:/home/miao/planning_with_ROS2_ws/install/data_plot:/opt/ros/humble /usr/bin/cmake --install /home/miao/planning_with_ROS2_ws/build/base_msgs
[0.422s] Level 1:colcon.colcon_core.environment:create_environment_scripts_only(base_msgs)
[0.423s] DEBUG:colcon.colcon_core.event_handler.log_command:Invoked command in '/home/miao/planning_with_ROS2_ws/build/base_msgs' returned '0': CMAKE_PREFIX_PATH=${CMAKE_PREFIX_PATH}:/home/miao/planning_with_ROS2_ws/install/data_plot:/opt/ros/humble /usr/bin/cmake --install /home/miao/planning_with_ROS2_ws/build/base_msgs
[0.424s] Level 1:colcon.colcon_core.environment:checking '/home/miao/planning_with_ROS2_ws/install/base_msgs' for CMake module files
[0.424s] Level 1:colcon.colcon_core.environment:checking '/home/miao/planning_with_ROS2_ws/install/base_msgs' for CMake config files
[0.424s] Level 1:colcon.colcon_core.shell:create_environment_hook('base_msgs', 'cmake_prefix_path')
[0.424s] INFO:colcon.colcon_core.shell:Creating environment hook '/home/miao/planning_with_ROS2_ws/install/base_msgs/share/base_msgs/hook/cmake_prefix_path.ps1'
[0.425s] INFO:colcon.colcon_core.shell:Creating environment descriptor '/home/miao/planning_with_ROS2_ws/install/base_msgs/share/base_msgs/hook/cmake_prefix_path.dsv'
[0.425s] INFO:colcon.colcon_core.shell:Creating environment hook '/home/miao/planning_with_ROS2_ws/install/base_msgs/share/base_msgs/hook/cmake_prefix_path.sh'
[0.425s] Level 1:colcon.colcon_core.environment:checking '/home/miao/planning_with_ROS2_ws/install/base_msgs/lib'
[0.425s] Level 1:colcon.colcon_core.shell:create_environment_hook('base_msgs', 'ld_library_path_lib')
[0.426s] INFO:colcon.colcon_core.shell:Creating environment hook '/home/miao/planning_with_ROS2_ws/install/base_msgs/share/base_msgs/hook/ld_library_path_lib.ps1'
[0.426s] INFO:colcon.colcon_core.shell:Creating environment descriptor '/home/miao/planning_with_ROS2_ws/install/base_msgs/share/base_msgs/hook/ld_library_path_lib.dsv'
[0.426s] INFO:colcon.colcon_core.shell:Creating environment hook '/home/miao/planning_with_ROS2_ws/install/base_msgs/share/base_msgs/hook/ld_library_path_lib.sh'
[0.426s] Level 1:colcon.colcon_core.environment:checking '/home/miao/planning_with_ROS2_ws/install/base_msgs/bin'
[0.426s] Level 1:colcon.colcon_core.environment:checking '/home/miao/planning_with_ROS2_ws/install/base_msgs/lib/pkgconfig/base_msgs.pc'
[0.426s] Level 1:colcon.colcon_core.environment:checking '/home/miao/planning_with_ROS2_ws/install/base_msgs/lib/python3.10/site-packages'
[0.426s] Level 1:colcon.colcon_core.environment:checking '/home/miao/planning_with_ROS2_ws/install/base_msgs/bin'
[0.427s] INFO:colcon.colcon_core.shell:Creating package script '/home/miao/planning_with_ROS2_ws/install/base_msgs/share/base_msgs/package.ps1'
[0.427s] INFO:colcon.colcon_core.shell:Creating package descriptor '/home/miao/planning_with_ROS2_ws/install/base_msgs/share/base_msgs/package.dsv'
[0.427s] INFO:colcon.colcon_core.shell:Creating package script '/home/miao/planning_with_ROS2_ws/install/base_msgs/share/base_msgs/package.sh'
[0.428s] INFO:colcon.colcon_core.shell:Creating package script '/home/miao/planning_with_ROS2_ws/install/base_msgs/share/base_msgs/package.bash'
[0.428s] INFO:colcon.colcon_core.shell:Creating package script '/home/miao/planning_with_ROS2_ws/install/base_msgs/share/base_msgs/package.zsh'
[0.428s] Level 1:colcon.colcon_core.environment:create_file_with_runtime_dependencies(/home/miao/planning_with_ROS2_ws/install/base_msgs/share/colcon-core/packages/base_msgs)
[0.429s] Level 1:colcon.colcon_core.environment:create_environment_scripts_only(base_msgs)
[0.429s] Level 1:colcon.colcon_core.environment:checking '/home/miao/planning_with_ROS2_ws/install/base_msgs' for CMake module files
[0.429s] Level 1:colcon.colcon_core.environment:checking '/home/miao/planning_with_ROS2_ws/install/base_msgs' for CMake config files
[0.429s] Level 1:colcon.colcon_core.shell:create_environment_hook('base_msgs', 'cmake_prefix_path')
[0.429s] INFO:colcon.colcon_core.shell:Creating environment hook '/home/miao/planning_with_ROS2_ws/install/base_msgs/share/base_msgs/hook/cmake_prefix_path.ps1'
[0.430s] INFO:colcon.colcon_core.shell:Creating environment descriptor '/home/miao/planning_with_ROS2_ws/install/base_msgs/share/base_msgs/hook/cmake_prefix_path.dsv'
[0.430s] INFO:colcon.colcon_core.shell:Creating environment hook '/home/miao/planning_with_ROS2_ws/install/base_msgs/share/base_msgs/hook/cmake_prefix_path.sh'
[0.430s] Level 1:colcon.colcon_core.environment:checking '/home/miao/planning_with_ROS2_ws/install/base_msgs/lib'
[0.430s] Level 1:colcon.colcon_core.shell:create_environment_hook('base_msgs', 'ld_library_path_lib')
[0.430s] INFO:colcon.colcon_core.shell:Creating environment hook '/home/miao/planning_with_ROS2_ws/install/base_msgs/share/base_msgs/hook/ld_library_path_lib.ps1'
[0.430s] INFO:colcon.colcon_core.shell:Creating environment descriptor '/home/miao/planning_with_ROS2_ws/install/base_msgs/share/base_msgs/hook/ld_library_path_lib.dsv'
[0.431s] INFO:colcon.colcon_core.shell:Creating environment hook '/home/miao/planning_with_ROS2_ws/install/base_msgs/share/base_msgs/hook/ld_library_path_lib.sh'
[0.431s] Level 1:colcon.colcon_core.environment:checking '/home/miao/planning_with_ROS2_ws/install/base_msgs/bin'
[0.431s] Level 1:colcon.colcon_core.environment:checking '/home/miao/planning_with_ROS2_ws/install/base_msgs/lib/pkgconfig/base_msgs.pc'
[0.431s] Level 1:colcon.colcon_core.environment:checking '/home/miao/planning_with_ROS2_ws/install/base_msgs/lib/python3.10/site-packages'
[0.431s] Level 1:colcon.colcon_core.environment:checking '/home/miao/planning_with_ROS2_ws/install/base_msgs/bin'
[0.431s] INFO:colcon.colcon_core.shell:Creating package script '/home/miao/planning_with_ROS2_ws/install/base_msgs/share/base_msgs/package.ps1'
[0.431s] INFO:colcon.colcon_core.shell:Creating package descriptor '/home/miao/planning_with_ROS2_ws/install/base_msgs/share/base_msgs/package.dsv'
[0.432s] INFO:colcon.colcon_core.shell:Creating package script '/home/miao/planning_with_ROS2_ws/install/base_msgs/share/base_msgs/package.sh'
[0.432s] INFO:colcon.colcon_core.shell:Creating package script '/home/miao/planning_with_ROS2_ws/install/base_msgs/share/base_msgs/package.bash'
[0.432s] INFO:colcon.colcon_core.shell:Creating package script '/home/miao/planning_with_ROS2_ws/install/base_msgs/share/base_msgs/package.zsh'
[0.432s] Level 1:colcon.colcon_core.environment:create_file_with_runtime_dependencies(/home/miao/planning_with_ROS2_ws/install/base_msgs/share/colcon-core/packages/base_msgs)
[0.432s] INFO:colcon.colcon_ros.task.ament_python.build:Building ROS package in '/home/miao/planning_with_ROS2_ws/src/data_plot' with build type 'ament_python'
[0.432s] Level 1:colcon.colcon_core.shell:create_environment_hook('data_plot', 'ament_prefix_path')
[0.433s] INFO:colcon.colcon_core.shell:Creating environment hook '/home/miao/planning_with_ROS2_ws/install/data_plot/share/data_plot/hook/ament_prefix_path.ps1'
[0.433s] INFO:colcon.colcon_core.shell:Creating environment descriptor '/home/miao/planning_with_ROS2_ws/install/data_plot/share/data_plot/hook/ament_prefix_path.dsv'
[0.433s] INFO:colcon.colcon_core.shell:Creating environment hook '/home/miao/planning_with_ROS2_ws/install/data_plot/share/data_plot/hook/ament_prefix_path.sh'
[0.433s] INFO:colcon.colcon_core.shell:Skip shell extension 'powershell' for command environment: Not usable outside of PowerShell
[0.433s] DEBUG:colcon.colcon_core.shell:Skip shell extension 'dsv' for command environment
[0.435s] INFO:colcon.colcon_ros.task.ament_cmake.build:Building ROS package in '/home/miao/planning_with_ROS2_ws/src/planning' with build type 'ament_cmake'
[0.435s] INFO:colcon.colcon_cmake.task.cmake.build:Building CMake package in '/home/miao/planning_with_ROS2_ws/src/planning'
[0.435s] INFO:colcon.colcon_core.shell:Skip shell extension 'powershell' for command environment: Not usable outside of PowerShell
[0.435s] DEBUG:colcon.colcon_core.shell:Skip shell extension 'dsv' for command environment
[0.567s] INFO:colcon.colcon_core.task.python.build:Building Python package in '/home/miao/planning_with_ROS2_ws/src/data_plot'
[0.567s] INFO:colcon.colcon_core.shell:Skip shell extension 'powershell' for command environment: Not usable outside of PowerShell
[0.567s] DEBUG:colcon.colcon_core.shell:Skip shell extension 'dsv' for command environment
[0.571s] DEBUG:colcon.colcon_core.event_handler.log_command:Invoking command in '/home/miao/planning_with_ROS2_ws/build/planning': CMAKE_PREFIX_PATH=/home/miao/planning_with_ROS2_ws/install/base_msgs:/home/miao/planning_with_ROS2_ws/install/planning:/home/miao/planning_with_ROS2_ws/install/data_plot:/opt/ros/humble LD_LIBRARY_PATH=/home/miao/planning_with_ROS2_ws/install/base_msgs/lib:/home/miao/planning_with_ROS2_ws/install/planning/lib:/home/miao/planning_with_ROS2_ws/install/planning/lib:/home/miao/planning_with_ROS2_ws/install/planning/lib:/usr/lib/x86_64-linux-gnu/gazebo-11/plugins:/opt/ros/humble/opt/rviz_ogre_vendor/lib:/opt/ros/humble/lib/x86_64-linux-gnu:/opt/ros/humble/lib /usr/bin/cmake --build /home/miao/planning_with_ROS2_ws/build/planning -- -j20 -l20
[0.763s] DEBUG:colcon.colcon_core.event_handler.log_command:Invoking command in '/home/miao/planning_with_ROS2_ws/src/data_plot': CMAKE_PREFIX_PATH=/home/miao/planning_with_ROS2_ws/install/base_msgs:/home/miao/planning_with_ROS2_ws/install/planning LD_LIBRARY_PATH=/home/miao/planning_with_ROS2_ws/install/base_msgs/lib:/home/miao/planning_with_ROS2_ws/install/planning/lib:/home/miao/planning_with_ROS2_ws/install/planning/lib:/home/miao/planning_with_ROS2_ws/install/planning/lib:/usr/lib/x86_64-linux-gnu/gazebo-11/plugins:/opt/ros/humble/opt/rviz_ogre_vendor/lib:/opt/ros/humble/lib/x86_64-linux-gnu:/opt/ros/humble/lib PYTHONPATH=/home/miao/planning_with_ROS2_ws/build/data_plot/prefix_override:/usr/lib/python3/dist-packages/colcon_core/task/python/colcon_distutils_commands:/home/miao/planning_with_ROS2_ws/install/data_plot/lib/python3.10/site-packages:${PYTHONPATH} /usr/bin/python3 -W ignore:setup.py install is deprecated -W ignore:easy_install command is deprecated setup.py egg_info --egg-base ../../build/data_plot build --build-base /home/miao/planning_with_ROS2_ws/build/data_plot/build install --record /home/miao/planning_with_ROS2_ws/build/data_plot/install.log --single-version-externally-managed install_data
[0.962s] Level 1:colcon.colcon_core.environment:checking '/home/miao/planning_with_ROS2_ws/install/data_plot' for CMake module files
[0.963s] DEBUG:colcon.colcon_core.event_handler.log_command:Invoked command in '/home/miao/planning_with_ROS2_ws/src/data_plot' returned '0': CMAKE_PREFIX_PATH=/home/miao/planning_with_ROS2_ws/install/base_msgs:/home/miao/planning_with_ROS2_ws/install/planning LD_LIBRARY_PATH=/home/miao/planning_with_ROS2_ws/install/base_msgs/lib:/home/miao/planning_with_ROS2_ws/install/planning/lib:/home/miao/planning_with_ROS2_ws/install/planning/lib:/home/miao/planning_with_ROS2_ws/install/planning/lib:/usr/lib/x86_64-linux-gnu/gazebo-11/plugins:/opt/ros/humble/opt/rviz_ogre_vendor/lib:/opt/ros/humble/lib/x86_64-linux-gnu:/opt/ros/humble/lib PYTHONPATH=/home/miao/planning_with_ROS2_ws/build/data_plot/prefix_override:/usr/lib/python3/dist-packages/colcon_core/task/python/colcon_distutils_commands:/home/miao/planning_with_ROS2_ws/install/data_plot/lib/python3.10/site-packages:${PYTHONPATH} /usr/bin/python3 -W ignore:setup.py install is deprecated -W ignore:easy_install command is deprecated setup.py egg_info --egg-base ../../build/data_plot build --build-base /home/miao/planning_with_ROS2_ws/build/data_plot/build install --record /home/miao/planning_with_ROS2_ws/build/data_plot/install.log --single-version-externally-managed install_data
[0.963s] Level 1:colcon.colcon_core.environment:checking '/home/miao/planning_with_ROS2_ws/install/data_plot' for CMake config files
[0.964s] Level 1:colcon.colcon_core.environment:checking '/home/miao/planning_with_ROS2_ws/install/data_plot/lib'
[0.964s] Level 1:colcon.colcon_core.environment:checking '/home/miao/planning_with_ROS2_ws/install/data_plot/bin'
[0.964s] Level 1:colcon.colcon_core.environment:checking '/home/miao/planning_with_ROS2_ws/install/data_plot/lib/pkgconfig/data_plot.pc'
[0.964s] Level 1:colcon.colcon_core.environment:checking '/home/miao/planning_with_ROS2_ws/install/data_plot/lib/python3.10/site-packages'
[0.964s] Level 1:colcon.colcon_core.shell:create_environment_hook('data_plot', 'pythonpath')
[0.964s] INFO:colcon.colcon_core.shell:Creating environment hook '/home/miao/planning_with_ROS2_ws/install/data_plot/share/data_plot/hook/pythonpath.ps1'
[0.965s] INFO:colcon.colcon_core.shell:Creating environment descriptor '/home/miao/planning_with_ROS2_ws/install/data_plot/share/data_plot/hook/pythonpath.dsv'
[0.965s] INFO:colcon.colcon_core.shell:Creating environment hook '/home/miao/planning_with_ROS2_ws/install/data_plot/share/data_plot/hook/pythonpath.sh'
[0.966s] Level 1:colcon.colcon_core.environment:checking '/home/miao/planning_with_ROS2_ws/install/data_plot/bin'
[0.966s] Level 1:colcon.colcon_core.environment:create_environment_scripts_only(data_plot)
[0.966s] INFO:colcon.colcon_core.shell:Creating package script '/home/miao/planning_with_ROS2_ws/install/data_plot/share/data_plot/package.ps1'
[0.966s] INFO:colcon.colcon_core.shell:Creating package descriptor '/home/miao/planning_with_ROS2_ws/install/data_plot/share/data_plot/package.dsv'
[0.966s] INFO:colcon.colcon_core.shell:Creating package script '/home/miao/planning_with_ROS2_ws/install/data_plot/share/data_plot/package.sh'
[0.967s] INFO:colcon.colcon_core.shell:Creating package script '/home/miao/planning_with_ROS2_ws/install/data_plot/share/data_plot/package.bash'
[0.967s] INFO:colcon.colcon_core.shell:Creating package script '/home/miao/planning_with_ROS2_ws/install/data_plot/share/data_plot/package.zsh'
[0.967s] Level 1:colcon.colcon_core.environment:create_file_with_runtime_dependencies(/home/miao/planning_with_ROS2_ws/install/data_plot/share/colcon-core/packages/data_plot)
[6.117s] DEBUG:colcon.colcon_core.event_handler.log_command:Invoked command in '/home/miao/planning_with_ROS2_ws/build/planning' returned '0': CMAKE_PREFIX_PATH=/home/miao/planning_with_ROS2_ws/install/base_msgs:/home/miao/planning_with_ROS2_ws/install/planning:/home/miao/planning_with_ROS2_ws/install/data_plot:/opt/ros/humble LD_LIBRARY_PATH=/home/miao/planning_with_ROS2_ws/install/base_msgs/lib:/home/miao/planning_with_ROS2_ws/install/planning/lib:/home/miao/planning_with_ROS2_ws/install/planning/lib:/home/miao/planning_with_ROS2_ws/install/planning/lib:/usr/lib/x86_64-linux-gnu/gazebo-11/plugins:/opt/ros/humble/opt/rviz_ogre_vendor/lib:/opt/ros/humble/lib/x86_64-linux-gnu:/opt/ros/humble/lib /usr/bin/cmake --build /home/miao/planning_with_ROS2_ws/build/planning -- -j20 -l20
[6.118s] DEBUG:colcon.colcon_core.event_handler.log_command:Invoking command in '/home/miao/planning_with_ROS2_ws/build/planning': CMAKE_PREFIX_PATH=/home/miao/planning_with_ROS2_ws/install/base_msgs:/home/miao/planning_with_ROS2_ws/install/planning:/home/miao/planning_with_ROS2_ws/install/data_plot:/opt/ros/humble LD_LIBRARY_PATH=/home/miao/planning_with_ROS2_ws/install/base_msgs/lib:/home/miao/planning_with_ROS2_ws/install/planning/lib:/home/miao/planning_with_ROS2_ws/install/planning/lib:/home/miao/planning_with_ROS2_ws/install/planning/lib:/usr/lib/x86_64-linux-gnu/gazebo-11/plugins:/opt/ros/humble/opt/rviz_ogre_vendor/lib:/opt/ros/humble/lib/x86_64-linux-gnu:/opt/ros/humble/lib /usr/bin/cmake --install /home/miao/planning_with_ROS2_ws/build/planning
[6.130s] Level 1:colcon.colcon_core.environment:create_environment_scripts_only(planning)
[6.131s] Level 1:colcon.colcon_core.environment:checking '/home/miao/planning_with_ROS2_ws/install/planning' for CMake module files
[6.131s] DEBUG:colcon.colcon_core.event_handler.log_command:Invoked command in '/home/miao/planning_with_ROS2_ws/build/planning' returned '0': CMAKE_PREFIX_PATH=/home/miao/planning_with_ROS2_ws/install/base_msgs:/home/miao/planning_with_ROS2_ws/install/planning:/home/miao/planning_with_ROS2_ws/install/data_plot:/opt/ros/humble LD_LIBRARY_PATH=/home/miao/planning_with_ROS2_ws/install/base_msgs/lib:/home/miao/planning_with_ROS2_ws/install/planning/lib:/home/miao/planning_with_ROS2_ws/install/planning/lib:/home/miao/planning_with_ROS2_ws/install/planning/lib:/usr/lib/x86_64-linux-gnu/gazebo-11/plugins:/opt/ros/humble/opt/rviz_ogre_vendor/lib:/opt/ros/humble/lib/x86_64-linux-gnu:/opt/ros/humble/lib /usr/bin/cmake --install /home/miao/planning_with_ROS2_ws/build/planning
[6.131s] Level 1:colcon.colcon_core.environment:checking '/home/miao/planning_with_ROS2_ws/install/planning' for CMake config files
[6.131s] Level 1:colcon.colcon_core.shell:create_environment_hook('planning', 'cmake_prefix_path')
[6.131s] INFO:colcon.colcon_core.shell:Creating environment hook '/home/miao/planning_with_ROS2_ws/install/planning/share/planning/hook/cmake_prefix_path.ps1'
[6.132s] INFO:colcon.colcon_core.shell:Creating environment descriptor '/home/miao/planning_with_ROS2_ws/install/planning/share/planning/hook/cmake_prefix_path.dsv'
[6.132s] INFO:colcon.colcon_core.shell:Creating environment hook '/home/miao/planning_with_ROS2_ws/install/planning/share/planning/hook/cmake_prefix_path.sh'
[6.132s] Level 1:colcon.colcon_core.environment:checking '/home/miao/planning_with_ROS2_ws/install/planning/lib'
[6.132s] Level 1:colcon.colcon_core.shell:create_environment_hook('planning', 'ld_library_path_lib')
[6.132s] INFO:colcon.colcon_core.shell:Creating environment hook '/home/miao/planning_with_ROS2_ws/install/planning/share/planning/hook/ld_library_path_lib.ps1'
[6.133s] INFO:colcon.colcon_core.shell:Creating environment descriptor '/home/miao/planning_with_ROS2_ws/install/planning/share/planning/hook/ld_library_path_lib.dsv'
[6.133s] INFO:colcon.colcon_core.shell:Creating environment hook '/home/miao/planning_with_ROS2_ws/install/planning/share/planning/hook/ld_library_path_lib.sh'
[6.133s] Level 1:colcon.colcon_core.environment:checking '/home/miao/planning_with_ROS2_ws/install/planning/bin'
[6.133s] Level 1:colcon.colcon_core.environment:checking '/home/miao/planning_with_ROS2_ws/install/planning/lib/pkgconfig/planning.pc'
[6.133s] Level 1:colcon.colcon_core.environment:checking '/home/miao/planning_with_ROS2_ws/install/planning/lib/python3.10/site-packages'
[6.133s] Level 1:colcon.colcon_core.environment:checking '/home/miao/planning_with_ROS2_ws/install/planning/bin'
[6.133s] INFO:colcon.colcon_core.shell:Creating package script '/home/miao/planning_with_ROS2_ws/install/planning/share/planning/package.ps1'
[6.133s] INFO:colcon.colcon_core.shell:Creating package descriptor '/home/miao/planning_with_ROS2_ws/install/planning/share/planning/package.dsv'
[6.134s] INFO:colcon.colcon_core.shell:Creating package script '/home/miao/planning_with_ROS2_ws/install/planning/share/planning/package.sh'
[6.134s] INFO:colcon.colcon_core.shell:Creating package script '/home/miao/planning_with_ROS2_ws/install/planning/share/planning/package.bash'
[6.134s] INFO:colcon.colcon_core.shell:Creating package script '/home/miao/planning_with_ROS2_ws/install/planning/share/planning/package.zsh'
[6.134s] Level 1:colcon.colcon_core.environment:create_file_with_runtime_dependencies(/home/miao/planning_with_ROS2_ws/install/planning/share/colcon-core/packages/planning)
[6.135s] Level 1:colcon.colcon_core.environment:create_environment_scripts_only(planning)
[6.135s] Level 1:colcon.colcon_core.environment:checking '/home/miao/planning_with_ROS2_ws/install/planning' for CMake module files
[6.135s] Level 1:colcon.colcon_core.environment:checking '/home/miao/planning_with_ROS2_ws/install/planning' for CMake config files
[6.135s] Level 1:colcon.colcon_core.shell:create_environment_hook('planning', 'cmake_prefix_path')
[6.135s] INFO:colcon.colcon_core.shell:Creating environment hook '/home/miao/planning_with_ROS2_ws/install/planning/share/planning/hook/cmake_prefix_path.ps1'
[6.135s] INFO:colcon.colcon_core.shell:Creating environment descriptor '/home/miao/planning_with_ROS2_ws/install/planning/share/planning/hook/cmake_prefix_path.dsv'
[6.136s] INFO:colcon.colcon_core.shell:Creating environment hook '/home/miao/planning_with_ROS2_ws/install/planning/share/planning/hook/cmake_prefix_path.sh'
[6.136s] Level 1:colcon.colcon_core.environment:checking '/home/miao/planning_with_ROS2_ws/install/planning/lib'
[6.136s] Level 1:colcon.colcon_core.shell:create_environment_hook('planning', 'ld_library_path_lib')
[6.136s] INFO:colcon.colcon_core.shell:Creating environment hook '/home/miao/planning_with_ROS2_ws/install/planning/share/planning/hook/ld_library_path_lib.ps1'
[6.136s] INFO:colcon.colcon_core.shell:Creating environment descriptor '/home/miao/planning_with_ROS2_ws/install/planning/share/planning/hook/ld_library_path_lib.dsv'
[6.136s] INFO:colcon.colcon_core.shell:Creating environment hook '/home/miao/planning_with_ROS2_ws/install/planning/share/planning/hook/ld_library_path_lib.sh'
[6.137s] Level 1:colcon.colcon_core.environment:checking '/home/miao/planning_with_ROS2_ws/install/planning/bin'
[6.137s] Level 1:colcon.colcon_core.environment:checking '/home/miao/planning_with_ROS2_ws/install/planning/lib/pkgconfig/planning.pc'
[6.137s] Level 1:colcon.colcon_core.environment:checking '/home/miao/planning_with_ROS2_ws/install/planning/lib/python3.10/site-packages'
[6.137s] Level 1:colcon.colcon_core.environment:checking '/home/miao/planning_with_ROS2_ws/install/planning/bin'
[6.137s] INFO:colcon.colcon_core.shell:Creating package script '/home/miao/planning_with_ROS2_ws/install/planning/share/planning/package.ps1'
[6.137s] INFO:colcon.colcon_core.shell:Creating package descriptor '/home/miao/planning_with_ROS2_ws/install/planning/share/planning/package.dsv'
[6.137s] INFO:colcon.colcon_core.shell:Creating package script '/home/miao/planning_with_ROS2_ws/install/planning/share/planning/package.sh'
[6.138s] INFO:colcon.colcon_core.shell:Creating package script '/home/miao/planning_with_ROS2_ws/install/planning/share/planning/package.bash'
[6.138s] INFO:colcon.colcon_core.shell:Creating package script '/home/miao/planning_with_ROS2_ws/install/planning/share/planning/package.zsh'
[6.138s] Level 1:colcon.colcon_core.environment:create_file_with_runtime_dependencies(/home/miao/planning_with_ROS2_ws/install/planning/share/colcon-core/packages/planning)
[6.138s] DEBUG:colcon.colcon_parallel_executor.executor.parallel:closing loop
[6.138s] DEBUG:colcon.colcon_parallel_executor.executor.parallel:loop closed
[6.139s] DEBUG:colcon.colcon_parallel_executor.executor.parallel:run_until_complete finished with '0'
[6.139s] DEBUG:colcon.colcon_core.event_reactor:joining thread
[6.142s] INFO:colcon.colcon_core.plugin_system:Skipping extension 'colcon_notification.desktop_notification.terminal_notifier': Not used on non-Darwin systems
[6.142s] INFO:colcon.colcon_core.plugin_system:Skipping extension 'colcon_notification.desktop_notification.win32': Not used on non-Windows systems
[6.142s] INFO:colcon.colcon_notification.desktop_notification:Sending desktop notification using 'notify2'
[6.148s] DEBUG:colcon.colcon_core.event_reactor:joined thread
[6.148s] INFO:colcon.colcon_core.shell:Creating prefix script '/home/miao/planning_with_ROS2_ws/install/local_setup.ps1'
[6.149s] INFO:colcon.colcon_core.shell:Creating prefix util module '/home/miao/planning_with_ROS2_ws/install/_local_setup_util_ps1.py'
[6.150s] INFO:colcon.colcon_core.shell:Creating prefix chain script '/home/miao/planning_with_ROS2_ws/install/setup.ps1'
[6.150s] INFO:colcon.colcon_core.shell:Creating prefix script '/home/miao/planning_with_ROS2_ws/install/local_setup.sh'
[6.151s] INFO:colcon.colcon_core.shell:Creating prefix util module '/home/miao/planning_with_ROS2_ws/install/_local_setup_util_sh.py'
[6.151s] INFO:colcon.colcon_core.shell:Creating prefix chain script '/home/miao/planning_with_ROS2_ws/install/setup.sh'
[6.151s] INFO:colcon.colcon_core.shell:Creating prefix script '/home/miao/planning_with_ROS2_ws/install/local_setup.bash'
[6.152s] INFO:colcon.colcon_core.shell:Creating prefix chain script '/home/miao/planning_with_ROS2_ws/install/setup.bash'
[6.152s] INFO:colcon.colcon_core.shell:Creating prefix script '/home/miao/planning_with_ROS2_ws/install/local_setup.zsh'
[6.152s] INFO:colcon.colcon_core.shell:Creating prefix chain script '/home/miao/planning_with_ROS2_ws/install/setup.zsh'
