[0.125s] Invoking command in '/home/miao/planning_with_ROS2_ws/build/planning': CMAKE_PREFIX_PATH=/opt/ros/humble PS1=\u@\h \[\033[01;36m\]\W\[\033[01;32m\]$(git_branch)\[\033[00m\] \$ /usr/bin/cmake /home/miao/planning_with_ROS2_ws/src/planning -DCMAKE_INSTALL_PREFIX=/home/miao/planning_with_ROS2_ws/install/planning
[0.160s] -- The C compiler identification is GNU 11.4.0
[0.193s] -- The CXX compiler identification is GNU 11.4.0
[0.197s] -- Detecting C compiler ABI info
[0.245s] -- Detecting C compiler ABI info - done
[0.249s] -- Check for working C compiler: /usr/bin/cc - skipped
[0.249s] -- Detecting C compile features
[0.249s] -- Detecting C compile features - done
[0.250s] -- Detecting CXX compiler ABI info
[0.306s] -- Detecting CXX compiler ABI info - done
[0.313s] -- Check for working CXX compiler: /usr/bin/c++ - skipped
[0.313s] -- Detecting CXX compile features
[0.313s] -- Detecting CXX compile features - done
[0.315s] -- Found ament_cmake: 1.3.11 (/opt/ros/humble/share/ament_cmake/cmake)
[0.423s] -- Found Python3: /usr/bin/python3 (found version "3.10.12") found components: Interpreter 
[0.467s] -- Found rclcpp: 16.0.11 (/opt/ros/humble/share/rclcpp/cmake)
[0.494s] -- Found rosidl_generator_c: 3.1.6 (/opt/ros/humble/share/rosidl_generator_c/cmake)
[0.497s] -- Found rosidl_adapter: 3.1.6 (/opt/ros/humble/share/rosidl_adapter/cmake)
[0.501s] -- Found rosidl_generator_cpp: 3.1.6 (/opt/ros/humble/share/rosidl_generator_cpp/cmake)
[0.509s] -- Using all available rosidl_typesupport_c: rosidl_typesupport_fastrtps_c;rosidl_typesupport_introspection_c
[0.519s] -- Using all available rosidl_typesupport_cpp: rosidl_typesupport_fastrtps_cpp;rosidl_typesupport_introspection_cpp
[0.544s] -- Found rmw_implementation_cmake: 6.1.2 (/opt/ros/humble/share/rmw_implementation_cmake/cmake)
[0.546s] -- Found rmw_fastrtps_cpp: 6.2.7 (/opt/ros/humble/share/rmw_fastrtps_cpp/cmake)
[0.604s] -- Found OpenSSL: /usr/lib/x86_64-linux-gnu/libcrypto.so (found version "3.0.2")  
[0.621s] -- Found FastRTPS: /opt/ros/humble/include  
[0.645s] -- Using RMW implementation 'rmw_fastrtps_cpp' as default
[0.653s] -- Looking for pthread.h
[0.703s] -- Looking for pthread.h - found
[0.704s] -- Performing Test CMAKE_HAVE_LIBC_PTHREAD
[0.753s] -- Performing Test CMAKE_HAVE_LIBC_PTHREAD - Success
[0.754s] -- Found Threads: TRUE  
[0.785s] -- Found ament_lint_auto: 0.12.11 (/opt/ros/humble/share/ament_lint_auto/cmake)
[0.822s] -- Added test 'cppcheck' to perform static code analysis on C / C++ code
[0.822s] -- Configured cppcheck include dirs: $<BUILD_INTERFACE:/home/miao/planning_with_ROS2_ws/src/planning/include>
[0.822s] -- Configured cppcheck exclude dirs and/or files: 
[0.822s] -- Added test 'lint_cmake' to check CMake code style
[0.823s] -- Added test 'uncrustify' to check C / C++ code style
[0.823s] -- Configured uncrustify additional arguments: 
[0.823s] -- Added test 'xmllint' to check XML markup files
[0.823s] -- Configuring done
[0.827s] -- Generating done
[0.828s] -- Build files have been written to: /home/miao/planning_with_ROS2_ws/build/planning
[0.834s] Invoked command in '/home/miao/planning_with_ROS2_ws/build/planning' returned '0': CMAKE_PREFIX_PATH=/opt/ros/humble PS1=\u@\h \[\033[01;36m\]\W\[\033[01;32m\]$(git_branch)\[\033[00m\] \$ /usr/bin/cmake /home/miao/planning_with_ROS2_ws/src/planning -DCMAKE_INSTALL_PREFIX=/home/miao/planning_with_ROS2_ws/install/planning
[0.834s] Invoking command in '/home/miao/planning_with_ROS2_ws/build/planning': CMAKE_PREFIX_PATH=/opt/ros/humble PS1=\u@\h \[\033[01;36m\]\W\[\033[01;32m\]$(git_branch)\[\033[00m\] \$ /usr/bin/cmake --build /home/miao/planning_with_ROS2_ws/build/planning -- -j20 -l20
[0.869s] [ 50%] [32mBuilding CXX object CMakeFiles/planning_node.dir/src/planning_node.cpp.o[0m
[0.896s] [100%] [32m[1mLinking CXX executable planning_node[0m
[0.942s] [100%] Built target planning_node
[0.950s] Invoked command in '/home/miao/planning_with_ROS2_ws/build/planning' returned '0': CMAKE_PREFIX_PATH=/opt/ros/humble PS1=\u@\h \[\033[01;36m\]\W\[\033[01;32m\]$(git_branch)\[\033[00m\] \$ /usr/bin/cmake --build /home/miao/planning_with_ROS2_ws/build/planning -- -j20 -l20
[0.951s] Invoking command in '/home/miao/planning_with_ROS2_ws/build/planning': CMAKE_PREFIX_PATH=/opt/ros/humble PS1=\u@\h \[\033[01;36m\]\W\[\033[01;32m\]$(git_branch)\[\033[00m\] \$ /usr/bin/cmake --install /home/miao/planning_with_ROS2_ws/build/planning
[0.957s] -- Install configuration: ""
[0.957s] -- Installing: /home/miao/planning_with_ROS2_ws/install/planning/lib/planning/planning_node
[0.957s] -- Set runtime path of "/home/miao/planning_with_ROS2_ws/install/planning/lib/planning/planning_node" to ""
[0.957s] -- Installing: /home/miao/planning_with_ROS2_ws/install/planning/share/ament_index/resource_index/package_run_dependencies/planning
[0.957s] -- Installing: /home/miao/planning_with_ROS2_ws/install/planning/share/ament_index/resource_index/parent_prefix_path/planning
[0.957s] -- Installing: /home/miao/planning_with_ROS2_ws/install/planning/share/planning/environment/ament_prefix_path.sh
[0.957s] -- Installing: /home/miao/planning_with_ROS2_ws/install/planning/share/planning/environment/ament_prefix_path.dsv
[0.957s] -- Installing: /home/miao/planning_with_ROS2_ws/install/planning/share/planning/environment/path.sh
[0.957s] -- Installing: /home/miao/planning_with_ROS2_ws/install/planning/share/planning/environment/path.dsv
[0.957s] -- Installing: /home/miao/planning_with_ROS2_ws/install/planning/share/planning/local_setup.bash
[0.957s] -- Installing: /home/miao/planning_with_ROS2_ws/install/planning/share/planning/local_setup.sh
[0.957s] -- Installing: /home/miao/planning_with_ROS2_ws/install/planning/share/planning/local_setup.zsh
[0.957s] -- Installing: /home/miao/planning_with_ROS2_ws/install/planning/share/planning/local_setup.dsv
[0.957s] -- Installing: /home/miao/planning_with_ROS2_ws/install/planning/share/planning/package.dsv
[0.957s] -- Installing: /home/miao/planning_with_ROS2_ws/install/planning/share/ament_index/resource_index/packages/planning
[0.957s] -- Installing: /home/miao/planning_with_ROS2_ws/install/planning/share/planning/cmake/planningConfig.cmake
[0.957s] -- Installing: /home/miao/planning_with_ROS2_ws/install/planning/share/planning/cmake/planningConfig-version.cmake
[0.957s] -- Installing: /home/miao/planning_with_ROS2_ws/install/planning/share/planning/package.xml
[0.958s] Invoked command in '/home/miao/planning_with_ROS2_ws/build/planning' returned '0': CMAKE_PREFIX_PATH=/opt/ros/humble PS1=\u@\h \[\033[01;36m\]\W\[\033[01;32m\]$(git_branch)\[\033[00m\] \$ /usr/bin/cmake --install /home/miao/planning_with_ROS2_ws/build/planning
