[0.007s] Invoking command in '/home/miao/planning_with_ROS2_ws/build/base_msgs': CMAKE_PREFIX_PATH=${CMAKE_PREFIX_PATH}:/home/miao/planning_with_ROS2_ws/install/data_plot:/opt/ros/humble /usr/bin/cmake /home/miao/planning_with_ROS2_ws/src/base_msgs -DCMAKE_INSTALL_PREFIX=/home/miao/planning_with_ROS2_ws/install/base_msgs
[0.096s] -- The C compiler identification is GNU 12.3.0
[0.137s] -- The CXX compiler identification is GNU 11.4.0
[0.143s] -- Detecting C compiler ABI info
[0.197s] -- Detecting C compiler ABI info - done
[0.203s] -- Check for working C compiler: /usr/bin/cc - skipped
[0.204s] -- Detecting C compile features
[0.205s] -- Detecting C compile features - done
[0.208s] -- Detecting CXX compiler ABI info
[0.265s] -- Detecting CXX compiler ABI info - done
[0.269s] -- Check for working CXX compiler: /usr/bin/c++ - skipped
[0.269s] -- Detecting CXX compile features
[0.270s] -- Detecting CXX compile features - done
[0.272s] -- Found ament_cmake: 1.3.11 (/opt/ros/humble/share/ament_cmake/cmake)
[0.384s] -- Found Python3: /usr/bin/python3 (found version "3.10.12") found components: Interpreter 
[0.447s] -- Found rosidl_default_generators: 1.2.0 (/opt/ros/humble/share/rosidl_default_generators/cmake)
[0.450s] -- Using all available rosidl_typesupport_c: rosidl_typesupport_fastrtps_c;rosidl_typesupport_introspection_c
[0.455s] -- Found rosidl_adapter: 3.1.6 (/opt/ros/humble/share/rosidl_adapter/cmake)
[0.480s] -- Using all available rosidl_typesupport_cpp: rosidl_typesupport_fastrtps_cpp;rosidl_typesupport_introspection_cpp
[0.500s] -- Found visualization_msgs: 4.2.4 (/opt/ros/humble/share/visualization_msgs/cmake)
[0.551s] -- Found nav_msgs: 4.2.4 (/opt/ros/humble/share/nav_msgs/cmake)
[0.781s] -- Found ament_cmake_ros: 0.10.0 (/opt/ros/humble/share/ament_cmake_ros/cmake)
[0.954s] -- Using all available rosidl_typesupport_c: rosidl_typesupport_fastrtps_c;rosidl_typesupport_introspection_c
[1.191s] -- Using all available rosidl_typesupport_cpp: rosidl_typesupport_fastrtps_cpp;rosidl_typesupport_introspection_cpp
[1.207s] -- Found PythonInterp: /usr/bin/python3 (found suitable version "3.10.12", minimum required is "3.6") 
[1.208s] -- Found python_cmake_module: 0.10.0 (/opt/ros/humble/share/python_cmake_module/cmake)
[1.226s] -- Found PythonLibs: /usr/lib/x86_64-linux-gnu/libpython3.10.so (found suitable version "3.10.12", minimum required is "3.5") 
[1.226s] -- Using PYTHON_EXECUTABLE: /usr/bin/python3
[1.226s] -- Using PYTHON_INCLUDE_DIRS: /usr/include/python3.10
[1.226s] -- Using PYTHON_LIBRARIES: /usr/lib/x86_64-linux-gnu/libpython3.10.so
[1.239s] -- Found PythonExtra: .so  
[1.284s] -- Found ament_lint_auto: 0.12.11 (/opt/ros/humble/share/ament_lint_auto/cmake)
[1.296s] -- Added test 'lint_cmake' to check CMake code style
[1.297s] -- Added test 'xmllint' to check XML markup files
[1.298s] -- Configuring done
[1.330s] -- Generating done
[1.338s] -- Build files have been written to: /home/miao/planning_with_ROS2_ws/build/base_msgs
[1.345s] Invoked command in '/home/miao/planning_with_ROS2_ws/build/base_msgs' returned '0': CMAKE_PREFIX_PATH=${CMAKE_PREFIX_PATH}:/home/miao/planning_with_ROS2_ws/install/data_plot:/opt/ros/humble /usr/bin/cmake /home/miao/planning_with_ROS2_ws/src/base_msgs -DCMAKE_INSTALL_PREFIX=/home/miao/planning_with_ROS2_ws/install/base_msgs
[1.346s] Invoking command in '/home/miao/planning_with_ROS2_ws/build/base_msgs': CMAKE_PREFIX_PATH=${CMAKE_PREFIX_PATH}:/home/miao/planning_with_ROS2_ws/install/data_plot:/opt/ros/humble /usr/bin/cmake --build /home/miao/planning_with_ROS2_ws/build/base_msgs -- -j20 -l20
[1.377s] [  1%] [34m[1mGenerating C code for ROS interfaces[0m
[1.385s] [  1%] [34m[1mGenerating C++ code for ROS interfaces[0m
[1.390s] [  1%] Built target ament_cmake_python_copy_base_msgs
[1.514s] running egg_info
[1.514s] creating base_msgs.egg-info
[1.514s] writing base_msgs.egg-info/PKG-INFO
[1.515s] writing dependency_links to base_msgs.egg-info/dependency_links.txt
[1.515s] writing top-level names to base_msgs.egg-info/top_level.txt
[1.515s] writing manifest file 'base_msgs.egg-info/SOURCES.txt'
[1.516s] reading manifest file 'base_msgs.egg-info/SOURCES.txt'
[1.516s] writing manifest file 'base_msgs.egg-info/SOURCES.txt'
[1.538s] [  1%] Built target ament_cmake_python_build_base_msgs_egg
[2.146s] [  2%] [32mBuilding C object CMakeFiles/base_msgs__rosidl_generator_c.dir/rosidl_generator_c/base_msgs/msg/detail/local_path__functions.c.o[0m
[2.146s] [  2%] [32mBuilding C object CMakeFiles/base_msgs__rosidl_generator_c.dir/rosidl_generator_c/base_msgs/msg/detail/local_path_point__functions.c.o[0m
[2.146s] [  3%] [32mBuilding C object CMakeFiles/base_msgs__rosidl_generator_c.dir/rosidl_generator_c/base_msgs/msg/detail/local_speeds__functions.c.o[0m
[2.149s] [  4%] [32mBuilding C object CMakeFiles/base_msgs__rosidl_generator_c.dir/rosidl_generator_c/base_msgs/msg/detail/local_speeds_point__functions.c.o[0m
[2.150s] [  5%] [32mBuilding C object CMakeFiles/base_msgs__rosidl_generator_c.dir/rosidl_generator_c/base_msgs/msg/detail/local_trajectory__functions.c.o[0m
[2.151s] [  5%] [32mBuilding C object CMakeFiles/base_msgs__rosidl_generator_c.dir/rosidl_generator_c/base_msgs/msg/detail/obs_info__functions.c.o[0m
[2.151s] [  6%] [32mBuilding C object CMakeFiles/base_msgs__rosidl_generator_c.dir/rosidl_generator_c/base_msgs/msg/detail/local_trajectory_point__functions.c.o[0m
[2.151s] [  7%] [32mBuilding C object CMakeFiles/base_msgs__rosidl_generator_c.dir/rosidl_generator_c/base_msgs/msg/detail/plot_info__functions.c.o[0m
[2.151s] [  8%] [32mBuilding C object CMakeFiles/base_msgs__rosidl_generator_c.dir/rosidl_generator_c/base_msgs/msg/detail/pnc_map__functions.c.o[0m
[2.156s] [  9%] [32mBuilding C object CMakeFiles/base_msgs__rosidl_generator_c.dir/rosidl_generator_c/base_msgs/msg/detail/referline__functions.c.o[0m
[2.157s] [  9%] [32mBuilding C object CMakeFiles/base_msgs__rosidl_generator_c.dir/rosidl_generator_c/base_msgs/srv/detail/global_path_service__functions.c.o[0m
[2.158s] [ 11%] [32mBuilding C object CMakeFiles/base_msgs__rosidl_generator_c.dir/rosidl_generator_c/base_msgs/srv/detail/pnc_map_service__functions.c.o[0m
[2.159s] [ 11%] [32mBuilding C object CMakeFiles/base_msgs__rosidl_generator_c.dir/rosidl_generator_c/base_msgs/msg/detail/referline_point__functions.c.o[0m
[2.176s] [ 11%] Built target base_msgs__cpp
[2.184s] [ 12%] [34m[1mGenerating C++ type support dispatch for ROS interfaces[0m
[2.184s] [ 13%] [34m[1mGenerating C++ type support for eProsima Fast-RTPS[0m
[2.185s] [ 13%] [34m[1mGenerating C++ introspection for ROS interfaces[0m
[2.215s] [ 14%] [32m[1mLinking C shared library libbase_msgs__rosidl_generator_c.so[0m
[2.243s] [ 14%] Built target base_msgs__rosidl_generator_c
[2.250s] [ 15%] [34m[1mGenerating C type support dispatch for ROS interfaces[0m
[2.251s] [ 16%] [34m[1mGenerating C type support for eProsima Fast-RTPS[0m
[2.251s] [ 17%] [34m[1mGenerating C introspection for ROS interfaces[0m
[2.786s] [ 18%] [32mBuilding CXX object CMakeFiles/base_msgs__rosidl_typesupport_cpp.dir/rosidl_typesupport_cpp/base_msgs/msg/local_trajectory__type_support.cpp.o[0m
[2.787s] [ 20%] [32mBuilding CXX object CMakeFiles/base_msgs__rosidl_typesupport_cpp.dir/rosidl_typesupport_cpp/base_msgs/msg/local_speeds_point__type_support.cpp.o[0m
[2.787s] [ 20%] [32mBuilding CXX object CMakeFiles/base_msgs__rosidl_typesupport_cpp.dir/rosidl_typesupport_cpp/base_msgs/msg/obs_info__type_support.cpp.o[0m
[2.787s] [ 22%] [32mBuilding CXX object CMakeFiles/base_msgs__rosidl_typesupport_cpp.dir/rosidl_typesupport_cpp/base_msgs/msg/local_path__type_support.cpp.o[0m
[2.787s] [ 22%] [32mBuilding CXX object CMakeFiles/base_msgs__rosidl_typesupport_cpp.dir/rosidl_typesupport_cpp/base_msgs/msg/local_path_point__type_support.cpp.o[0m
[2.787s] [ 22%] [32mBuilding CXX object CMakeFiles/base_msgs__rosidl_typesupport_cpp.dir/rosidl_typesupport_cpp/base_msgs/msg/local_speeds__type_support.cpp.o[0m
[2.787s] [ 23%] [32mBuilding CXX object CMakeFiles/base_msgs__rosidl_typesupport_cpp.dir/rosidl_typesupport_cpp/base_msgs/msg/pnc_map__type_support.cpp.o[0m
[2.787s] [ 24%] [32mBuilding CXX object CMakeFiles/base_msgs__rosidl_typesupport_cpp.dir/rosidl_typesupport_cpp/base_msgs/msg/local_trajectory_point__type_support.cpp.o[0m
[2.787s] [ 25%] [32mBuilding CXX object CMakeFiles/base_msgs__rosidl_typesupport_cpp.dir/rosidl_typesupport_cpp/base_msgs/srv/global_path_service__type_support.cpp.o[0m
[2.787s] [ 25%] [32mBuilding CXX object CMakeFiles/base_msgs__rosidl_typesupport_cpp.dir/rosidl_typesupport_cpp/base_msgs/msg/plot_info__type_support.cpp.o[0m
[2.787s] [ 26%] [32mBuilding CXX object CMakeFiles/base_msgs__rosidl_typesupport_cpp.dir/rosidl_typesupport_cpp/base_msgs/msg/referline__type_support.cpp.o[0m
[2.787s] [ 27%] [32mBuilding CXX object CMakeFiles/base_msgs__rosidl_typesupport_cpp.dir/rosidl_typesupport_cpp/base_msgs/msg/referline_point__type_support.cpp.o[0m
[2.787s] [ 27%] [32mBuilding CXX object CMakeFiles/base_msgs__rosidl_typesupport_cpp.dir/rosidl_typesupport_cpp/base_msgs/srv/pnc_map_service__type_support.cpp.o[0m
[2.862s] [ 27%] [32mBuilding CXX object CMakeFiles/base_msgs__rosidl_typesupport_c.dir/rosidl_typesupport_c/base_msgs/msg/local_path__type_support.cpp.o[0m
[2.878s] [ 28%] [32mBuilding CXX object CMakeFiles/base_msgs__rosidl_typesupport_c.dir/rosidl_typesupport_c/base_msgs/msg/local_path_point__type_support.cpp.o[0m
[2.883s] [ 29%] [32mBuilding CXX object CMakeFiles/base_msgs__rosidl_typesupport_c.dir/rosidl_typesupport_c/base_msgs/msg/local_speeds__type_support.cpp.o[0m
[2.910s] [ 30%] [32mBuilding CXX object CMakeFiles/base_msgs__rosidl_typesupport_c.dir/rosidl_typesupport_c/base_msgs/msg/local_speeds_point__type_support.cpp.o[0m
[2.921s] [ 31%] [32mBuilding CXX object CMakeFiles/base_msgs__rosidl_typesupport_c.dir/rosidl_typesupport_c/base_msgs/msg/local_trajectory__type_support.cpp.o[0m
[2.924s] [ 31%] [32mBuilding CXX object CMakeFiles/base_msgs__rosidl_typesupport_c.dir/rosidl_typesupport_c/base_msgs/msg/local_trajectory_point__type_support.cpp.o[0m
[2.950s] [ 32%] [32mBuilding CXX object CMakeFiles/base_msgs__rosidl_typesupport_c.dir/rosidl_typesupport_c/base_msgs/msg/obs_info__type_support.cpp.o[0m
[2.951s] [ 33%] [32mBuilding CXX object CMakeFiles/base_msgs__rosidl_typesupport_c.dir/rosidl_typesupport_c/base_msgs/msg/plot_info__type_support.cpp.o[0m
[2.966s] [ 34%] [32mBuilding CXX object CMakeFiles/base_msgs__rosidl_typesupport_c.dir/rosidl_typesupport_c/base_msgs/msg/pnc_map__type_support.cpp.o[0m
[2.981s] [ 35%] [32mBuilding CXX object CMakeFiles/base_msgs__rosidl_typesupport_c.dir/rosidl_typesupport_c/base_msgs/msg/referline__type_support.cpp.o[0m
[2.984s] [ 35%] [32mBuilding CXX object CMakeFiles/base_msgs__rosidl_typesupport_c.dir/rosidl_typesupport_c/base_msgs/msg/referline_point__type_support.cpp.o[0m
[3.004s] [ 37%] [32mBuilding CXX object CMakeFiles/base_msgs__rosidl_typesupport_c.dir/rosidl_typesupport_c/base_msgs/srv/global_path_service__type_support.cpp.o[0m
[3.004s] [ 37%] [32mBuilding CXX object CMakeFiles/base_msgs__rosidl_typesupport_introspection_cpp.dir/rosidl_typesupport_introspection_cpp/base_msgs/msg/detail/local_path__type_support.cpp.o[0m
[3.005s] [ 38%] [32mBuilding CXX object CMakeFiles/base_msgs__rosidl_typesupport_c.dir/rosidl_typesupport_c/base_msgs/srv/pnc_map_service__type_support.cpp.o[0m
[3.019s] [ 39%] [32mBuilding CXX object CMakeFiles/base_msgs__rosidl_typesupport_introspection_cpp.dir/rosidl_typesupport_introspection_cpp/base_msgs/msg/detail/local_path_point__type_support.cpp.o[0m
[3.021s] [ 40%] [32mBuilding CXX object CMakeFiles/base_msgs__rosidl_typesupport_introspection_cpp.dir/rosidl_typesupport_introspection_cpp/base_msgs/msg/detail/local_speeds__type_support.cpp.o[0m
[3.022s] [ 41%] [32mBuilding CXX object CMakeFiles/base_msgs__rosidl_typesupport_introspection_cpp.dir/rosidl_typesupport_introspection_cpp/base_msgs/msg/detail/local_speeds_point__type_support.cpp.o[0m
[3.027s] [ 41%] [32mBuilding CXX object CMakeFiles/base_msgs__rosidl_typesupport_introspection_cpp.dir/rosidl_typesupport_introspection_cpp/base_msgs/msg/detail/local_trajectory__type_support.cpp.o[0m
[3.032s] [ 42%] [32mBuilding CXX object CMakeFiles/base_msgs__rosidl_typesupport_introspection_cpp.dir/rosidl_typesupport_introspection_cpp/base_msgs/msg/detail/local_trajectory_point__type_support.cpp.o[0m
[3.040s] [ 43%] [32mBuilding CXX object CMakeFiles/base_msgs__rosidl_typesupport_introspection_cpp.dir/rosidl_typesupport_introspection_cpp/base_msgs/msg/detail/obs_info__type_support.cpp.o[0m
[3.040s] [ 44%] [32mBuilding CXX object CMakeFiles/base_msgs__rosidl_typesupport_introspection_cpp.dir/rosidl_typesupport_introspection_cpp/base_msgs/msg/detail/plot_info__type_support.cpp.o[0m
[3.045s] [ 45%] [32m[1mLinking CXX shared library libbase_msgs__rosidl_typesupport_c.so[0m
[3.054s] [ 46%] [32mBuilding CXX object CMakeFiles/base_msgs__rosidl_typesupport_introspection_cpp.dir/rosidl_typesupport_introspection_cpp/base_msgs/msg/detail/pnc_map__type_support.cpp.o[0m
[3.055s] [ 46%] [32mBuilding CXX object CMakeFiles/base_msgs__rosidl_typesupport_introspection_cpp.dir/rosidl_typesupport_introspection_cpp/base_msgs/msg/detail/referline__type_support.cpp.o[0m
[3.058s] [ 47%] [32mBuilding CXX object CMakeFiles/base_msgs__rosidl_typesupport_introspection_cpp.dir/rosidl_typesupport_introspection_cpp/base_msgs/msg/detail/referline_point__type_support.cpp.o[0m
[3.061s] [ 48%] [32m[1mLinking CXX shared library libbase_msgs__rosidl_typesupport_cpp.so[0m
[3.063s] [ 49%] [32mBuilding CXX object CMakeFiles/base_msgs__rosidl_typesupport_introspection_cpp.dir/rosidl_typesupport_introspection_cpp/base_msgs/srv/detail/global_path_service__type_support.cpp.o[0m
[3.069s] [ 50%] [32mBuilding CXX object CMakeFiles/base_msgs__rosidl_typesupport_introspection_cpp.dir/rosidl_typesupport_introspection_cpp/base_msgs/srv/detail/pnc_map_service__type_support.cpp.o[0m
[3.086s] [ 50%] Built target base_msgs__rosidl_typesupport_c
[3.108s] [ 50%] Built target base_msgs__rosidl_typesupport_cpp
[3.115s] [ 51%] [32mBuilding CXX object CMakeFiles/base_msgs__rosidl_typesupport_fastrtps_cpp.dir/rosidl_typesupport_fastrtps_cpp/base_msgs/msg/detail/dds_fastrtps/local_path__type_support.cpp.o[0m
[3.116s] [ 51%] [32mBuilding CXX object CMakeFiles/base_msgs__rosidl_typesupport_fastrtps_cpp.dir/rosidl_typesupport_fastrtps_cpp/base_msgs/msg/detail/dds_fastrtps/local_speeds_point__type_support.cpp.o[0m
[3.118s] [ 52%] [32mBuilding CXX object CMakeFiles/base_msgs__rosidl_typesupport_fastrtps_cpp.dir/rosidl_typesupport_fastrtps_cpp/base_msgs/msg/detail/dds_fastrtps/local_path_point__type_support.cpp.o[0m
[3.118s] [ 53%] [32mBuilding CXX object CMakeFiles/base_msgs__rosidl_typesupport_fastrtps_cpp.dir/rosidl_typesupport_fastrtps_cpp/base_msgs/msg/detail/dds_fastrtps/local_trajectory__type_support.cpp.o[0m
[3.119s] [ 54%] [32mBuilding CXX object CMakeFiles/base_msgs__rosidl_typesupport_fastrtps_cpp.dir/rosidl_typesupport_fastrtps_cpp/base_msgs/msg/detail/dds_fastrtps/local_speeds__type_support.cpp.o[0m
[3.128s] [ 55%] [32mBuilding C object CMakeFiles/base_msgs__rosidl_typesupport_introspection_c.dir/rosidl_typesupport_introspection_c/base_msgs/msg/detail/local_path__type_support.c.o[0m
[3.166s] [ 56%] [32mBuilding C object CMakeFiles/base_msgs__rosidl_typesupport_introspection_c.dir/rosidl_typesupport_introspection_c/base_msgs/msg/detail/local_path_point__type_support.c.o[0m
[3.202s] [ 56%] [32mBuilding C object CMakeFiles/base_msgs__rosidl_typesupport_introspection_c.dir/rosidl_typesupport_introspection_c/base_msgs/msg/detail/local_speeds__type_support.c.o[0m
[3.240s] [ 57%] [32mBuilding C object CMakeFiles/base_msgs__rosidl_typesupport_introspection_c.dir/rosidl_typesupport_introspection_c/base_msgs/msg/detail/local_speeds_point__type_support.c.o[0m
[3.274s] [ 58%] [32mBuilding C object CMakeFiles/base_msgs__rosidl_typesupport_introspection_c.dir/rosidl_typesupport_introspection_c/base_msgs/msg/detail/local_trajectory__type_support.c.o[0m
[3.325s] [ 59%] [32mBuilding C object CMakeFiles/base_msgs__rosidl_typesupport_introspection_c.dir/rosidl_typesupport_introspection_c/base_msgs/msg/detail/local_trajectory_point__type_support.c.o[0m
[3.325s] [ 60%] [32mBuilding CXX object CMakeFiles/base_msgs__rosidl_typesupport_fastrtps_c.dir/rosidl_typesupport_fastrtps_c/base_msgs/msg/detail/local_path__type_support_c.cpp.o[0m
[3.357s] [ 61%] [32mBuilding C object CMakeFiles/base_msgs__rosidl_typesupport_introspection_c.dir/rosidl_typesupport_introspection_c/base_msgs/msg/detail/obs_info__type_support.c.o[0m
[3.392s] [ 61%] [32mBuilding C object CMakeFiles/base_msgs__rosidl_typesupport_introspection_c.dir/rosidl_typesupport_introspection_c/base_msgs/msg/detail/plot_info__type_support.c.o[0m
[3.398s] [ 61%] [32mBuilding CXX object CMakeFiles/base_msgs__rosidl_typesupport_fastrtps_c.dir/rosidl_typesupport_fastrtps_c/base_msgs/msg/detail/local_path_point__type_support_c.cpp.o[0m
[3.411s] [ 63%] [32mBuilding CXX object CMakeFiles/base_msgs__rosidl_typesupport_fastrtps_cpp.dir/rosidl_typesupport_fastrtps_cpp/base_msgs/msg/detail/dds_fastrtps/local_trajectory_point__type_support.cpp.o[0m
[3.411s] [ 63%] [32mBuilding CXX object CMakeFiles/base_msgs__rosidl_typesupport_fastrtps_cpp.dir/rosidl_typesupport_fastrtps_cpp/base_msgs/msg/detail/dds_fastrtps/obs_info__type_support.cpp.o[0m
[3.415s] [ 65%] [32mBuilding C object CMakeFiles/base_msgs__rosidl_typesupport_introspection_c.dir/rosidl_typesupport_introspection_c/base_msgs/msg/detail/pnc_map__type_support.c.o[0m
[3.415s] [ 65%] [32mBuilding CXX object CMakeFiles/base_msgs__rosidl_typesupport_fastrtps_c.dir/rosidl_typesupport_fastrtps_c/base_msgs/msg/detail/local_speeds__type_support_c.cpp.o[0m
[3.426s] [ 66%] [32mBuilding CXX object CMakeFiles/base_msgs__rosidl_typesupport_fastrtps_cpp.dir/rosidl_typesupport_fastrtps_cpp/base_msgs/msg/detail/dds_fastrtps/plot_info__type_support.cpp.o[0m
[3.435s] [ 67%] [32mBuilding CXX object CMakeFiles/base_msgs__rosidl_typesupport_fastrtps_cpp.dir/rosidl_typesupport_fastrtps_cpp/base_msgs/msg/detail/dds_fastrtps/pnc_map__type_support.cpp.o[0m
[3.435s] [ 67%] [32mBuilding CXX object CMakeFiles/base_msgs__rosidl_typesupport_fastrtps_c.dir/rosidl_typesupport_fastrtps_c/base_msgs/msg/detail/local_speeds_point__type_support_c.cpp.o[0m
[3.442s] [ 68%] [32mBuilding CXX object CMakeFiles/base_msgs__rosidl_typesupport_fastrtps_cpp.dir/rosidl_typesupport_fastrtps_cpp/base_msgs/msg/detail/dds_fastrtps/referline__type_support.cpp.o[0m
[3.458s] [ 69%] [32mBuilding C object CMakeFiles/base_msgs__rosidl_typesupport_introspection_c.dir/rosidl_typesupport_introspection_c/base_msgs/msg/detail/referline__type_support.c.o[0m
[3.476s] [ 70%] [32mBuilding CXX object CMakeFiles/base_msgs__rosidl_typesupport_fastrtps_c.dir/rosidl_typesupport_fastrtps_c/base_msgs/msg/detail/local_trajectory__type_support_c.cpp.o[0m
[3.481s] [ 71%] [32mBuilding CXX object CMakeFiles/base_msgs__rosidl_typesupport_fastrtps_cpp.dir/rosidl_typesupport_fastrtps_cpp/base_msgs/msg/detail/dds_fastrtps/referline_point__type_support.cpp.o[0m
[3.492s] [ 72%] [32mBuilding C object CMakeFiles/base_msgs__rosidl_typesupport_introspection_c.dir/rosidl_typesupport_introspection_c/base_msgs/msg/detail/referline_point__type_support.c.o[0m
[3.518s] [ 72%] [32mBuilding C object CMakeFiles/base_msgs__rosidl_typesupport_introspection_c.dir/rosidl_typesupport_introspection_c/base_msgs/srv/detail/pnc_map_service__type_support.c.o[0m
[3.520s] [ 73%] [32mBuilding C object CMakeFiles/base_msgs__rosidl_typesupport_introspection_c.dir/rosidl_typesupport_introspection_c/base_msgs/srv/detail/global_path_service__type_support.c.o[0m
[3.521s] [ 74%] [32mBuilding CXX object CMakeFiles/base_msgs__rosidl_typesupport_fastrtps_c.dir/rosidl_typesupport_fastrtps_c/base_msgs/msg/detail/local_trajectory_point__type_support_c.cpp.o[0m
[3.531s] [ 75%] [32mBuilding CXX object CMakeFiles/base_msgs__rosidl_typesupport_fastrtps_cpp.dir/rosidl_typesupport_fastrtps_cpp/base_msgs/srv/detail/dds_fastrtps/global_path_service__type_support.cpp.o[0m
[3.544s] [ 76%] [32mBuilding CXX object CMakeFiles/base_msgs__rosidl_typesupport_fastrtps_cpp.dir/rosidl_typesupport_fastrtps_cpp/base_msgs/srv/detail/dds_fastrtps/pnc_map_service__type_support.cpp.o[0m
[3.548s] [ 77%] [32m[1mLinking CXX shared library libbase_msgs__rosidl_typesupport_introspection_cpp.so[0m
[3.556s] [ 77%] [32mBuilding CXX object CMakeFiles/base_msgs__rosidl_typesupport_fastrtps_c.dir/rosidl_typesupport_fastrtps_c/base_msgs/msg/detail/obs_info__type_support_c.cpp.o[0m
[3.570s] [ 79%] [32mBuilding CXX object CMakeFiles/base_msgs__rosidl_typesupport_fastrtps_c.dir/rosidl_typesupport_fastrtps_c/base_msgs/msg/detail/pnc_map__type_support_c.cpp.o[0m
[3.571s] [ 79%] [32mBuilding CXX object CMakeFiles/base_msgs__rosidl_typesupport_fastrtps_c.dir/rosidl_typesupport_fastrtps_c/base_msgs/msg/detail/plot_info__type_support_c.cpp.o[0m
[3.581s] [ 80%] [32m[1mLinking C shared library libbase_msgs__rosidl_typesupport_introspection_c.so[0m
[3.617s] [ 80%] Built target base_msgs__rosidl_typesupport_introspection_c
[3.625s] [ 81%] [32mBuilding CXX object CMakeFiles/base_msgs__rosidl_typesupport_fastrtps_c.dir/rosidl_typesupport_fastrtps_c/base_msgs/msg/detail/referline__type_support_c.cpp.o[0m
[3.659s] [ 81%] Built target base_msgs__rosidl_typesupport_introspection_cpp
[3.668s] [ 82%] [32mBuilding CXX object CMakeFiles/base_msgs__rosidl_typesupport_fastrtps_c.dir/rosidl_typesupport_fastrtps_c/base_msgs/msg/detail/referline_point__type_support_c.cpp.o[0m
[3.693s] [ 82%] [32mBuilding CXX object CMakeFiles/base_msgs__rosidl_typesupport_fastrtps_c.dir/rosidl_typesupport_fastrtps_c/base_msgs/srv/detail/global_path_service__type_support_c.cpp.o[0m
[3.707s] [ 83%] [32mBuilding CXX object CMakeFiles/base_msgs__rosidl_typesupport_fastrtps_c.dir/rosidl_typesupport_fastrtps_c/base_msgs/srv/detail/pnc_map_service__type_support_c.cpp.o[0m
[3.927s] [ 84%] [32m[1mLinking CXX shared library libbase_msgs__rosidl_typesupport_fastrtps_c.so[0m
[3.945s] [ 84%] [32m[1mLinking CXX shared library libbase_msgs__rosidl_typesupport_fastrtps_cpp.so[0m
[3.978s] [ 84%] Built target base_msgs__rosidl_typesupport_fastrtps_c
[3.996s] [ 84%] Built target base_msgs__rosidl_typesupport_fastrtps_cpp
[4.012s] [ 84%] Built target base_msgs
[4.026s] [ 85%] [34m[1mGenerating Python code for ROS interfaces[0m
[5.344s] [ 85%] Built target base_msgs__py
[5.358s] [ 85%] [32mBuilding C object CMakeFiles/base_msgs__rosidl_generator_py.dir/rosidl_generator_py/base_msgs/msg/_local_path_point_s.c.o[0m
[5.358s] [ 86%] [32mBuilding C object CMakeFiles/base_msgs__rosidl_generator_py.dir/rosidl_generator_py/base_msgs/msg/_local_trajectory_s.c.o[0m
[5.358s] [ 87%] [32mBuilding C object CMakeFiles/base_msgs__rosidl_generator_py.dir/rosidl_generator_py/base_msgs/msg/_local_speeds_s.c.o[0m
[5.358s] [ 87%] [32mBuilding C object CMakeFiles/base_msgs__rosidl_generator_py.dir/rosidl_generator_py/base_msgs/msg/_obs_info_s.c.o[0m
[5.358s] [ 88%] [32mBuilding C object CMakeFiles/base_msgs__rosidl_generator_py.dir/rosidl_generator_py/base_msgs/msg/_referline_s.c.o[0m
[5.359s] [ 89%] [32mBuilding C object CMakeFiles/base_msgs__rosidl_generator_py.dir/rosidl_generator_py/base_msgs/msg/_local_path_s.c.o[0m
[5.360s] [ 90%] [32mBuilding C object CMakeFiles/base_msgs__rosidl_generator_py.dir/rosidl_generator_py/base_msgs/srv/_pnc_map_service_s.c.o[0m
[5.360s] [ 91%] [32mBuilding C object CMakeFiles/base_msgs__rosidl_generator_py.dir/rosidl_generator_py/base_msgs/msg/_local_speeds_point_s.c.o[0m
[5.360s] [ 92%] [32mBuilding C object CMakeFiles/base_msgs__rosidl_generator_py.dir/rosidl_generator_py/base_msgs/msg/_local_trajectory_point_s.c.o[0m
[5.360s] [ 93%] [32mBuilding C object CMakeFiles/base_msgs__rosidl_generator_py.dir/rosidl_generator_py/base_msgs/msg/_plot_info_s.c.o[0m
[5.360s] [ 93%] [32mBuilding C object CMakeFiles/base_msgs__rosidl_generator_py.dir/rosidl_generator_py/base_msgs/srv/_global_path_service_s.c.o[0m
[5.361s] [ 94%] [32mBuilding C object CMakeFiles/base_msgs__rosidl_generator_py.dir/rosidl_generator_py/base_msgs/msg/_pnc_map_s.c.o[0m
[5.361s] [ 95%] [32mBuilding C object CMakeFiles/base_msgs__rosidl_generator_py.dir/rosidl_generator_py/base_msgs/msg/_referline_point_s.c.o[0m
[5.481s] [ 96%] [32m[1mLinking C shared library rosidl_generator_py/base_msgs/libbase_msgs__rosidl_generator_py.so[0m
[5.514s] [ 96%] Built target base_msgs__rosidl_generator_py
[5.530s] [ 97%] [32mBuilding C object CMakeFiles/base_msgs__rosidl_typesupport_introspection_c__pyext.dir/rosidl_generator_py/base_msgs/_base_msgs_s.ep.rosidl_typesupport_introspection_c.c.o[0m
[5.530s] [ 98%] [32mBuilding C object CMakeFiles/base_msgs__rosidl_typesupport_fastrtps_c__pyext.dir/rosidl_generator_py/base_msgs/_base_msgs_s.ep.rosidl_typesupport_fastrtps_c.c.o[0m
[5.530s] [ 99%] [32mBuilding C object CMakeFiles/base_msgs__rosidl_typesupport_c__pyext.dir/rosidl_generator_py/base_msgs/_base_msgs_s.ep.rosidl_typesupport_c.c.o[0m
[5.618s] [100%] [32m[1mLinking C shared library rosidl_generator_py/base_msgs/base_msgs_s__rosidl_typesupport_introspection_c.cpython-310-x86_64-linux-gnu.so[0m
[5.618s] [100%] [32m[1mLinking C shared library rosidl_generator_py/base_msgs/base_msgs_s__rosidl_typesupport_c.cpython-310-x86_64-linux-gnu.so[0m
[5.619s] [100%] [32m[1mLinking C shared library rosidl_generator_py/base_msgs/base_msgs_s__rosidl_typesupport_fastrtps_c.cpython-310-x86_64-linux-gnu.so[0m
[5.650s] [100%] Built target base_msgs__rosidl_typesupport_introspection_c__pyext
[5.650s] [100%] Built target base_msgs__rosidl_typesupport_fastrtps_c__pyext
[5.652s] [100%] Built target base_msgs__rosidl_typesupport_c__pyext
[5.663s] Invoked command in '/home/miao/planning_with_ROS2_ws/build/base_msgs' returned '0': CMAKE_PREFIX_PATH=${CMAKE_PREFIX_PATH}:/home/miao/planning_with_ROS2_ws/install/data_plot:/opt/ros/humble /usr/bin/cmake --build /home/miao/planning_with_ROS2_ws/build/base_msgs -- -j20 -l20
[5.670s] Invoking command in '/home/miao/planning_with_ROS2_ws/build/base_msgs': CMAKE_PREFIX_PATH=${CMAKE_PREFIX_PATH}:/home/miao/planning_with_ROS2_ws/install/data_plot:/opt/ros/humble /usr/bin/cmake --install /home/miao/planning_with_ROS2_ws/build/base_msgs
[5.675s] -- Install configuration: ""
[5.675s] -- Installing: /home/miao/planning_with_ROS2_ws/install/base_msgs/share/ament_index/resource_index/rosidl_interfaces/base_msgs
[5.675s] -- Installing: /home/miao/planning_with_ROS2_ws/install/base_msgs/include/base_msgs/base_msgs
[5.675s] -- Installing: /home/miao/planning_with_ROS2_ws/install/base_msgs/include/base_msgs/base_msgs/srv
[5.675s] -- Installing: /home/miao/planning_with_ROS2_ws/install/base_msgs/include/base_msgs/base_msgs/srv/global_path_service.h
[5.675s] -- Installing: /home/miao/planning_with_ROS2_ws/install/base_msgs/include/base_msgs/base_msgs/srv/pnc_map_service.h
[5.675s] -- Installing: /home/miao/planning_with_ROS2_ws/install/base_msgs/include/base_msgs/base_msgs/srv/detail
[5.675s] -- Installing: /home/miao/planning_with_ROS2_ws/install/base_msgs/include/base_msgs/base_msgs/srv/detail/pnc_map_service__struct.h
[5.675s] -- Installing: /home/miao/planning_with_ROS2_ws/install/base_msgs/include/base_msgs/base_msgs/srv/detail/pnc_map_service__functions.c
[5.675s] -- Installing: /home/miao/planning_with_ROS2_ws/install/base_msgs/include/base_msgs/base_msgs/srv/detail/global_path_service__struct.h
[5.675s] -- Installing: /home/miao/planning_with_ROS2_ws/install/base_msgs/include/base_msgs/base_msgs/srv/detail/pnc_map_service__functions.h
[5.675s] -- Installing: /home/miao/planning_with_ROS2_ws/install/base_msgs/include/base_msgs/base_msgs/srv/detail/global_path_service__type_support.h
[5.675s] -- Installing: /home/miao/planning_with_ROS2_ws/install/base_msgs/include/base_msgs/base_msgs/srv/detail/global_path_service__functions.h
[5.675s] -- Installing: /home/miao/planning_with_ROS2_ws/install/base_msgs/include/base_msgs/base_msgs/srv/detail/global_path_service__functions.c
[5.675s] -- Installing: /home/miao/planning_with_ROS2_ws/install/base_msgs/include/base_msgs/base_msgs/srv/detail/pnc_map_service__type_support.h
[5.675s] -- Installing: /home/miao/planning_with_ROS2_ws/install/base_msgs/include/base_msgs/base_msgs/msg
[5.675s] -- Installing: /home/miao/planning_with_ROS2_ws/install/base_msgs/include/base_msgs/base_msgs/msg/local_path.h
[5.675s] -- Installing: /home/miao/planning_with_ROS2_ws/install/base_msgs/include/base_msgs/base_msgs/msg/plot_info.h
[5.675s] -- Installing: /home/miao/planning_with_ROS2_ws/install/base_msgs/include/base_msgs/base_msgs/msg/local_trajectory_point.h
[5.676s] -- Installing: /home/miao/planning_with_ROS2_ws/install/base_msgs/include/base_msgs/base_msgs/msg/referline.h
[5.676s] -- Installing: /home/miao/planning_with_ROS2_ws/install/base_msgs/include/base_msgs/base_msgs/msg/rosidl_generator_c__visibility_control.h
[5.676s] -- Installing: /home/miao/planning_with_ROS2_ws/install/base_msgs/include/base_msgs/base_msgs/msg/detail
[5.676s] -- Installing: /home/miao/planning_with_ROS2_ws/install/base_msgs/include/base_msgs/base_msgs/msg/detail/obs_info__functions.c
[5.676s] -- Installing: /home/miao/planning_with_ROS2_ws/install/base_msgs/include/base_msgs/base_msgs/msg/detail/pnc_map__functions.h
[5.676s] -- Installing: /home/miao/planning_with_ROS2_ws/install/base_msgs/include/base_msgs/base_msgs/msg/detail/local_path__struct.h
[5.676s] -- Installing: /home/miao/planning_with_ROS2_ws/install/base_msgs/include/base_msgs/base_msgs/msg/detail/local_trajectory_point__type_support.h
[5.676s] -- Installing: /home/miao/planning_with_ROS2_ws/install/base_msgs/include/base_msgs/base_msgs/msg/detail/referline_point__struct.h
[5.676s] -- Installing: /home/miao/planning_with_ROS2_ws/install/base_msgs/include/base_msgs/base_msgs/msg/detail/pnc_map__functions.c
[5.676s] -- Installing: /home/miao/planning_with_ROS2_ws/install/base_msgs/include/base_msgs/base_msgs/msg/detail/local_path_point__functions.c
[5.676s] -- Installing: /home/miao/planning_with_ROS2_ws/install/base_msgs/include/base_msgs/base_msgs/msg/detail/obs_info__struct.h
[5.676s] -- Installing: /home/miao/planning_with_ROS2_ws/install/base_msgs/include/base_msgs/base_msgs/msg/detail/local_trajectory__struct.h
[5.676s] -- Installing: /home/miao/planning_with_ROS2_ws/install/base_msgs/include/base_msgs/base_msgs/msg/detail/referline_point__functions.c
[5.676s] -- Installing: /home/miao/planning_with_ROS2_ws/install/base_msgs/include/base_msgs/base_msgs/msg/detail/referline__type_support.h
[5.676s] -- Installing: /home/miao/planning_with_ROS2_ws/install/base_msgs/include/base_msgs/base_msgs/msg/detail/local_speeds_point__struct.h
[5.676s] -- Installing: /home/miao/planning_with_ROS2_ws/install/base_msgs/include/base_msgs/base_msgs/msg/detail/local_trajectory_point__functions.c
[5.676s] -- Installing: /home/miao/planning_with_ROS2_ws/install/base_msgs/include/base_msgs/base_msgs/msg/detail/local_trajectory__functions.c
[5.676s] -- Installing: /home/miao/planning_with_ROS2_ws/install/base_msgs/include/base_msgs/base_msgs/msg/detail/local_trajectory_point__struct.h
[5.676s] -- Installing: /home/miao/planning_with_ROS2_ws/install/base_msgs/include/base_msgs/base_msgs/msg/detail/local_path_point__type_support.h
[5.676s] -- Installing: /home/miao/planning_with_ROS2_ws/install/base_msgs/include/base_msgs/base_msgs/msg/detail/local_speeds_point__type_support.h
[5.676s] -- Installing: /home/miao/planning_with_ROS2_ws/install/base_msgs/include/base_msgs/base_msgs/msg/detail/local_speeds__functions.h
[5.676s] -- Installing: /home/miao/planning_with_ROS2_ws/install/base_msgs/include/base_msgs/base_msgs/msg/detail/local_trajectory__type_support.h
[5.676s] -- Installing: /home/miao/planning_with_ROS2_ws/install/base_msgs/include/base_msgs/base_msgs/msg/detail/local_path_point__struct.h
[5.676s] -- Installing: /home/miao/planning_with_ROS2_ws/install/base_msgs/include/base_msgs/base_msgs/msg/detail/local_path_point__functions.h
[5.676s] -- Installing: /home/miao/planning_with_ROS2_ws/install/base_msgs/include/base_msgs/base_msgs/msg/detail/referline__functions.h
[5.676s] -- Installing: /home/miao/planning_with_ROS2_ws/install/base_msgs/include/base_msgs/base_msgs/msg/detail/obs_info__type_support.h
[5.676s] -- Installing: /home/miao/planning_with_ROS2_ws/install/base_msgs/include/base_msgs/base_msgs/msg/detail/local_speeds_point__functions.c
[5.676s] -- Installing: /home/miao/planning_with_ROS2_ws/install/base_msgs/include/base_msgs/base_msgs/msg/detail/plot_info__functions.h
[5.676s] -- Installing: /home/miao/planning_with_ROS2_ws/install/base_msgs/include/base_msgs/base_msgs/msg/detail/local_trajectory__functions.h
[5.676s] -- Installing: /home/miao/planning_with_ROS2_ws/install/base_msgs/include/base_msgs/base_msgs/msg/detail/plot_info__functions.c
[5.676s] -- Installing: /home/miao/planning_with_ROS2_ws/install/base_msgs/include/base_msgs/base_msgs/msg/detail/referline__functions.c
[5.677s] -- Installing: /home/miao/planning_with_ROS2_ws/install/base_msgs/include/base_msgs/base_msgs/msg/detail/obs_info__functions.h
[5.677s] -- Installing: /home/miao/planning_with_ROS2_ws/install/base_msgs/include/base_msgs/base_msgs/msg/detail/local_trajectory_point__functions.h
[5.677s] -- Installing: /home/miao/planning_with_ROS2_ws/install/base_msgs/include/base_msgs/base_msgs/msg/detail/pnc_map__struct.h
[5.677s] -- Installing: /home/miao/planning_with_ROS2_ws/install/base_msgs/include/base_msgs/base_msgs/msg/detail/pnc_map__type_support.h
[5.677s] -- Installing: /home/miao/planning_with_ROS2_ws/install/base_msgs/include/base_msgs/base_msgs/msg/detail/local_speeds__struct.h
[5.677s] -- Installing: /home/miao/planning_with_ROS2_ws/install/base_msgs/include/base_msgs/base_msgs/msg/detail/plot_info__type_support.h
[5.677s] -- Installing: /home/miao/planning_with_ROS2_ws/install/base_msgs/include/base_msgs/base_msgs/msg/detail/referline_point__type_support.h
[5.677s] -- Installing: /home/miao/planning_with_ROS2_ws/install/base_msgs/include/base_msgs/base_msgs/msg/detail/referline__struct.h
[5.677s] -- Installing: /home/miao/planning_with_ROS2_ws/install/base_msgs/include/base_msgs/base_msgs/msg/detail/local_speeds__functions.c
[5.677s] -- Installing: /home/miao/planning_with_ROS2_ws/install/base_msgs/include/base_msgs/base_msgs/msg/detail/local_speeds__type_support.h
[5.677s] -- Installing: /home/miao/planning_with_ROS2_ws/install/base_msgs/include/base_msgs/base_msgs/msg/detail/local_path__type_support.h
[5.677s] -- Installing: /home/miao/planning_with_ROS2_ws/install/base_msgs/include/base_msgs/base_msgs/msg/detail/referline_point__functions.h
[5.677s] -- Installing: /home/miao/planning_with_ROS2_ws/install/base_msgs/include/base_msgs/base_msgs/msg/detail/local_path__functions.h
[5.677s] -- Installing: /home/miao/planning_with_ROS2_ws/install/base_msgs/include/base_msgs/base_msgs/msg/detail/local_speeds_point__functions.h
[5.677s] -- Installing: /home/miao/planning_with_ROS2_ws/install/base_msgs/include/base_msgs/base_msgs/msg/detail/plot_info__struct.h
[5.677s] -- Installing: /home/miao/planning_with_ROS2_ws/install/base_msgs/include/base_msgs/base_msgs/msg/detail/local_path__functions.c
[5.677s] -- Installing: /home/miao/planning_with_ROS2_ws/install/base_msgs/include/base_msgs/base_msgs/msg/obs_info.h
[5.677s] -- Installing: /home/miao/planning_with_ROS2_ws/install/base_msgs/include/base_msgs/base_msgs/msg/pnc_map.h
[5.677s] -- Installing: /home/miao/planning_with_ROS2_ws/install/base_msgs/include/base_msgs/base_msgs/msg/local_speeds.h
[5.677s] -- Installing: /home/miao/planning_with_ROS2_ws/install/base_msgs/include/base_msgs/base_msgs/msg/local_trajectory.h
[5.677s] -- Installing: /home/miao/planning_with_ROS2_ws/install/base_msgs/include/base_msgs/base_msgs/msg/local_path_point.h
[5.677s] -- Installing: /home/miao/planning_with_ROS2_ws/install/base_msgs/include/base_msgs/base_msgs/msg/referline_point.h
[5.677s] -- Installing: /home/miao/planning_with_ROS2_ws/install/base_msgs/include/base_msgs/base_msgs/msg/local_speeds_point.h
[5.677s] -- Installing: /home/miao/planning_with_ROS2_ws/install/base_msgs/share/base_msgs/environment/library_path.sh
[5.678s] -- Installing: /home/miao/planning_with_ROS2_ws/install/base_msgs/share/base_msgs/environment/library_path.dsv
[5.678s] -- Installing: /home/miao/planning_with_ROS2_ws/install/base_msgs/lib/libbase_msgs__rosidl_generator_c.so
[5.678s] -- Set runtime path of "/home/miao/planning_with_ROS2_ws/install/base_msgs/lib/libbase_msgs__rosidl_generator_c.so" to ""
[5.678s] -- Up-to-date: /home/miao/planning_with_ROS2_ws/install/base_msgs/include/base_msgs/base_msgs
[5.678s] -- Up-to-date: /home/miao/planning_with_ROS2_ws/install/base_msgs/include/base_msgs/base_msgs/srv
[5.678s] -- Up-to-date: /home/miao/planning_with_ROS2_ws/install/base_msgs/include/base_msgs/base_msgs/srv/detail
[5.678s] -- Installing: /home/miao/planning_with_ROS2_ws/install/base_msgs/include/base_msgs/base_msgs/srv/detail/global_path_service__rosidl_typesupport_fastrtps_c.h
[5.678s] -- Installing: /home/miao/planning_with_ROS2_ws/install/base_msgs/include/base_msgs/base_msgs/srv/detail/pnc_map_service__rosidl_typesupport_fastrtps_c.h
[5.678s] -- Up-to-date: /home/miao/planning_with_ROS2_ws/install/base_msgs/include/base_msgs/base_msgs/msg
[5.678s] -- Installing: /home/miao/planning_with_ROS2_ws/install/base_msgs/include/base_msgs/base_msgs/msg/rosidl_typesupport_fastrtps_c__visibility_control.h
[5.678s] -- Up-to-date: /home/miao/planning_with_ROS2_ws/install/base_msgs/include/base_msgs/base_msgs/msg/detail
[5.678s] -- Installing: /home/miao/planning_with_ROS2_ws/install/base_msgs/include/base_msgs/base_msgs/msg/detail/local_trajectory__rosidl_typesupport_fastrtps_c.h
[5.678s] -- Installing: /home/miao/planning_with_ROS2_ws/install/base_msgs/include/base_msgs/base_msgs/msg/detail/local_speeds__rosidl_typesupport_fastrtps_c.h
[5.679s] -- Installing: /home/miao/planning_with_ROS2_ws/install/base_msgs/include/base_msgs/base_msgs/msg/detail/obs_info__rosidl_typesupport_fastrtps_c.h
[5.679s] -- Installing: /home/miao/planning_with_ROS2_ws/install/base_msgs/include/base_msgs/base_msgs/msg/detail/local_path_point__rosidl_typesupport_fastrtps_c.h
[5.679s] -- Installing: /home/miao/planning_with_ROS2_ws/install/base_msgs/include/base_msgs/base_msgs/msg/detail/pnc_map__rosidl_typesupport_fastrtps_c.h
[5.679s] -- Installing: /home/miao/planning_with_ROS2_ws/install/base_msgs/include/base_msgs/base_msgs/msg/detail/local_speeds_point__rosidl_typesupport_fastrtps_c.h
[5.679s] -- Installing: /home/miao/planning_with_ROS2_ws/install/base_msgs/include/base_msgs/base_msgs/msg/detail/referline__rosidl_typesupport_fastrtps_c.h
[5.679s] -- Installing: /home/miao/planning_with_ROS2_ws/install/base_msgs/include/base_msgs/base_msgs/msg/detail/plot_info__rosidl_typesupport_fastrtps_c.h
[5.679s] -- Installing: /home/miao/planning_with_ROS2_ws/install/base_msgs/include/base_msgs/base_msgs/msg/detail/local_trajectory_point__rosidl_typesupport_fastrtps_c.h
[5.679s] -- Installing: /home/miao/planning_with_ROS2_ws/install/base_msgs/include/base_msgs/base_msgs/msg/detail/local_path__rosidl_typesupport_fastrtps_c.h
[5.679s] -- Installing: /home/miao/planning_with_ROS2_ws/install/base_msgs/include/base_msgs/base_msgs/msg/detail/referline_point__rosidl_typesupport_fastrtps_c.h
[5.679s] -- Installing: /home/miao/planning_with_ROS2_ws/install/base_msgs/lib/libbase_msgs__rosidl_typesupport_fastrtps_c.so
[5.679s] -- Set runtime path of "/home/miao/planning_with_ROS2_ws/install/base_msgs/lib/libbase_msgs__rosidl_typesupport_fastrtps_c.so" to ""
[5.679s] -- Up-to-date: /home/miao/planning_with_ROS2_ws/install/base_msgs/include/base_msgs/base_msgs
[5.679s] -- Up-to-date: /home/miao/planning_with_ROS2_ws/install/base_msgs/include/base_msgs/base_msgs/srv
[5.679s] -- Up-to-date: /home/miao/planning_with_ROS2_ws/install/base_msgs/include/base_msgs/base_msgs/srv/detail
[5.679s] -- Installing: /home/miao/planning_with_ROS2_ws/install/base_msgs/include/base_msgs/base_msgs/srv/detail/global_path_service__type_support.c
[5.679s] -- Installing: /home/miao/planning_with_ROS2_ws/install/base_msgs/include/base_msgs/base_msgs/srv/detail/global_path_service__rosidl_typesupport_introspection_c.h
[5.680s] -- Installing: /home/miao/planning_with_ROS2_ws/install/base_msgs/include/base_msgs/base_msgs/srv/detail/pnc_map_service__type_support.c
[5.680s] -- Installing: /home/miao/planning_with_ROS2_ws/install/base_msgs/include/base_msgs/base_msgs/srv/detail/pnc_map_service__rosidl_typesupport_introspection_c.h
[5.680s] -- Up-to-date: /home/miao/planning_with_ROS2_ws/install/base_msgs/include/base_msgs/base_msgs/msg
[5.680s] -- Installing: /home/miao/planning_with_ROS2_ws/install/base_msgs/include/base_msgs/base_msgs/msg/rosidl_typesupport_introspection_c__visibility_control.h
[5.680s] -- Up-to-date: /home/miao/planning_with_ROS2_ws/install/base_msgs/include/base_msgs/base_msgs/msg/detail
[5.680s] -- Installing: /home/miao/planning_with_ROS2_ws/install/base_msgs/include/base_msgs/base_msgs/msg/detail/local_path__type_support.c
[5.680s] -- Installing: /home/miao/planning_with_ROS2_ws/install/base_msgs/include/base_msgs/base_msgs/msg/detail/pnc_map__type_support.c
[5.680s] -- Installing: /home/miao/planning_with_ROS2_ws/install/base_msgs/include/base_msgs/base_msgs/msg/detail/plot_info__type_support.c
[5.680s] -- Installing: /home/miao/planning_with_ROS2_ws/install/base_msgs/include/base_msgs/base_msgs/msg/detail/local_path_point__type_support.c
[5.680s] -- Installing: /home/miao/planning_with_ROS2_ws/install/base_msgs/include/base_msgs/base_msgs/msg/detail/local_speeds__rosidl_typesupport_introspection_c.h
[5.680s] -- Installing: /home/miao/planning_with_ROS2_ws/install/base_msgs/include/base_msgs/base_msgs/msg/detail/local_trajectory_point__rosidl_typesupport_introspection_c.h
[5.680s] -- Installing: /home/miao/planning_with_ROS2_ws/install/base_msgs/include/base_msgs/base_msgs/msg/detail/pnc_map__rosidl_typesupport_introspection_c.h
[5.680s] -- Installing: /home/miao/planning_with_ROS2_ws/install/base_msgs/include/base_msgs/base_msgs/msg/detail/local_trajectory__rosidl_typesupport_introspection_c.h
[5.680s] -- Installing: /home/miao/planning_with_ROS2_ws/install/base_msgs/include/base_msgs/base_msgs/msg/detail/local_speeds__type_support.c
[5.680s] -- Installing: /home/miao/planning_with_ROS2_ws/install/base_msgs/include/base_msgs/base_msgs/msg/detail/local_speeds_point__type_support.c
[5.680s] -- Installing: /home/miao/planning_with_ROS2_ws/install/base_msgs/include/base_msgs/base_msgs/msg/detail/referline__rosidl_typesupport_introspection_c.h
[5.681s] -- Installing: /home/miao/planning_with_ROS2_ws/install/base_msgs/include/base_msgs/base_msgs/msg/detail/referline_point__rosidl_typesupport_introspection_c.h
[5.681s] -- Installing: /home/miao/planning_with_ROS2_ws/install/base_msgs/include/base_msgs/base_msgs/msg/detail/plot_info__rosidl_typesupport_introspection_c.h
[5.681s] -- Installing: /home/miao/planning_with_ROS2_ws/install/base_msgs/include/base_msgs/base_msgs/msg/detail/obs_info__rosidl_typesupport_introspection_c.h
[5.681s] -- Installing: /home/miao/planning_with_ROS2_ws/install/base_msgs/include/base_msgs/base_msgs/msg/detail/local_trajectory_point__type_support.c
[5.681s] -- Installing: /home/miao/planning_with_ROS2_ws/install/base_msgs/include/base_msgs/base_msgs/msg/detail/local_trajectory__type_support.c
[5.681s] -- Installing: /home/miao/planning_with_ROS2_ws/install/base_msgs/include/base_msgs/base_msgs/msg/detail/local_path__rosidl_typesupport_introspection_c.h
[5.681s] -- Installing: /home/miao/planning_with_ROS2_ws/install/base_msgs/include/base_msgs/base_msgs/msg/detail/local_speeds_point__rosidl_typesupport_introspection_c.h
[5.681s] -- Installing: /home/miao/planning_with_ROS2_ws/install/base_msgs/include/base_msgs/base_msgs/msg/detail/obs_info__type_support.c
[5.681s] -- Installing: /home/miao/planning_with_ROS2_ws/install/base_msgs/include/base_msgs/base_msgs/msg/detail/referline__type_support.c
[5.681s] -- Installing: /home/miao/planning_with_ROS2_ws/install/base_msgs/include/base_msgs/base_msgs/msg/detail/local_path_point__rosidl_typesupport_introspection_c.h
[5.681s] -- Installing: /home/miao/planning_with_ROS2_ws/install/base_msgs/include/base_msgs/base_msgs/msg/detail/referline_point__type_support.c
[5.681s] -- Installing: /home/miao/planning_with_ROS2_ws/install/base_msgs/lib/libbase_msgs__rosidl_typesupport_introspection_c.so
[5.681s] -- Set runtime path of "/home/miao/planning_with_ROS2_ws/install/base_msgs/lib/libbase_msgs__rosidl_typesupport_introspection_c.so" to ""
[5.681s] -- Installing: /home/miao/planning_with_ROS2_ws/install/base_msgs/lib/libbase_msgs__rosidl_typesupport_c.so
[5.681s] -- Set runtime path of "/home/miao/planning_with_ROS2_ws/install/base_msgs/lib/libbase_msgs__rosidl_typesupport_c.so" to ""
[5.682s] -- Up-to-date: /home/miao/planning_with_ROS2_ws/install/base_msgs/include/base_msgs/base_msgs
[5.682s] -- Up-to-date: /home/miao/planning_with_ROS2_ws/install/base_msgs/include/base_msgs/base_msgs/srv
[5.682s] -- Installing: /home/miao/planning_with_ROS2_ws/install/base_msgs/include/base_msgs/base_msgs/srv/global_path_service.hpp
[5.682s] -- Up-to-date: /home/miao/planning_with_ROS2_ws/install/base_msgs/include/base_msgs/base_msgs/srv/detail
[5.682s] -- Installing: /home/miao/planning_with_ROS2_ws/install/base_msgs/include/base_msgs/base_msgs/srv/detail/global_path_service__builder.hpp
[5.682s] -- Installing: /home/miao/planning_with_ROS2_ws/install/base_msgs/include/base_msgs/base_msgs/srv/detail/global_path_service__struct.hpp
[5.682s] -- Installing: /home/miao/planning_with_ROS2_ws/install/base_msgs/include/base_msgs/base_msgs/srv/detail/global_path_service__type_support.hpp
[5.682s] -- Installing: /home/miao/planning_with_ROS2_ws/install/base_msgs/include/base_msgs/base_msgs/srv/detail/pnc_map_service__struct.hpp
[5.682s] -- Installing: /home/miao/planning_with_ROS2_ws/install/base_msgs/include/base_msgs/base_msgs/srv/detail/global_path_service__traits.hpp
[5.682s] -- Installing: /home/miao/planning_with_ROS2_ws/install/base_msgs/include/base_msgs/base_msgs/srv/detail/pnc_map_service__type_support.hpp
[5.682s] -- Installing: /home/miao/planning_with_ROS2_ws/install/base_msgs/include/base_msgs/base_msgs/srv/detail/pnc_map_service__traits.hpp
[5.682s] -- Installing: /home/miao/planning_with_ROS2_ws/install/base_msgs/include/base_msgs/base_msgs/srv/detail/pnc_map_service__builder.hpp
[5.682s] -- Installing: /home/miao/planning_with_ROS2_ws/install/base_msgs/include/base_msgs/base_msgs/srv/pnc_map_service.hpp
[5.682s] -- Up-to-date: /home/miao/planning_with_ROS2_ws/install/base_msgs/include/base_msgs/base_msgs/msg
[5.682s] -- Installing: /home/miao/planning_with_ROS2_ws/install/base_msgs/include/base_msgs/base_msgs/msg/referline_point.hpp
[5.682s] -- Installing: /home/miao/planning_with_ROS2_ws/install/base_msgs/include/base_msgs/base_msgs/msg/pnc_map.hpp
[5.682s] -- Installing: /home/miao/planning_with_ROS2_ws/install/base_msgs/include/base_msgs/base_msgs/msg/rosidl_generator_cpp__visibility_control.hpp
[5.682s] -- Installing: /home/miao/planning_with_ROS2_ws/install/base_msgs/include/base_msgs/base_msgs/msg/obs_info.hpp
[5.683s] -- Up-to-date: /home/miao/planning_with_ROS2_ws/install/base_msgs/include/base_msgs/base_msgs/msg/detail
[5.683s] -- Installing: /home/miao/planning_with_ROS2_ws/install/base_msgs/include/base_msgs/base_msgs/msg/detail/referline__type_support.hpp
[5.683s] -- Installing: /home/miao/planning_with_ROS2_ws/install/base_msgs/include/base_msgs/base_msgs/msg/detail/local_speeds__builder.hpp
[5.683s] -- Installing: /home/miao/planning_with_ROS2_ws/install/base_msgs/include/base_msgs/base_msgs/msg/detail/local_speeds_point__builder.hpp
[5.683s] -- Installing: /home/miao/planning_with_ROS2_ws/install/base_msgs/include/base_msgs/base_msgs/msg/detail/referline__struct.hpp
[5.683s] -- Installing: /home/miao/planning_with_ROS2_ws/install/base_msgs/include/base_msgs/base_msgs/msg/detail/referline_point__type_support.hpp
[5.683s] -- Installing: /home/miao/planning_with_ROS2_ws/install/base_msgs/include/base_msgs/base_msgs/msg/detail/local_path_point__traits.hpp
[5.683s] -- Installing: /home/miao/planning_with_ROS2_ws/install/base_msgs/include/base_msgs/base_msgs/msg/detail/referline__traits.hpp
[5.683s] -- Installing: /home/miao/planning_with_ROS2_ws/install/base_msgs/include/base_msgs/base_msgs/msg/detail/local_speeds__type_support.hpp
[5.683s] -- Installing: /home/miao/planning_with_ROS2_ws/install/base_msgs/include/base_msgs/base_msgs/msg/detail/plot_info__traits.hpp
[5.683s] -- Installing: /home/miao/planning_with_ROS2_ws/install/base_msgs/include/base_msgs/base_msgs/msg/detail/local_speeds_point__traits.hpp
[5.683s] -- Installing: /home/miao/planning_with_ROS2_ws/install/base_msgs/include/base_msgs/base_msgs/msg/detail/local_path_point__type_support.hpp
[5.683s] -- Installing: /home/miao/planning_with_ROS2_ws/install/base_msgs/include/base_msgs/base_msgs/msg/detail/local_speeds__struct.hpp
[5.683s] -- Installing: /home/miao/planning_with_ROS2_ws/install/base_msgs/include/base_msgs/base_msgs/msg/detail/obs_info__type_support.hpp
[5.683s] -- Installing: /home/miao/planning_with_ROS2_ws/install/base_msgs/include/base_msgs/base_msgs/msg/detail/local_trajectory_point__traits.hpp
[5.684s] -- Installing: /home/miao/planning_with_ROS2_ws/install/base_msgs/include/base_msgs/base_msgs/msg/detail/referline_point__builder.hpp
[5.684s] -- Installing: /home/miao/planning_with_ROS2_ws/install/base_msgs/include/base_msgs/base_msgs/msg/detail/referline_point__traits.hpp
[5.684s] -- Installing: /home/miao/planning_with_ROS2_ws/install/base_msgs/include/base_msgs/base_msgs/msg/detail/pnc_map__struct.hpp
[5.684s] -- Installing: /home/miao/planning_with_ROS2_ws/install/base_msgs/include/base_msgs/base_msgs/msg/detail/obs_info__struct.hpp
[5.684s] -- Installing: /home/miao/planning_with_ROS2_ws/install/base_msgs/include/base_msgs/base_msgs/msg/detail/local_trajectory__type_support.hpp
[5.684s] -- Installing: /home/miao/planning_with_ROS2_ws/install/base_msgs/include/base_msgs/base_msgs/msg/detail/local_path_point__struct.hpp
[5.684s] -- Installing: /home/miao/planning_with_ROS2_ws/install/base_msgs/include/base_msgs/base_msgs/msg/detail/local_trajectory__builder.hpp
[5.684s] -- Installing: /home/miao/planning_with_ROS2_ws/install/base_msgs/include/base_msgs/base_msgs/msg/detail/local_path__struct.hpp
[5.684s] -- Installing: /home/miao/planning_with_ROS2_ws/install/base_msgs/include/base_msgs/base_msgs/msg/detail/local_path__traits.hpp
[5.684s] -- Installing: /home/miao/planning_with_ROS2_ws/install/base_msgs/include/base_msgs/base_msgs/msg/detail/local_trajectory_point__struct.hpp
[5.684s] -- Installing: /home/miao/planning_with_ROS2_ws/install/base_msgs/include/base_msgs/base_msgs/msg/detail/pnc_map__traits.hpp
[5.684s] -- Installing: /home/miao/planning_with_ROS2_ws/install/base_msgs/include/base_msgs/base_msgs/msg/detail/plot_info__type_support.hpp
[5.684s] -- Installing: /home/miao/planning_with_ROS2_ws/install/base_msgs/include/base_msgs/base_msgs/msg/detail/local_speeds_point__type_support.hpp
[5.684s] -- Installing: /home/miao/planning_with_ROS2_ws/install/base_msgs/include/base_msgs/base_msgs/msg/detail/local_path__type_support.hpp
[5.684s] -- Installing: /home/miao/planning_with_ROS2_ws/install/base_msgs/include/base_msgs/base_msgs/msg/detail/local_trajectory_point__builder.hpp
[5.684s] -- Installing: /home/miao/planning_with_ROS2_ws/install/base_msgs/include/base_msgs/base_msgs/msg/detail/local_trajectory__struct.hpp
[5.685s] -- Installing: /home/miao/planning_with_ROS2_ws/install/base_msgs/include/base_msgs/base_msgs/msg/detail/plot_info__builder.hpp
[5.685s] -- Installing: /home/miao/planning_with_ROS2_ws/install/base_msgs/include/base_msgs/base_msgs/msg/detail/local_path_point__builder.hpp
[5.685s] -- Installing: /home/miao/planning_with_ROS2_ws/install/base_msgs/include/base_msgs/base_msgs/msg/detail/local_path__builder.hpp
[5.685s] -- Installing: /home/miao/planning_with_ROS2_ws/install/base_msgs/include/base_msgs/base_msgs/msg/detail/obs_info__builder.hpp
[5.685s] -- Installing: /home/miao/planning_with_ROS2_ws/install/base_msgs/include/base_msgs/base_msgs/msg/detail/referline_point__struct.hpp
[5.685s] -- Installing: /home/miao/planning_with_ROS2_ws/install/base_msgs/include/base_msgs/base_msgs/msg/detail/plot_info__struct.hpp
[5.685s] -- Installing: /home/miao/planning_with_ROS2_ws/install/base_msgs/include/base_msgs/base_msgs/msg/detail/obs_info__traits.hpp
[5.685s] -- Installing: /home/miao/planning_with_ROS2_ws/install/base_msgs/include/base_msgs/base_msgs/msg/detail/local_trajectory__traits.hpp
[5.685s] -- Installing: /home/miao/planning_with_ROS2_ws/install/base_msgs/include/base_msgs/base_msgs/msg/detail/referline__builder.hpp
[5.685s] -- Installing: /home/miao/planning_with_ROS2_ws/install/base_msgs/include/base_msgs/base_msgs/msg/detail/pnc_map__type_support.hpp
[5.685s] -- Installing: /home/miao/planning_with_ROS2_ws/install/base_msgs/include/base_msgs/base_msgs/msg/detail/local_speeds_point__struct.hpp
[5.685s] -- Installing: /home/miao/planning_with_ROS2_ws/install/base_msgs/include/base_msgs/base_msgs/msg/detail/pnc_map__builder.hpp
[5.685s] -- Installing: /home/miao/planning_with_ROS2_ws/install/base_msgs/include/base_msgs/base_msgs/msg/detail/local_speeds__traits.hpp
[5.685s] -- Installing: /home/miao/planning_with_ROS2_ws/install/base_msgs/include/base_msgs/base_msgs/msg/detail/local_trajectory_point__type_support.hpp
[5.685s] -- Installing: /home/miao/planning_with_ROS2_ws/install/base_msgs/include/base_msgs/base_msgs/msg/local_trajectory_point.hpp
[5.685s] -- Installing: /home/miao/planning_with_ROS2_ws/install/base_msgs/include/base_msgs/base_msgs/msg/local_speeds.hpp
[5.685s] -- Installing: /home/miao/planning_with_ROS2_ws/install/base_msgs/include/base_msgs/base_msgs/msg/referline.hpp
[5.685s] -- Installing: /home/miao/planning_with_ROS2_ws/install/base_msgs/include/base_msgs/base_msgs/msg/local_path.hpp
[5.685s] -- Installing: /home/miao/planning_with_ROS2_ws/install/base_msgs/include/base_msgs/base_msgs/msg/local_speeds_point.hpp
[5.685s] -- Installing: /home/miao/planning_with_ROS2_ws/install/base_msgs/include/base_msgs/base_msgs/msg/plot_info.hpp
[5.685s] -- Installing: /home/miao/planning_with_ROS2_ws/install/base_msgs/include/base_msgs/base_msgs/msg/local_path_point.hpp
[5.685s] -- Installing: /home/miao/planning_with_ROS2_ws/install/base_msgs/include/base_msgs/base_msgs/msg/local_trajectory.hpp
[5.685s] -- Up-to-date: /home/miao/planning_with_ROS2_ws/install/base_msgs/include/base_msgs/base_msgs
[5.685s] -- Up-to-date: /home/miao/planning_with_ROS2_ws/install/base_msgs/include/base_msgs/base_msgs/srv
[5.685s] -- Up-to-date: /home/miao/planning_with_ROS2_ws/install/base_msgs/include/base_msgs/base_msgs/srv/detail
[5.685s] -- Installing: /home/miao/planning_with_ROS2_ws/install/base_msgs/include/base_msgs/base_msgs/srv/detail/pnc_map_service__rosidl_typesupport_fastrtps_cpp.hpp
[5.685s] -- Installing: /home/miao/planning_with_ROS2_ws/install/base_msgs/include/base_msgs/base_msgs/srv/detail/dds_fastrtps
[5.685s] -- Installing: /home/miao/planning_with_ROS2_ws/install/base_msgs/include/base_msgs/base_msgs/srv/detail/global_path_service__rosidl_typesupport_fastrtps_cpp.hpp
[5.685s] -- Up-to-date: /home/miao/planning_with_ROS2_ws/install/base_msgs/include/base_msgs/base_msgs/msg
[5.685s] -- Up-to-date: /home/miao/planning_with_ROS2_ws/install/base_msgs/include/base_msgs/base_msgs/msg/detail
[5.685s] -- Installing: /home/miao/planning_with_ROS2_ws/install/base_msgs/include/base_msgs/base_msgs/msg/detail/referline_point__rosidl_typesupport_fastrtps_cpp.hpp
[5.685s] -- Installing: /home/miao/planning_with_ROS2_ws/install/base_msgs/include/base_msgs/base_msgs/msg/detail/local_speeds_point__rosidl_typesupport_fastrtps_cpp.hpp
[5.685s] -- Installing: /home/miao/planning_with_ROS2_ws/install/base_msgs/include/base_msgs/base_msgs/msg/detail/dds_fastrtps
[5.686s] -- Installing: /home/miao/planning_with_ROS2_ws/install/base_msgs/include/base_msgs/base_msgs/msg/detail/pnc_map__rosidl_typesupport_fastrtps_cpp.hpp
[5.686s] -- Installing: /home/miao/planning_with_ROS2_ws/install/base_msgs/include/base_msgs/base_msgs/msg/detail/local_speeds__rosidl_typesupport_fastrtps_cpp.hpp
[5.686s] -- Installing: /home/miao/planning_with_ROS2_ws/install/base_msgs/include/base_msgs/base_msgs/msg/detail/obs_info__rosidl_typesupport_fastrtps_cpp.hpp
[5.686s] -- Installing: /home/miao/planning_with_ROS2_ws/install/base_msgs/include/base_msgs/base_msgs/msg/detail/local_path__rosidl_typesupport_fastrtps_cpp.hpp
[5.686s] -- Installing: /home/miao/planning_with_ROS2_ws/install/base_msgs/include/base_msgs/base_msgs/msg/detail/referline__rosidl_typesupport_fastrtps_cpp.hpp
[5.686s] -- Installing: /home/miao/planning_with_ROS2_ws/install/base_msgs/include/base_msgs/base_msgs/msg/detail/local_path_point__rosidl_typesupport_fastrtps_cpp.hpp
[5.686s] -- Installing: /home/miao/planning_with_ROS2_ws/install/base_msgs/include/base_msgs/base_msgs/msg/detail/local_trajectory__rosidl_typesupport_fastrtps_cpp.hpp
[5.686s] -- Installing: /home/miao/planning_with_ROS2_ws/install/base_msgs/include/base_msgs/base_msgs/msg/detail/plot_info__rosidl_typesupport_fastrtps_cpp.hpp
[5.686s] -- Installing: /home/miao/planning_with_ROS2_ws/install/base_msgs/include/base_msgs/base_msgs/msg/detail/local_trajectory_point__rosidl_typesupport_fastrtps_cpp.hpp
[5.686s] -- Installing: /home/miao/planning_with_ROS2_ws/install/base_msgs/include/base_msgs/base_msgs/msg/rosidl_typesupport_fastrtps_cpp__visibility_control.h
[5.686s] -- Installing: /home/miao/planning_with_ROS2_ws/install/base_msgs/lib/libbase_msgs__rosidl_typesupport_fastrtps_cpp.so
[5.686s] -- Set runtime path of "/home/miao/planning_with_ROS2_ws/install/base_msgs/lib/libbase_msgs__rosidl_typesupport_fastrtps_cpp.so" to ""
[5.686s] -- Up-to-date: /home/miao/planning_with_ROS2_ws/install/base_msgs/include/base_msgs/base_msgs
[5.686s] -- Up-to-date: /home/miao/planning_with_ROS2_ws/install/base_msgs/include/base_msgs/base_msgs/srv
[5.686s] -- Up-to-date: /home/miao/planning_with_ROS2_ws/install/base_msgs/include/base_msgs/base_msgs/srv/detail
[5.686s] -- Installing: /home/miao/planning_with_ROS2_ws/install/base_msgs/include/base_msgs/base_msgs/srv/detail/pnc_map_service__rosidl_typesupport_introspection_cpp.hpp
[5.686s] -- Installing: /home/miao/planning_with_ROS2_ws/install/base_msgs/include/base_msgs/base_msgs/srv/detail/pnc_map_service__type_support.cpp
[5.686s] -- Installing: /home/miao/planning_with_ROS2_ws/install/base_msgs/include/base_msgs/base_msgs/srv/detail/global_path_service__type_support.cpp
[5.686s] -- Installing: /home/miao/planning_with_ROS2_ws/install/base_msgs/include/base_msgs/base_msgs/srv/detail/global_path_service__rosidl_typesupport_introspection_cpp.hpp
[5.686s] -- Up-to-date: /home/miao/planning_with_ROS2_ws/install/base_msgs/include/base_msgs/base_msgs/msg
[5.686s] -- Up-to-date: /home/miao/planning_with_ROS2_ws/install/base_msgs/include/base_msgs/base_msgs/msg/detail
[5.686s] -- Installing: /home/miao/planning_with_ROS2_ws/install/base_msgs/include/base_msgs/base_msgs/msg/detail/referline__type_support.cpp
[5.686s] -- Installing: /home/miao/planning_with_ROS2_ws/install/base_msgs/include/base_msgs/base_msgs/msg/detail/local_path__type_support.cpp
[5.686s] -- Installing: /home/miao/planning_with_ROS2_ws/install/base_msgs/include/base_msgs/base_msgs/msg/detail/pnc_map__type_support.cpp
[5.686s] -- Installing: /home/miao/planning_with_ROS2_ws/install/base_msgs/include/base_msgs/base_msgs/msg/detail/local_path_point__type_support.cpp
[5.686s] -- Installing: /home/miao/planning_with_ROS2_ws/install/base_msgs/include/base_msgs/base_msgs/msg/detail/local_path__rosidl_typesupport_introspection_cpp.hpp
[5.686s] -- Installing: /home/miao/planning_with_ROS2_ws/install/base_msgs/include/base_msgs/base_msgs/msg/detail/local_path_point__rosidl_typesupport_introspection_cpp.hpp
[5.686s] -- Installing: /home/miao/planning_with_ROS2_ws/install/base_msgs/include/base_msgs/base_msgs/msg/detail/obs_info__type_support.cpp
[5.686s] -- Installing: /home/miao/planning_with_ROS2_ws/install/base_msgs/include/base_msgs/base_msgs/msg/detail/plot_info__type_support.cpp
[5.686s] -- Installing: /home/miao/planning_with_ROS2_ws/install/base_msgs/include/base_msgs/base_msgs/msg/detail/local_speeds__type_support.cpp
[5.686s] -- Installing: /home/miao/planning_with_ROS2_ws/install/base_msgs/include/base_msgs/base_msgs/msg/detail/referline_point__type_support.cpp
[5.686s] -- Installing: /home/miao/planning_with_ROS2_ws/install/base_msgs/include/base_msgs/base_msgs/msg/detail/local_trajectory_point__rosidl_typesupport_introspection_cpp.hpp
[5.686s] -- Installing: /home/miao/planning_with_ROS2_ws/install/base_msgs/include/base_msgs/base_msgs/msg/detail/pnc_map__rosidl_typesupport_introspection_cpp.hpp
[5.686s] -- Installing: /home/miao/planning_with_ROS2_ws/install/base_msgs/include/base_msgs/base_msgs/msg/detail/local_trajectory_point__type_support.cpp
[5.686s] -- Installing: /home/miao/planning_with_ROS2_ws/install/base_msgs/include/base_msgs/base_msgs/msg/detail/obs_info__rosidl_typesupport_introspection_cpp.hpp
[5.686s] -- Installing: /home/miao/planning_with_ROS2_ws/install/base_msgs/include/base_msgs/base_msgs/msg/detail/local_trajectory__rosidl_typesupport_introspection_cpp.hpp
[5.686s] -- Installing: /home/miao/planning_with_ROS2_ws/install/base_msgs/include/base_msgs/base_msgs/msg/detail/local_speeds_point__rosidl_typesupport_introspection_cpp.hpp
[5.686s] -- Installing: /home/miao/planning_with_ROS2_ws/install/base_msgs/include/base_msgs/base_msgs/msg/detail/local_speeds_point__type_support.cpp
[5.686s] -- Installing: /home/miao/planning_with_ROS2_ws/install/base_msgs/include/base_msgs/base_msgs/msg/detail/referline__rosidl_typesupport_introspection_cpp.hpp
[5.687s] -- Installing: /home/miao/planning_with_ROS2_ws/install/base_msgs/include/base_msgs/base_msgs/msg/detail/referline_point__rosidl_typesupport_introspection_cpp.hpp
[5.687s] -- Installing: /home/miao/planning_with_ROS2_ws/install/base_msgs/include/base_msgs/base_msgs/msg/detail/local_speeds__rosidl_typesupport_introspection_cpp.hpp
[5.687s] -- Installing: /home/miao/planning_with_ROS2_ws/install/base_msgs/include/base_msgs/base_msgs/msg/detail/plot_info__rosidl_typesupport_introspection_cpp.hpp
[5.687s] -- Installing: /home/miao/planning_with_ROS2_ws/install/base_msgs/include/base_msgs/base_msgs/msg/detail/local_trajectory__type_support.cpp
[5.687s] -- Installing: /home/miao/planning_with_ROS2_ws/install/base_msgs/lib/libbase_msgs__rosidl_typesupport_introspection_cpp.so
[5.687s] -- Set runtime path of "/home/miao/planning_with_ROS2_ws/install/base_msgs/lib/libbase_msgs__rosidl_typesupport_introspection_cpp.so" to ""
[5.687s] -- Installing: /home/miao/planning_with_ROS2_ws/install/base_msgs/lib/libbase_msgs__rosidl_typesupport_cpp.so
[5.687s] -- Set runtime path of "/home/miao/planning_with_ROS2_ws/install/base_msgs/lib/libbase_msgs__rosidl_typesupport_cpp.so" to ""
[5.687s] -- Installing: /home/miao/planning_with_ROS2_ws/install/base_msgs/share/base_msgs/environment/pythonpath.sh
[5.687s] -- Installing: /home/miao/planning_with_ROS2_ws/install/base_msgs/share/base_msgs/environment/pythonpath.dsv
[5.687s] -- Installing: /home/miao/planning_with_ROS2_ws/install/base_msgs/local/lib/python3.10/dist-packages/base_msgs-0.0.0-py3.10.egg-info
[5.687s] -- Installing: /home/miao/planning_with_ROS2_ws/install/base_msgs/local/lib/python3.10/dist-packages/base_msgs-0.0.0-py3.10.egg-info/top_level.txt
[5.687s] -- Installing: /home/miao/planning_with_ROS2_ws/install/base_msgs/local/lib/python3.10/dist-packages/base_msgs-0.0.0-py3.10.egg-info/SOURCES.txt
[5.687s] -- Installing: /home/miao/planning_with_ROS2_ws/install/base_msgs/local/lib/python3.10/dist-packages/base_msgs-0.0.0-py3.10.egg-info/PKG-INFO
[5.687s] -- Installing: /home/miao/planning_with_ROS2_ws/install/base_msgs/local/lib/python3.10/dist-packages/base_msgs-0.0.0-py3.10.egg-info/dependency_links.txt
[5.687s] -- Installing: /home/miao/planning_with_ROS2_ws/install/base_msgs/local/lib/python3.10/dist-packages/base_msgs
[5.687s] -- Installing: /home/miao/planning_with_ROS2_ws/install/base_msgs/local/lib/python3.10/dist-packages/base_msgs/srv
[5.687s] -- Installing: /home/miao/planning_with_ROS2_ws/install/base_msgs/local/lib/python3.10/dist-packages/base_msgs/srv/__init__.py
[5.687s] -- Installing: /home/miao/planning_with_ROS2_ws/install/base_msgs/local/lib/python3.10/dist-packages/base_msgs/srv/_global_path_service_s.c
[5.687s] -- Installing: /home/miao/planning_with_ROS2_ws/install/base_msgs/local/lib/python3.10/dist-packages/base_msgs/srv/_pnc_map_service.py
[5.687s] -- Installing: /home/miao/planning_with_ROS2_ws/install/base_msgs/local/lib/python3.10/dist-packages/base_msgs/srv/_global_path_service.py
[5.687s] -- Installing: /home/miao/planning_with_ROS2_ws/install/base_msgs/local/lib/python3.10/dist-packages/base_msgs/srv/_pnc_map_service_s.c
[5.687s] -- Installing: /home/miao/planning_with_ROS2_ws/install/base_msgs/local/lib/python3.10/dist-packages/base_msgs/__init__.py
[5.687s] -- Installing: /home/miao/planning_with_ROS2_ws/install/base_msgs/local/lib/python3.10/dist-packages/base_msgs/_base_msgs_s.ep.rosidl_typesupport_c.c
[5.687s] -- Installing: /home/miao/planning_with_ROS2_ws/install/base_msgs/local/lib/python3.10/dist-packages/base_msgs/base_msgs_s__rosidl_typesupport_c.cpython-310-x86_64-linux-gnu.so
[5.687s] -- Installing: /home/miao/planning_with_ROS2_ws/install/base_msgs/local/lib/python3.10/dist-packages/base_msgs/_base_msgs_s.ep.rosidl_typesupport_fastrtps_c.c
[5.687s] -- Installing: /home/miao/planning_with_ROS2_ws/install/base_msgs/local/lib/python3.10/dist-packages/base_msgs/_base_msgs_s.ep.rosidl_typesupport_introspection_c.c
[5.687s] -- Installing: /home/miao/planning_with_ROS2_ws/install/base_msgs/local/lib/python3.10/dist-packages/base_msgs/base_msgs_s__rosidl_typesupport_fastrtps_c.cpython-310-x86_64-linux-gnu.so
[5.687s] -- Installing: /home/miao/planning_with_ROS2_ws/install/base_msgs/local/lib/python3.10/dist-packages/base_msgs/msg
[5.687s] -- Installing: /home/miao/planning_with_ROS2_ws/install/base_msgs/local/lib/python3.10/dist-packages/base_msgs/msg/_local_speeds_s.c
[5.687s] -- Installing: /home/miao/planning_with_ROS2_ws/install/base_msgs/local/lib/python3.10/dist-packages/base_msgs/msg/__init__.py
[5.687s] -- Installing: /home/miao/planning_with_ROS2_ws/install/base_msgs/local/lib/python3.10/dist-packages/base_msgs/msg/_plot_info.py
[5.687s] -- Installing: /home/miao/planning_with_ROS2_ws/install/base_msgs/local/lib/python3.10/dist-packages/base_msgs/msg/_plot_info_s.c
[5.687s] -- Installing: /home/miao/planning_with_ROS2_ws/install/base_msgs/local/lib/python3.10/dist-packages/base_msgs/msg/_obs_info_s.c
[5.687s] -- Installing: /home/miao/planning_with_ROS2_ws/install/base_msgs/local/lib/python3.10/dist-packages/base_msgs/msg/_local_trajectory_point_s.c
[5.687s] -- Installing: /home/miao/planning_with_ROS2_ws/install/base_msgs/local/lib/python3.10/dist-packages/base_msgs/msg/_local_path.py
[5.687s] -- Installing: /home/miao/planning_with_ROS2_ws/install/base_msgs/local/lib/python3.10/dist-packages/base_msgs/msg/_local_trajectory.py
[5.687s] -- Installing: /home/miao/planning_with_ROS2_ws/install/base_msgs/local/lib/python3.10/dist-packages/base_msgs/msg/_local_trajectory_point.py
[5.687s] -- Installing: /home/miao/planning_with_ROS2_ws/install/base_msgs/local/lib/python3.10/dist-packages/base_msgs/msg/_referline.py
[5.687s] -- Installing: /home/miao/planning_with_ROS2_ws/install/base_msgs/local/lib/python3.10/dist-packages/base_msgs/msg/_local_speeds_point.py
[5.687s] -- Installing: /home/miao/planning_with_ROS2_ws/install/base_msgs/local/lib/python3.10/dist-packages/base_msgs/msg/_obs_info.py
[5.687s] -- Installing: /home/miao/planning_with_ROS2_ws/install/base_msgs/local/lib/python3.10/dist-packages/base_msgs/msg/_referline_point.py
[5.687s] -- Installing: /home/miao/planning_with_ROS2_ws/install/base_msgs/local/lib/python3.10/dist-packages/base_msgs/msg/_pnc_map_s.c
[5.687s] -- Installing: /home/miao/planning_with_ROS2_ws/install/base_msgs/local/lib/python3.10/dist-packages/base_msgs/msg/_referline_point_s.c
[5.688s] -- Installing: /home/miao/planning_with_ROS2_ws/install/base_msgs/local/lib/python3.10/dist-packages/base_msgs/msg/_pnc_map.py
[5.688s] -- Installing: /home/miao/planning_with_ROS2_ws/install/base_msgs/local/lib/python3.10/dist-packages/base_msgs/msg/_local_path_s.c
[5.688s] -- Installing: /home/miao/planning_with_ROS2_ws/install/base_msgs/local/lib/python3.10/dist-packages/base_msgs/msg/_local_speeds.py
[5.688s] -- Installing: /home/miao/planning_with_ROS2_ws/install/base_msgs/local/lib/python3.10/dist-packages/base_msgs/msg/_local_path_point_s.c
[5.688s] -- Installing: /home/miao/planning_with_ROS2_ws/install/base_msgs/local/lib/python3.10/dist-packages/base_msgs/msg/_local_trajectory_s.c
[5.688s] -- Installing: /home/miao/planning_with_ROS2_ws/install/base_msgs/local/lib/python3.10/dist-packages/base_msgs/msg/_referline_s.c
[5.688s] -- Installing: /home/miao/planning_with_ROS2_ws/install/base_msgs/local/lib/python3.10/dist-packages/base_msgs/msg/_local_path_point.py
[5.688s] -- Installing: /home/miao/planning_with_ROS2_ws/install/base_msgs/local/lib/python3.10/dist-packages/base_msgs/msg/_local_speeds_point_s.c
[5.688s] -- Installing: /home/miao/planning_with_ROS2_ws/install/base_msgs/local/lib/python3.10/dist-packages/base_msgs/base_msgs_s__rosidl_typesupport_introspection_c.cpython-310-x86_64-linux-gnu.so
[5.688s] -- Installing: /home/miao/planning_with_ROS2_ws/install/base_msgs/local/lib/python3.10/dist-packages/base_msgs/libbase_msgs__rosidl_generator_py.so
[5.715s] Listing '/home/miao/planning_with_ROS2_ws/install/base_msgs/local/lib/python3.10/dist-packages/base_msgs'...
[5.715s] Compiling '/home/miao/planning_with_ROS2_ws/install/base_msgs/local/lib/python3.10/dist-packages/base_msgs/__init__.py'...
[5.715s] Listing '/home/miao/planning_with_ROS2_ws/install/base_msgs/local/lib/python3.10/dist-packages/base_msgs/msg'...
[5.715s] Compiling '/home/miao/planning_with_ROS2_ws/install/base_msgs/local/lib/python3.10/dist-packages/base_msgs/msg/__init__.py'...
[5.715s] Compiling '/home/miao/planning_with_ROS2_ws/install/base_msgs/local/lib/python3.10/dist-packages/base_msgs/msg/_local_path.py'...
[5.715s] Compiling '/home/miao/planning_with_ROS2_ws/install/base_msgs/local/lib/python3.10/dist-packages/base_msgs/msg/_local_path_point.py'...
[5.715s] Compiling '/home/miao/planning_with_ROS2_ws/install/base_msgs/local/lib/python3.10/dist-packages/base_msgs/msg/_local_speeds.py'...
[5.715s] Compiling '/home/miao/planning_with_ROS2_ws/install/base_msgs/local/lib/python3.10/dist-packages/base_msgs/msg/_local_speeds_point.py'...
[5.715s] Compiling '/home/miao/planning_with_ROS2_ws/install/base_msgs/local/lib/python3.10/dist-packages/base_msgs/msg/_local_trajectory.py'...
[5.715s] Compiling '/home/miao/planning_with_ROS2_ws/install/base_msgs/local/lib/python3.10/dist-packages/base_msgs/msg/_local_trajectory_point.py'...
[5.715s] Compiling '/home/miao/planning_with_ROS2_ws/install/base_msgs/local/lib/python3.10/dist-packages/base_msgs/msg/_obs_info.py'...
[5.715s] Compiling '/home/miao/planning_with_ROS2_ws/install/base_msgs/local/lib/python3.10/dist-packages/base_msgs/msg/_plot_info.py'...
[5.715s] Compiling '/home/miao/planning_with_ROS2_ws/install/base_msgs/local/lib/python3.10/dist-packages/base_msgs/msg/_pnc_map.py'...
[5.715s] Compiling '/home/miao/planning_with_ROS2_ws/install/base_msgs/local/lib/python3.10/dist-packages/base_msgs/msg/_referline.py'...
[5.715s] Compiling '/home/miao/planning_with_ROS2_ws/install/base_msgs/local/lib/python3.10/dist-packages/base_msgs/msg/_referline_point.py'...
[5.715s] Listing '/home/miao/planning_with_ROS2_ws/install/base_msgs/local/lib/python3.10/dist-packages/base_msgs/srv'...
[5.715s] Compiling '/home/miao/planning_with_ROS2_ws/install/base_msgs/local/lib/python3.10/dist-packages/base_msgs/srv/__init__.py'...
[5.715s] Compiling '/home/miao/planning_with_ROS2_ws/install/base_msgs/local/lib/python3.10/dist-packages/base_msgs/srv/_global_path_service.py'...
[5.715s] Compiling '/home/miao/planning_with_ROS2_ws/install/base_msgs/local/lib/python3.10/dist-packages/base_msgs/srv/_pnc_map_service.py'...
[5.718s] -- Installing: /home/miao/planning_with_ROS2_ws/install/base_msgs/local/lib/python3.10/dist-packages/base_msgs/base_msgs_s__rosidl_typesupport_fastrtps_c.cpython-310-x86_64-linux-gnu.so
[5.718s] -- Set runtime path of "/home/miao/planning_with_ROS2_ws/install/base_msgs/local/lib/python3.10/dist-packages/base_msgs/base_msgs_s__rosidl_typesupport_fastrtps_c.cpython-310-x86_64-linux-gnu.so" to ""
[5.718s] -- Installing: /home/miao/planning_with_ROS2_ws/install/base_msgs/local/lib/python3.10/dist-packages/base_msgs/base_msgs_s__rosidl_typesupport_introspection_c.cpython-310-x86_64-linux-gnu.so
[5.718s] -- Set runtime path of "/home/miao/planning_with_ROS2_ws/install/base_msgs/local/lib/python3.10/dist-packages/base_msgs/base_msgs_s__rosidl_typesupport_introspection_c.cpython-310-x86_64-linux-gnu.so" to ""
[5.718s] -- Installing: /home/miao/planning_with_ROS2_ws/install/base_msgs/local/lib/python3.10/dist-packages/base_msgs/base_msgs_s__rosidl_typesupport_c.cpython-310-x86_64-linux-gnu.so
[5.719s] -- Set runtime path of "/home/miao/planning_with_ROS2_ws/install/base_msgs/local/lib/python3.10/dist-packages/base_msgs/base_msgs_s__rosidl_typesupport_c.cpython-310-x86_64-linux-gnu.so" to ""
[5.719s] -- Installing: /home/miao/planning_with_ROS2_ws/install/base_msgs/lib/libbase_msgs__rosidl_generator_py.so
[5.719s] -- Set runtime path of "/home/miao/planning_with_ROS2_ws/install/base_msgs/lib/libbase_msgs__rosidl_generator_py.so" to ""
[5.719s] -- Installing: /home/miao/planning_with_ROS2_ws/install/base_msgs/share/base_msgs/msg/LocalPath.idl
[5.719s] -- Installing: /home/miao/planning_with_ROS2_ws/install/base_msgs/share/base_msgs/msg/LocalPathPoint.idl
[5.719s] -- Installing: /home/miao/planning_with_ROS2_ws/install/base_msgs/share/base_msgs/msg/LocalSpeeds.idl
[5.719s] -- Installing: /home/miao/planning_with_ROS2_ws/install/base_msgs/share/base_msgs/msg/LocalSpeedsPoint.idl
[5.719s] -- Installing: /home/miao/planning_with_ROS2_ws/install/base_msgs/share/base_msgs/msg/LocalTrajectory.idl
[5.719s] -- Installing: /home/miao/planning_with_ROS2_ws/install/base_msgs/share/base_msgs/msg/LocalTrajectoryPoint.idl
[5.719s] -- Installing: /home/miao/planning_with_ROS2_ws/install/base_msgs/share/base_msgs/msg/ObsInfo.idl
[5.719s] -- Installing: /home/miao/planning_with_ROS2_ws/install/base_msgs/share/base_msgs/msg/PlotInfo.idl
[5.719s] -- Installing: /home/miao/planning_with_ROS2_ws/install/base_msgs/share/base_msgs/msg/PNCMap.idl
[5.719s] -- Installing: /home/miao/planning_with_ROS2_ws/install/base_msgs/share/base_msgs/msg/Referline.idl
[5.719s] -- Installing: /home/miao/planning_with_ROS2_ws/install/base_msgs/share/base_msgs/msg/ReferlinePoint.idl
[5.719s] -- Installing: /home/miao/planning_with_ROS2_ws/install/base_msgs/share/base_msgs/srv/GlobalPathService.idl
[5.719s] -- Installing: /home/miao/planning_with_ROS2_ws/install/base_msgs/share/base_msgs/srv/PNCMapService.idl
[5.720s] -- Installing: /home/miao/planning_with_ROS2_ws/install/base_msgs/share/base_msgs/msg/LocalPath.msg
[5.720s] -- Installing: /home/miao/planning_with_ROS2_ws/install/base_msgs/share/base_msgs/msg/LocalPathPoint.msg
[5.720s] -- Installing: /home/miao/planning_with_ROS2_ws/install/base_msgs/share/base_msgs/msg/LocalSpeeds.msg
[5.720s] -- Installing: /home/miao/planning_with_ROS2_ws/install/base_msgs/share/base_msgs/msg/LocalSpeedsPoint.msg
[5.720s] -- Installing: /home/miao/planning_with_ROS2_ws/install/base_msgs/share/base_msgs/msg/LocalTrajectory.msg
[5.720s] -- Installing: /home/miao/planning_with_ROS2_ws/install/base_msgs/share/base_msgs/msg/LocalTrajectoryPoint.msg
[5.720s] -- Installing: /home/miao/planning_with_ROS2_ws/install/base_msgs/share/base_msgs/msg/ObsInfo.msg
[5.720s] -- Installing: /home/miao/planning_with_ROS2_ws/install/base_msgs/share/base_msgs/msg/PlotInfo.msg
[5.720s] -- Installing: /home/miao/planning_with_ROS2_ws/install/base_msgs/share/base_msgs/msg/PNCMap.msg
[5.720s] -- Installing: /home/miao/planning_with_ROS2_ws/install/base_msgs/share/base_msgs/msg/Referline.msg
[5.720s] -- Installing: /home/miao/planning_with_ROS2_ws/install/base_msgs/share/base_msgs/msg/ReferlinePoint.msg
[5.720s] -- Installing: /home/miao/planning_with_ROS2_ws/install/base_msgs/share/base_msgs/srv/GlobalPathService.srv
[5.720s] -- Installing: /home/miao/planning_with_ROS2_ws/install/base_msgs/share/base_msgs/srv/GlobalPathService_Request.msg
[5.720s] -- Installing: /home/miao/planning_with_ROS2_ws/install/base_msgs/share/base_msgs/srv/GlobalPathService_Response.msg
[5.720s] -- Installing: /home/miao/planning_with_ROS2_ws/install/base_msgs/share/base_msgs/srv/PNCMapService.srv
[5.720s] -- Installing: /home/miao/planning_with_ROS2_ws/install/base_msgs/share/base_msgs/srv/PNCMapService_Request.msg
[5.720s] -- Installing: /home/miao/planning_with_ROS2_ws/install/base_msgs/share/base_msgs/srv/PNCMapService_Response.msg
[5.720s] -- Installing: /home/miao/planning_with_ROS2_ws/install/base_msgs/share/ament_index/resource_index/package_run_dependencies/base_msgs
[5.720s] -- Installing: /home/miao/planning_with_ROS2_ws/install/base_msgs/share/ament_index/resource_index/parent_prefix_path/base_msgs
[5.720s] -- Installing: /home/miao/planning_with_ROS2_ws/install/base_msgs/share/base_msgs/environment/ament_prefix_path.sh
[5.720s] -- Installing: /home/miao/planning_with_ROS2_ws/install/base_msgs/share/base_msgs/environment/ament_prefix_path.dsv
[5.720s] -- Installing: /home/miao/planning_with_ROS2_ws/install/base_msgs/share/base_msgs/environment/path.sh
[5.720s] -- Installing: /home/miao/planning_with_ROS2_ws/install/base_msgs/share/base_msgs/environment/path.dsv
[5.720s] -- Installing: /home/miao/planning_with_ROS2_ws/install/base_msgs/share/base_msgs/local_setup.bash
[5.720s] -- Installing: /home/miao/planning_with_ROS2_ws/install/base_msgs/share/base_msgs/local_setup.sh
[5.720s] -- Installing: /home/miao/planning_with_ROS2_ws/install/base_msgs/share/base_msgs/local_setup.zsh
[5.721s] -- Installing: /home/miao/planning_with_ROS2_ws/install/base_msgs/share/base_msgs/local_setup.dsv
[5.721s] -- Installing: /home/miao/planning_with_ROS2_ws/install/base_msgs/share/base_msgs/package.dsv
[5.721s] -- Installing: /home/miao/planning_with_ROS2_ws/install/base_msgs/share/ament_index/resource_index/packages/base_msgs
[5.721s] -- Installing: /home/miao/planning_with_ROS2_ws/install/base_msgs/share/base_msgs/cmake/export_base_msgs__rosidl_generator_cExport.cmake
[5.721s] -- Installing: /home/miao/planning_with_ROS2_ws/install/base_msgs/share/base_msgs/cmake/export_base_msgs__rosidl_generator_cExport-noconfig.cmake
[5.721s] -- Installing: /home/miao/planning_with_ROS2_ws/install/base_msgs/share/base_msgs/cmake/export_base_msgs__rosidl_typesupport_fastrtps_cExport.cmake
[5.721s] -- Installing: /home/miao/planning_with_ROS2_ws/install/base_msgs/share/base_msgs/cmake/export_base_msgs__rosidl_typesupport_fastrtps_cExport-noconfig.cmake
[5.721s] -- Installing: /home/miao/planning_with_ROS2_ws/install/base_msgs/share/base_msgs/cmake/base_msgs__rosidl_typesupport_introspection_cExport.cmake
[5.721s] -- Installing: /home/miao/planning_with_ROS2_ws/install/base_msgs/share/base_msgs/cmake/base_msgs__rosidl_typesupport_introspection_cExport-noconfig.cmake
[5.721s] -- Installing: /home/miao/planning_with_ROS2_ws/install/base_msgs/share/base_msgs/cmake/base_msgs__rosidl_typesupport_cExport.cmake
[5.721s] -- Installing: /home/miao/planning_with_ROS2_ws/install/base_msgs/share/base_msgs/cmake/base_msgs__rosidl_typesupport_cExport-noconfig.cmake
[5.721s] -- Installing: /home/miao/planning_with_ROS2_ws/install/base_msgs/share/base_msgs/cmake/export_base_msgs__rosidl_generator_cppExport.cmake
[5.721s] -- Installing: /home/miao/planning_with_ROS2_ws/install/base_msgs/share/base_msgs/cmake/export_base_msgs__rosidl_typesupport_fastrtps_cppExport.cmake
[5.721s] -- Installing: /home/miao/planning_with_ROS2_ws/install/base_msgs/share/base_msgs/cmake/export_base_msgs__rosidl_typesupport_fastrtps_cppExport-noconfig.cmake
[5.721s] -- Installing: /home/miao/planning_with_ROS2_ws/install/base_msgs/share/base_msgs/cmake/base_msgs__rosidl_typesupport_introspection_cppExport.cmake
[5.721s] -- Installing: /home/miao/planning_with_ROS2_ws/install/base_msgs/share/base_msgs/cmake/base_msgs__rosidl_typesupport_introspection_cppExport-noconfig.cmake
[5.721s] -- Installing: /home/miao/planning_with_ROS2_ws/install/base_msgs/share/base_msgs/cmake/base_msgs__rosidl_typesupport_cppExport.cmake
[5.721s] -- Installing: /home/miao/planning_with_ROS2_ws/install/base_msgs/share/base_msgs/cmake/base_msgs__rosidl_typesupport_cppExport-noconfig.cmake
[5.722s] -- Installing: /home/miao/planning_with_ROS2_ws/install/base_msgs/share/base_msgs/cmake/export_base_msgs__rosidl_generator_pyExport.cmake
[5.722s] -- Installing: /home/miao/planning_with_ROS2_ws/install/base_msgs/share/base_msgs/cmake/export_base_msgs__rosidl_generator_pyExport-noconfig.cmake
[5.722s] -- Installing: /home/miao/planning_with_ROS2_ws/install/base_msgs/share/base_msgs/cmake/rosidl_cmake-extras.cmake
[5.722s] -- Installing: /home/miao/planning_with_ROS2_ws/install/base_msgs/share/base_msgs/cmake/ament_cmake_export_dependencies-extras.cmake
[5.722s] -- Installing: /home/miao/planning_with_ROS2_ws/install/base_msgs/share/base_msgs/cmake/ament_cmake_export_include_directories-extras.cmake
[5.722s] -- Installing: /home/miao/planning_with_ROS2_ws/install/base_msgs/share/base_msgs/cmake/ament_cmake_export_libraries-extras.cmake
[5.722s] -- Installing: /home/miao/planning_with_ROS2_ws/install/base_msgs/share/base_msgs/cmake/ament_cmake_export_targets-extras.cmake
[5.722s] -- Installing: /home/miao/planning_with_ROS2_ws/install/base_msgs/share/base_msgs/cmake/rosidl_cmake_export_typesupport_targets-extras.cmake
[5.722s] -- Installing: /home/miao/planning_with_ROS2_ws/install/base_msgs/share/base_msgs/cmake/rosidl_cmake_export_typesupport_libraries-extras.cmake
[5.722s] -- Installing: /home/miao/planning_with_ROS2_ws/install/base_msgs/share/base_msgs/cmake/base_msgsConfig.cmake
[5.722s] -- Installing: /home/miao/planning_with_ROS2_ws/install/base_msgs/share/base_msgs/cmake/base_msgsConfig-version.cmake
[5.722s] -- Installing: /home/miao/planning_with_ROS2_ws/install/base_msgs/share/base_msgs/package.xml
[5.724s] Invoked command in '/home/miao/planning_with_ROS2_ws/build/base_msgs' returned '0': CMAKE_PREFIX_PATH=${CMAKE_PREFIX_PATH}:/home/miao/planning_with_ROS2_ws/install/data_plot:/opt/ros/humble /usr/bin/cmake --install /home/miao/planning_with_ROS2_ws/build/base_msgs
