-- Found ament_cmake: 1.3.11 (/opt/ros/humble/share/ament_cmake/cmake)
-- Found rclcpp: 16.0.11 (/opt/ros/humble/share/rclcpp/cmake)
-- Found rosidl_generator_c: 3.1.6 (/opt/ros/humble/share/rosidl_generator_c/cmake)
-- Found rosidl_adapter: 3.1.6 (/opt/ros/humble/share/rosidl_adapter/cmake)
-- Found rosidl_generator_cpp: 3.1.6 (/opt/ros/humble/share/rosidl_generator_cpp/cmake)
-- Using all available rosidl_typesupport_c: rosidl_typesupport_fastrtps_c;rosidl_typesupport_introspection_c
-- Using all available rosidl_typesupport_cpp: rosidl_typesupport_fastrtps_cpp;rosidl_typesupport_introspection_cpp
-- Found rmw_implementation_cmake: 6.1.2 (/opt/ros/humble/share/rmw_implementation_cmake/cmake)
-- Found rmw_fastrtps_cpp: 6.2.7 (/opt/ros/humble/share/rmw_fastrtps_cpp/cmake)
-- Using RMW implementation 'rmw_fastrtps_cpp' as default
-- Found tf2: 0.25.9 (/opt/ros/humble/share/tf2/cmake)
-- Found tf2_ros: 0.25.9 (/opt/ros/humble/share/tf2_ros/cmake)
-- Found nav_msgs: 4.2.4 (/opt/ros/humble/share/nav_msgs/cmake)
-- Found visualization_msgs: 4.2.4 (/opt/ros/humble/share/visualization_msgs/cmake)
-- Found base_msgs: 0.0.0 (/home/miao/planning_with_ROS2_ws/install/base_msgs/share/base_msgs/cmake)
-- Found ament_lint_auto: 0.12.11 (/opt/ros/humble/share/ament_lint_auto/cmake)
-- Added test 'cppcheck' to perform static code analysis on C / C++ code
-- Configured cppcheck include dirs: /home/miao/planning_with_ROS2_ws/src/planning/src/common/config_reader;/home/miao/planning_with_ROS2_ws/src/planning/src/common/math;/home/miao/planning_with_ROS2_ws/src/planning/src/decision_center;/home/miao/planning_with_ROS2_ws/src/planning/src/global_planner;/home/miao/planning_with_ROS2_ws/src/planning/src/global_planner/global_planner_normal;/home/miao/planning_with_ROS2_ws/src/planning/src/local_planner;/home/miao/planning_with_ROS2_ws/src/planning/src/local_planner/local_path;/home/miao/planning_with_ROS2_ws/src/planning/src/local_planner/local_speeds;/home/miao/planning_with_ROS2_ws/src/planning/src/move_cmd;/home/miao/planning_with_ROS2_ws/src/planning/src/planning_process;/home/miao/planning_with_ROS2_ws/src/planning/src/pnc_map_creator;/home/miao/planning_with_ROS2_ws/src/planning/src/pnc_map_creator/pnc_map_straight;/home/miao/planning_with_ROS2_ws/src/planning/src/pnc_map_creator/pnc_map_sturn;/home/miao/planning_with_ROS2_ws/src/planning/src/reference_line;/home/miao/planning_with_ROS2_ws/src/planning/src/vehicle_info;/home/miao/planning_with_ROS2_ws/src/planning/src/vehicle_info/main_car;/home/miao/planning_with_ROS2_ws/src/planning/src/vehicle_info/obs_car
-- Configured cppcheck exclude dirs and/or files: 
-- Added test 'lint_cmake' to check CMake code style
-- Added test 'uncrustify' to check C / C++ code style
-- Configured uncrustify additional arguments: 
-- Added test 'xmllint' to check XML markup files
-- Configuring done
-- Generating done
-- Build files have been written to: /home/miao/planning_with_ROS2_ws/build/planning
[35m[1mConsolidate compiler generated dependencies of target decision_center[0m
[35m[1mConsolidate compiler generated dependencies of target global_path_server[0m
[35m[1mConsolidate compiler generated dependencies of target global_planner[0m
[35m[1mConsolidate compiler generated dependencies of target mathlibs[0m
[35m[1mConsolidate compiler generated dependencies of target car_move_cmd[0m
[35m[1mConsolidate compiler generated dependencies of target planning_node[0m
[35m[1mConsolidate compiler generated dependencies of target config_reader[0m
[35m[1mConsolidate compiler generated dependencies of target obs_move_cmd[0m
[35m[1mConsolidate compiler generated dependencies of target pnc_map[0m
[35m[1mConsolidate compiler generated dependencies of target local_planner[0m
[ 17%] Built target decision_center
[ 17%] Built target global_path_server
[ 17%] Built target car_move_cmd
[ 26%] Built target mathlibs
[ 35%] Built target planning_node
[ 41%] Built target global_planner
[ 50%] Built target pnc_map
[ 55%] Built target config_reader
[ 61%] Built target obs_move_cmd
[ 76%] Built target local_planner
[35m[1mConsolidate compiler generated dependencies of target reference_line[0m
[35m[1mConsolidate compiler generated dependencies of target pnc_map_server[0m
[ 82%] [32mBuilding CXX object src/vehicle_info/CMakeFiles/vehicle_info.dir/main_car/main_car.cpp.o[0m
[ 82%] [32mBuilding CXX object src/vehicle_info/CMakeFiles/vehicle_info.dir/obs_car/obs_car.cpp.o[0m
[ 88%] Built target pnc_map_server
[ 97%] Built target reference_line
[100%] [32m[1mLinking CXX shared library libvehicle_info.so[0m
[100%] Built target vehicle_info
-- Install configuration: ""
-- Up-to-date: /home/miao/planning_with_ROS2_ws/install/planning/lib/libconfig_reader.so
-- Up-to-date: /home/miao/planning_with_ROS2_ws/install/planning/lib/libmathlibs.so
-- Up-to-date: /home/miao/planning_with_ROS2_ws/install/planning/lib/libdecision_center.so
-- Up-to-date: /home/miao/planning_with_ROS2_ws/install/planning/lib/libglobal_planner.so
-- Up-to-date: /home/miao/planning_with_ROS2_ws/install/planning/lib/planning/global_path_server
-- Up-to-date: /home/miao/planning_with_ROS2_ws/install/planning/lib/liblocal_planner.so
-- Up-to-date: /home/miao/planning_with_ROS2_ws/install/planning/lib/planning/car_move_cmd
-- Up-to-date: /home/miao/planning_with_ROS2_ws/install/planning/lib/planning/obs_move_cmd
-- Up-to-date: /home/miao/planning_with_ROS2_ws/install/planning/lib/planning/planning_node
-- Up-to-date: /home/miao/planning_with_ROS2_ws/install/planning/lib/libpnc_map.so
-- Up-to-date: /home/miao/planning_with_ROS2_ws/install/planning/lib/planning/pnc_map_server
-- Up-to-date: /home/miao/planning_with_ROS2_ws/install/planning/lib/libreference_line.so
-- Installing: /home/miao/planning_with_ROS2_ws/install/planning/lib/libvehicle_info.so
-- Set runtime path of "/home/miao/planning_with_ROS2_ws/install/planning/lib/libvehicle_info.so" to ""
-- Up-to-date: /home/miao/planning_with_ROS2_ws/install/planning/share/planning/config
-- Up-to-date: /home/miao/planning_with_ROS2_ws/install/planning/share/planning/launch
-- Up-to-date: /home/miao/planning_with_ROS2_ws/install/planning/share/planning/rviz
-- Up-to-date: /home/miao/planning_with_ROS2_ws/install/planning/share/planning/urdf
-- Up-to-date: /home/miao/planning_with_ROS2_ws/install/planning/share/planning/urdf/main_car
-- Up-to-date: /home/miao/planning_with_ROS2_ws/install/planning/share/planning/urdf/obs_car
-- Up-to-date: /home/miao/planning_with_ROS2_ws/install/planning/share/ament_index/resource_index/package_run_dependencies/planning
-- Up-to-date: /home/miao/planning_with_ROS2_ws/install/planning/share/ament_index/resource_index/parent_prefix_path/planning
-- Up-to-date: /home/miao/planning_with_ROS2_ws/install/planning/share/planning/environment/ament_prefix_path.sh
-- Installing: /home/miao/planning_with_ROS2_ws/install/planning/share/planning/environment/ament_prefix_path.dsv
-- Up-to-date: /home/miao/planning_with_ROS2_ws/install/planning/share/planning/environment/path.sh
-- Installing: /home/miao/planning_with_ROS2_ws/install/planning/share/planning/environment/path.dsv
-- Up-to-date: /home/miao/planning_with_ROS2_ws/install/planning/share/planning/local_setup.bash
-- Up-to-date: /home/miao/planning_with_ROS2_ws/install/planning/share/planning/local_setup.sh
-- Up-to-date: /home/miao/planning_with_ROS2_ws/install/planning/share/planning/local_setup.zsh
-- Installing: /home/miao/planning_with_ROS2_ws/install/planning/share/planning/local_setup.dsv
-- Installing: /home/miao/planning_with_ROS2_ws/install/planning/share/planning/package.dsv
-- Up-to-date: /home/miao/planning_with_ROS2_ws/install/planning/share/ament_index/resource_index/packages/planning
-- Up-to-date: /home/miao/planning_with_ROS2_ws/install/planning/share/planning/cmake/planningConfig.cmake
-- Up-to-date: /home/miao/planning_with_ROS2_ws/install/planning/share/planning/cmake/planningConfig-version.cmake
-- Up-to-date: /home/miao/planning_with_ROS2_ws/install/planning/share/planning/package.xml
