[  8%] Built target config_reader
[ 14%] Built target mathlibs
[ 20%] Built target global_planner
[ 29%] Built target pnc_map
[ 38%] Built target vehicle_info
[ 50%] Built target global_path_server
[ 52%] Built target reference_line
[ 58%] Built target pnc_map_server
[ 64%] Built target decision_center
[ 70%] Built target car_move_cmd
[ 76%] Built target obs_move_cmd
[ 91%] Built target local_planner
[100%] Built target planning_node
-- Install configuration: ""
-- Up-to-date: /home/miao/planning_with_ROS2_ws/install/planning/lib/libconfig_reader.so
-- Up-to-date: /home/miao/planning_with_ROS2_ws/install/planning/lib/libmathlibs.so
-- Up-to-date: /home/miao/planning_with_ROS2_ws/install/planning/lib/libdecision_center.so
-- Up-to-date: /home/miao/planning_with_ROS2_ws/install/planning/lib/libglobal_planner.so
-- Up-to-date: /home/miao/planning_with_ROS2_ws/install/planning/lib/planning/global_path_server
-- Up-to-date: /home/miao/planning_with_ROS2_ws/install/planning/lib/liblocal_planner.so
-- Up-to-date: /home/miao/planning_with_ROS2_ws/install/planning/lib/planning/car_move_cmd
-- Up-to-date: /home/miao/planning_with_ROS2_ws/install/planning/lib/planning/obs_move_cmd
-- Up-to-date: /home/miao/planning_with_ROS2_ws/install/planning/lib/planning/planning_node
-- Up-to-date: /home/miao/planning_with_ROS2_ws/install/planning/lib/libpnc_map.so
-- Up-to-date: /home/miao/planning_with_ROS2_ws/install/planning/lib/planning/pnc_map_server
-- Up-to-date: /home/miao/planning_with_ROS2_ws/install/planning/lib/libreference_line.so
-- Up-to-date: /home/miao/planning_with_ROS2_ws/install/planning/lib/libvehicle_info.so
-- Up-to-date: /home/miao/planning_with_ROS2_ws/install/planning/share/planning/config
-- Up-to-date: /home/miao/planning_with_ROS2_ws/install/planning/share/planning/config/planning_static_obs_config.yaml
-- Up-to-date: /home/miao/planning_with_ROS2_ws/install/planning/share/planning/launch
-- Installing: /home/miao/planning_with_ROS2_ws/install/planning/share/planning/launch/planning_launch.py
-- Up-to-date: /home/miao/planning_with_ROS2_ws/install/planning/share/planning/launch/move_cmd_launch.py
-- Up-to-date: /home/miao/planning_with_ROS2_ws/install/planning/share/planning/rviz
-- Up-to-date: /home/miao/planning_with_ROS2_ws/install/planning/share/planning/urdf
-- Up-to-date: /home/miao/planning_with_ROS2_ws/install/planning/share/planning/urdf/main_car
-- Up-to-date: /home/miao/planning_with_ROS2_ws/install/planning/share/planning/urdf/main_car/car_radar.xacro
-- Up-to-date: /home/miao/planning_with_ROS2_ws/install/planning/share/planning/urdf/main_car/car.xacro
-- Up-to-date: /home/miao/planning_with_ROS2_ws/install/planning/share/planning/urdf/main_car/car_camera.xacro
-- Up-to-date: /home/miao/planning_with_ROS2_ws/install/planning/share/planning/urdf/main_car/car_wheels.xacro
-- Up-to-date: /home/miao/planning_with_ROS2_ws/install/planning/share/planning/urdf/main_car/car_base.xacro
-- Up-to-date: /home/miao/planning_with_ROS2_ws/install/planning/share/planning/urdf/obs_car
-- Up-to-date: /home/miao/planning_with_ROS2_ws/install/planning/share/ament_index/resource_index/package_run_dependencies/planning
-- Up-to-date: /home/miao/planning_with_ROS2_ws/install/planning/share/ament_index/resource_index/parent_prefix_path/planning
-- Up-to-date: /home/miao/planning_with_ROS2_ws/install/planning/share/planning/environment/ament_prefix_path.sh
-- Up-to-date: /home/miao/planning_with_ROS2_ws/install/planning/share/planning/environment/ament_prefix_path.dsv
-- Up-to-date: /home/miao/planning_with_ROS2_ws/install/planning/share/planning/environment/path.sh
-- Up-to-date: /home/miao/planning_with_ROS2_ws/install/planning/share/planning/environment/path.dsv
-- Up-to-date: /home/miao/planning_with_ROS2_ws/install/planning/share/planning/local_setup.bash
-- Up-to-date: /home/miao/planning_with_ROS2_ws/install/planning/share/planning/local_setup.sh
-- Up-to-date: /home/miao/planning_with_ROS2_ws/install/planning/share/planning/local_setup.zsh
-- Up-to-date: /home/miao/planning_with_ROS2_ws/install/planning/share/planning/local_setup.dsv
-- Installing: /home/miao/planning_with_ROS2_ws/install/planning/share/planning/package.dsv
-- Up-to-date: /home/miao/planning_with_ROS2_ws/install/planning/share/ament_index/resource_index/packages/planning
-- Up-to-date: /home/miao/planning_with_ROS2_ws/install/planning/share/planning/cmake/planningConfig.cmake
-- Up-to-date: /home/miao/planning_with_ROS2_ws/install/planning/share/planning/cmake/planningConfig-version.cmake
-- Up-to-date: /home/miao/planning_with_ROS2_ws/install/planning/share/planning/package.xml
