[0.116s] Invoking command in '/home/miao/planning_with_ROS2_ws/build/planning': CMAKE_PREFIX_PATH=/home/miao/planning_with_ROS2_ws/install/base_msgs:/home/miao/planning_with_ROS2_ws/install/planning:/home/miao/planning_with_ROS2_ws/install/data_plot:/opt/ros/humble /usr/bin/cmake --build /home/miao/planning_with_ROS2_ws/build/planning -- -j20 -l20
[0.132s] -- Found ament_cmake: 1.3.11 (/opt/ros/humble/share/ament_cmake/cmake)
[0.206s] -- Found rclcpp: 16.0.11 (/opt/ros/humble/share/rclcpp/cmake)
[0.220s] -- Found rosidl_generator_c: 3.1.6 (/opt/ros/humble/share/rosidl_generator_c/cmake)
[0.221s] -- Found rosidl_adapter: 3.1.6 (/opt/ros/humble/share/rosidl_adapter/cmake)
[0.224s] -- Found rosidl_generator_cpp: 3.1.6 (/opt/ros/humble/share/rosidl_generator_cpp/cmake)
[0.229s] -- Using all available rosidl_typesupport_c: rosidl_typesupport_fastrtps_c;rosidl_typesupport_introspection_c
[0.235s] -- Using all available rosidl_typesupport_cpp: rosidl_typesupport_fastrtps_cpp;rosidl_typesupport_introspection_cpp
[0.251s] -- Found rmw_implementation_cmake: 6.1.2 (/opt/ros/humble/share/rmw_implementation_cmake/cmake)
[0.252s] -- Found rmw_fastrtps_cpp: 6.2.7 (/opt/ros/humble/share/rmw_fastrtps_cpp/cmake)
[0.310s] -- Using RMW implementation 'rmw_fastrtps_cpp' as default
[0.335s] -- Found tf2: 0.25.9 (/opt/ros/humble/share/tf2/cmake)
[0.343s] -- Found tf2_ros: 0.25.9 (/opt/ros/humble/share/tf2_ros/cmake)
[0.384s] -- Found nav_msgs: 4.2.4 (/opt/ros/humble/share/nav_msgs/cmake)
[0.392s] -- Found visualization_msgs: 4.2.4 (/opt/ros/humble/share/visualization_msgs/cmake)
[0.411s] -- Found base_msgs: 0.0.0 (/home/miao/planning_with_ROS2_ws/install/base_msgs/share/base_msgs/cmake)
[0.425s] -- Found ament_lint_auto: 0.12.11 (/opt/ros/humble/share/ament_lint_auto/cmake)
[0.463s] -- Added test 'cppcheck' to perform static code analysis on C / C++ code
[0.464s] -- Configured cppcheck include dirs: /home/miao/planning_with_ROS2_ws/src/planning/src/common/config_reader;/home/miao/planning_with_ROS2_ws/src/planning/src/common/math;/home/miao/planning_with_ROS2_ws/src/planning/src/decision_center;/home/miao/planning_with_ROS2_ws/src/planning/src/global_planner;/home/miao/planning_with_ROS2_ws/src/planning/src/global_planner/global_planner_normal;/home/miao/planning_with_ROS2_ws/src/planning/src/local_planner;/home/miao/planning_with_ROS2_ws/src/planning/src/local_planner/local_path;/home/miao/planning_with_ROS2_ws/src/planning/src/local_planner/local_speeds;/home/miao/planning_with_ROS2_ws/src/planning/src/move_cmd;/home/miao/planning_with_ROS2_ws/src/planning/src/planning_process;/home/miao/planning_with_ROS2_ws/src/planning/src/pnc_map_creator;/home/miao/planning_with_ROS2_ws/src/planning/src/pnc_map_creator/pnc_map_straight;/home/miao/planning_with_ROS2_ws/src/planning/src/pnc_map_creator/pnc_map_sturn;/home/miao/planning_with_ROS2_ws/src/planning/src/reference_line;/home/miao/planning_with_ROS2_ws/src/planning/src/vehicle_info;/home/miao/planning_with_ROS2_ws/src/planning/src/vehicle_info/main_car;/home/miao/planning_with_ROS2_ws/src/planning/src/vehicle_info/obs_car
[0.464s] -- Configured cppcheck exclude dirs and/or files: 
[0.464s] -- Added test 'lint_cmake' to check CMake code style
[0.466s] -- Added test 'uncrustify' to check C / C++ code style
[0.466s] -- Configured uncrustify additional arguments: 
[0.466s] -- Added test 'xmllint' to check XML markup files
[0.467s] -- Configuring done
[0.500s] -- Generating done
[0.513s] -- Build files have been written to: /home/miao/planning_with_ROS2_ws/build/planning
[0.535s] [35m[1mConsolidate compiler generated dependencies of target config_reader[0m
[0.535s] [35m[1mConsolidate compiler generated dependencies of target global_planner[0m
[0.536s] [35m[1mConsolidate compiler generated dependencies of target pnc_map[0m
[0.536s] [35m[1mConsolidate compiler generated dependencies of target mathlibs[0m
[0.548s] [  5%] Built target config_reader
[0.549s] [ 14%] Built target pnc_map
[0.549s] [ 20%] Built target global_planner
[0.550s] [ 29%] Built target mathlibs
[0.558s] [35m[1mConsolidate compiler generated dependencies of target pnc_map_server[0m
[0.558s] [35m[1mConsolidate compiler generated dependencies of target global_path_server[0m
[0.559s] [35m[1mConsolidate compiler generated dependencies of target vehicle_info[0m
[0.559s] [35m[1mConsolidate compiler generated dependencies of target reference_line[0m
[0.569s] [ 35%] Built target pnc_map_server
[0.570s] [ 41%] Built target global_path_server
[0.572s] [ 50%] Built target vehicle_info
[0.574s] [ 58%] Built target reference_line
[0.580s] [35m[1mConsolidate compiler generated dependencies of target car_move_cmd[0m
[0.580s] [35m[1mConsolidate compiler generated dependencies of target decision_center[0m
[0.581s] [35m[1mConsolidate compiler generated dependencies of target obs_move_cmd[0m
[0.590s] [ 61%] [32mBuilding CXX object src/move_cmd/CMakeFiles/car_move_cmd.dir/car_move_cmd.cpp.o[0m
[0.592s] [ 70%] [32mBuilding CXX object src/move_cmd/CMakeFiles/obs_move_cmd.dir/obs_move_cmd.cpp.o[0m
[0.592s] [ 70%] Built target decision_center
[0.603s] [35m[1mConsolidate compiler generated dependencies of target local_planner[0m
[0.621s] [ 85%] Built target local_planner
[0.631s] [35m[1mConsolidate compiler generated dependencies of target planning_node[0m
[0.646s] [ 88%] [32mBuilding CXX object src/planning_process/CMakeFiles/planning_node.dir/planning_process.cpp.o[0m
[0.646s] [ 91%] [32mBuilding CXX object src/planning_process/CMakeFiles/planning_node.dir/planning_node.cpp.o[0m
[2.234s] [ 94%] [32m[1mLinking CXX executable obs_move_cmd[0m
[2.242s] [ 97%] [32m[1mLinking CXX executable car_move_cmd[0m
[2.315s] [ 97%] Built target obs_move_cmd
[2.321s] [ 97%] Built target car_move_cmd
[2.616s] [100%] [32m[1mLinking CXX executable planning_node[0m
[2.690s] [100%] Built target planning_node
[2.697s] Invoked command in '/home/miao/planning_with_ROS2_ws/build/planning' returned '0': CMAKE_PREFIX_PATH=/home/miao/planning_with_ROS2_ws/install/base_msgs:/home/miao/planning_with_ROS2_ws/install/planning:/home/miao/planning_with_ROS2_ws/install/data_plot:/opt/ros/humble /usr/bin/cmake --build /home/miao/planning_with_ROS2_ws/build/planning -- -j20 -l20
[2.698s] Invoking command in '/home/miao/planning_with_ROS2_ws/build/planning': CMAKE_PREFIX_PATH=/home/miao/planning_with_ROS2_ws/install/base_msgs:/home/miao/planning_with_ROS2_ws/install/planning:/home/miao/planning_with_ROS2_ws/install/data_plot:/opt/ros/humble /usr/bin/cmake --install /home/miao/planning_with_ROS2_ws/build/planning
[2.704s] -- Install configuration: ""
[2.704s] -- Up-to-date: /home/miao/planning_with_ROS2_ws/install/planning/lib/libconfig_reader.so
[2.704s] -- Up-to-date: /home/miao/planning_with_ROS2_ws/install/planning/lib/libmathlibs.so
[2.704s] -- Up-to-date: /home/miao/planning_with_ROS2_ws/install/planning/lib/libdecision_center.so
[2.705s] -- Up-to-date: /home/miao/planning_with_ROS2_ws/install/planning/lib/libglobal_planner.so
[2.705s] -- Up-to-date: /home/miao/planning_with_ROS2_ws/install/planning/lib/planning/global_path_server
[2.705s] -- Up-to-date: /home/miao/planning_with_ROS2_ws/install/planning/lib/liblocal_planner.so
[2.706s] -- Installing: /home/miao/planning_with_ROS2_ws/install/planning/lib/planning/car_move_cmd
[2.706s] -- Set runtime path of "/home/miao/planning_with_ROS2_ws/install/planning/lib/planning/car_move_cmd" to ""
[2.706s] -- Installing: /home/miao/planning_with_ROS2_ws/install/planning/lib/planning/obs_move_cmd
[2.706s] -- Set runtime path of "/home/miao/planning_with_ROS2_ws/install/planning/lib/planning/obs_move_cmd" to ""
[2.707s] -- Installing: /home/miao/planning_with_ROS2_ws/install/planning/lib/planning/planning_node
[2.707s] -- Set runtime path of "/home/miao/planning_with_ROS2_ws/install/planning/lib/planning/planning_node" to ""
[2.707s] -- Up-to-date: /home/miao/planning_with_ROS2_ws/install/planning/lib/libpnc_map.so
[2.707s] -- Up-to-date: /home/miao/planning_with_ROS2_ws/install/planning/lib/planning/pnc_map_server
[2.707s] -- Up-to-date: /home/miao/planning_with_ROS2_ws/install/planning/lib/libreference_line.so
[2.707s] -- Up-to-date: /home/miao/planning_with_ROS2_ws/install/planning/lib/libvehicle_info.so
[2.707s] -- Up-to-date: /home/miao/planning_with_ROS2_ws/install/planning/share/planning/config
[2.707s] -- Up-to-date: /home/miao/planning_with_ROS2_ws/install/planning/share/planning/launch
[2.708s] -- Up-to-date: /home/miao/planning_with_ROS2_ws/install/planning/share/planning/rviz
[2.708s] -- Up-to-date: /home/miao/planning_with_ROS2_ws/install/planning/share/planning/urdf
[2.708s] -- Up-to-date: /home/miao/planning_with_ROS2_ws/install/planning/share/planning/urdf/main_car
[2.708s] -- Up-to-date: /home/miao/planning_with_ROS2_ws/install/planning/share/planning/urdf/obs_car
[2.708s] -- Up-to-date: /home/miao/planning_with_ROS2_ws/install/planning/share/ament_index/resource_index/package_run_dependencies/planning
[2.708s] -- Up-to-date: /home/miao/planning_with_ROS2_ws/install/planning/share/ament_index/resource_index/parent_prefix_path/planning
[2.708s] -- Up-to-date: /home/miao/planning_with_ROS2_ws/install/planning/share/planning/environment/ament_prefix_path.sh
[2.708s] -- Installing: /home/miao/planning_with_ROS2_ws/install/planning/share/planning/environment/ament_prefix_path.dsv
[2.708s] -- Up-to-date: /home/miao/planning_with_ROS2_ws/install/planning/share/planning/environment/path.sh
[2.708s] -- Installing: /home/miao/planning_with_ROS2_ws/install/planning/share/planning/environment/path.dsv
[2.708s] -- Up-to-date: /home/miao/planning_with_ROS2_ws/install/planning/share/planning/local_setup.bash
[2.708s] -- Up-to-date: /home/miao/planning_with_ROS2_ws/install/planning/share/planning/local_setup.sh
[2.708s] -- Up-to-date: /home/miao/planning_with_ROS2_ws/install/planning/share/planning/local_setup.zsh
[2.708s] -- Installing: /home/miao/planning_with_ROS2_ws/install/planning/share/planning/local_setup.dsv
[2.708s] -- Installing: /home/miao/planning_with_ROS2_ws/install/planning/share/planning/package.dsv
[2.708s] -- Up-to-date: /home/miao/planning_with_ROS2_ws/install/planning/share/ament_index/resource_index/packages/planning
[2.708s] -- Up-to-date: /home/miao/planning_with_ROS2_ws/install/planning/share/planning/cmake/planningConfig.cmake
[2.708s] -- Up-to-date: /home/miao/planning_with_ROS2_ws/install/planning/share/planning/cmake/planningConfig-version.cmake
[2.708s] -- Up-to-date: /home/miao/planning_with_ROS2_ws/install/planning/share/planning/package.xml
[2.709s] Invoked command in '/home/miao/planning_with_ROS2_ws/build/planning' returned '0': CMAKE_PREFIX_PATH=/home/miao/planning_with_ROS2_ws/install/base_msgs:/home/miao/planning_with_ROS2_ws/install/planning:/home/miao/planning_with_ROS2_ws/install/data_plot:/opt/ros/humble /usr/bin/cmake --install /home/miao/planning_with_ROS2_ws/build/planning
