[0.107s] DEBUG:colcon:Command line arguments: ['/usr/bin/colcon', 'build']
[0.107s] DEBUG:colcon:Parsed command line arguments: Namespace(log_base=None, log_level=None, verb_name='build', build_base='build', install_base='install', merge_install=False, symlink_install=False, test_result_base=None, continue_on_error=False, executor='parallel', parallel_workers=20, event_handlers=None, ignore_user_meta=False, metas=['./colcon.meta'], base_paths=['.'], packages_ignore=None, packages_ignore_regex=None, paths=None, packages_up_to=None, packages_up_to_regex=None, packages_above=None, packages_above_and_dependencies=None, packages_above_depth=None, packages_select_by_dep=None, packages_skip_by_dep=None, packages_skip_up_to=None, packages_select_build_failed=False, packages_skip_build_finished=False, packages_select_test_failures=False, packages_skip_test_passed=False, packages_select=None, packages_skip=None, packages_select_regex=None, packages_skip_regex=None, packages_start=None, packages_end=None, allow_overriding=[], cmake_args=None, cmake_target=None, cmake_target_skip_unavailable=False, cmake_clean_cache=False, cmake_clean_first=False, cmake_force_configure=False, ament_cmake_args=None, catkin_cmake_args=None, catkin_skip_building_tests=False, verb_parser=<colcon_defaults.argument_parser.defaults.DefaultArgumentsDecorator object at 0x7a4aa86501f0>, verb_extension=<colcon_core.verb.build.BuildVerb object at 0x7a4aa860bca0>, main=<bound method BuildVerb.main of <colcon_core.verb.build.BuildVerb object at 0x7a4aa860bca0>>)
[0.214s] Level 1:colcon.colcon_core.package_discovery:discover_packages(colcon_meta) check parameters
[0.214s] Level 1:colcon.colcon_core.package_discovery:discover_packages(recursive) check parameters
[0.214s] Level 1:colcon.colcon_core.package_discovery:discover_packages(ignore) check parameters
[0.214s] Level 1:colcon.colcon_core.package_discovery:discover_packages(path) check parameters
[0.214s] Level 1:colcon.colcon_core.package_discovery:discover_packages(colcon_meta) discover
[0.214s] Level 1:colcon.colcon_core.package_discovery:discover_packages(recursive) discover
[0.214s] INFO:colcon.colcon_core.package_discovery:Crawling recursively for packages in '/home/miao/planning_with_ROS2_ws'
[0.214s] Level 1:colcon.colcon_core.package_identification:_identify(.) by extensions ['ignore', 'ignore_ament_install']
[0.214s] Level 1:colcon.colcon_core.package_identification:_identify(.) by extension 'ignore'
[0.214s] Level 1:colcon.colcon_core.package_identification:_identify(.) by extension 'ignore_ament_install'
[0.214s] Level 1:colcon.colcon_core.package_identification:_identify(.) by extensions ['colcon_pkg']
[0.214s] Level 1:colcon.colcon_core.package_identification:_identify(.) by extension 'colcon_pkg'
[0.214s] Level 1:colcon.colcon_core.package_identification:_identify(.) by extensions ['colcon_meta']
[0.214s] Level 1:colcon.colcon_core.package_identification:_identify(.) by extension 'colcon_meta'
[0.214s] Level 1:colcon.colcon_core.package_identification:_identify(.) by extensions ['ros']
[0.214s] Level 1:colcon.colcon_core.package_identification:_identify(.) by extension 'ros'
[0.221s] Level 1:colcon.colcon_core.package_identification:_identify(.) by extensions ['cmake', 'python']
[0.221s] Level 1:colcon.colcon_core.package_identification:_identify(.) by extension 'cmake'
[0.221s] Level 1:colcon.colcon_core.package_identification:_identify(.) by extension 'python'
[0.221s] Level 1:colcon.colcon_core.package_identification:_identify(.) by extensions ['python_setup_py']
[0.221s] Level 1:colcon.colcon_core.package_identification:_identify(.) by extension 'python_setup_py'
[0.221s] Level 1:colcon.colcon_core.package_identification:_identify(build) by extensions ['ignore', 'ignore_ament_install']
[0.221s] Level 1:colcon.colcon_core.package_identification:_identify(build) by extension 'ignore'
[0.221s] Level 1:colcon.colcon_core.package_identification:_identify(build) ignored
[0.221s] Level 1:colcon.colcon_core.package_identification:_identify(doc) by extensions ['ignore', 'ignore_ament_install']
[0.221s] Level 1:colcon.colcon_core.package_identification:_identify(doc) by extension 'ignore'
[0.221s] Level 1:colcon.colcon_core.package_identification:_identify(doc) by extension 'ignore_ament_install'
[0.221s] Level 1:colcon.colcon_core.package_identification:_identify(doc) by extensions ['colcon_pkg']
[0.221s] Level 1:colcon.colcon_core.package_identification:_identify(doc) by extension 'colcon_pkg'
[0.221s] Level 1:colcon.colcon_core.package_identification:_identify(doc) by extensions ['colcon_meta']
[0.221s] Level 1:colcon.colcon_core.package_identification:_identify(doc) by extension 'colcon_meta'
[0.221s] Level 1:colcon.colcon_core.package_identification:_identify(doc) by extensions ['ros']
[0.221s] Level 1:colcon.colcon_core.package_identification:_identify(doc) by extension 'ros'
[0.221s] Level 1:colcon.colcon_core.package_identification:_identify(doc) by extensions ['cmake', 'python']
[0.221s] Level 1:colcon.colcon_core.package_identification:_identify(doc) by extension 'cmake'
[0.221s] Level 1:colcon.colcon_core.package_identification:_identify(doc) by extension 'python'
[0.221s] Level 1:colcon.colcon_core.package_identification:_identify(doc) by extensions ['python_setup_py']
[0.221s] Level 1:colcon.colcon_core.package_identification:_identify(doc) by extension 'python_setup_py'
[0.222s] Level 1:colcon.colcon_core.package_identification:_identify(install) by extensions ['ignore', 'ignore_ament_install']
[0.222s] Level 1:colcon.colcon_core.package_identification:_identify(install) by extension 'ignore'
[0.222s] Level 1:colcon.colcon_core.package_identification:_identify(install) ignored
[0.222s] Level 1:colcon.colcon_core.package_identification:_identify(log) by extensions ['ignore', 'ignore_ament_install']
[0.222s] Level 1:colcon.colcon_core.package_identification:_identify(log) by extension 'ignore'
[0.222s] Level 1:colcon.colcon_core.package_identification:_identify(log) ignored
[0.222s] Level 1:colcon.colcon_core.package_identification:_identify(src) by extensions ['ignore', 'ignore_ament_install']
[0.222s] Level 1:colcon.colcon_core.package_identification:_identify(src) by extension 'ignore'
[0.222s] Level 1:colcon.colcon_core.package_identification:_identify(src) by extension 'ignore_ament_install'
[0.222s] Level 1:colcon.colcon_core.package_identification:_identify(src) by extensions ['colcon_pkg']
[0.222s] Level 1:colcon.colcon_core.package_identification:_identify(src) by extension 'colcon_pkg'
[0.222s] Level 1:colcon.colcon_core.package_identification:_identify(src) by extensions ['colcon_meta']
[0.222s] Level 1:colcon.colcon_core.package_identification:_identify(src) by extension 'colcon_meta'
[0.222s] Level 1:colcon.colcon_core.package_identification:_identify(src) by extensions ['ros']
[0.222s] Level 1:colcon.colcon_core.package_identification:_identify(src) by extension 'ros'
[0.222s] Level 1:colcon.colcon_core.package_identification:_identify(src) by extensions ['cmake', 'python']
[0.222s] Level 1:colcon.colcon_core.package_identification:_identify(src) by extension 'cmake'
[0.222s] Level 1:colcon.colcon_core.package_identification:_identify(src) by extension 'python'
[0.222s] Level 1:colcon.colcon_core.package_identification:_identify(src) by extensions ['python_setup_py']
[0.222s] Level 1:colcon.colcon_core.package_identification:_identify(src) by extension 'python_setup_py'
[0.222s] Level 1:colcon.colcon_core.package_identification:_identify(src/base_msgs) by extensions ['ignore', 'ignore_ament_install']
[0.222s] Level 1:colcon.colcon_core.package_identification:_identify(src/base_msgs) by extension 'ignore'
[0.222s] Level 1:colcon.colcon_core.package_identification:_identify(src/base_msgs) by extension 'ignore_ament_install'
[0.222s] Level 1:colcon.colcon_core.package_identification:_identify(src/base_msgs) by extensions ['colcon_pkg']
[0.222s] Level 1:colcon.colcon_core.package_identification:_identify(src/base_msgs) by extension 'colcon_pkg'
[0.222s] Level 1:colcon.colcon_core.package_identification:_identify(src/base_msgs) by extensions ['colcon_meta']
[0.222s] Level 1:colcon.colcon_core.package_identification:_identify(src/base_msgs) by extension 'colcon_meta'
[0.222s] Level 1:colcon.colcon_core.package_identification:_identify(src/base_msgs) by extensions ['ros']
[0.222s] Level 1:colcon.colcon_core.package_identification:_identify(src/base_msgs) by extension 'ros'
[0.224s] DEBUG:colcon.colcon_core.package_identification:Package 'src/base_msgs' with type 'ros.ament_cmake' and name 'base_msgs'
[0.224s] Level 1:colcon.colcon_core.package_identification:_identify(src/data_plot) by extensions ['ignore', 'ignore_ament_install']
[0.224s] Level 1:colcon.colcon_core.package_identification:_identify(src/data_plot) by extension 'ignore'
[0.224s] Level 1:colcon.colcon_core.package_identification:_identify(src/data_plot) by extension 'ignore_ament_install'
[0.224s] Level 1:colcon.colcon_core.package_identification:_identify(src/data_plot) by extensions ['colcon_pkg']
[0.224s] Level 1:colcon.colcon_core.package_identification:_identify(src/data_plot) by extension 'colcon_pkg'
[0.224s] Level 1:colcon.colcon_core.package_identification:_identify(src/data_plot) by extensions ['colcon_meta']
[0.224s] Level 1:colcon.colcon_core.package_identification:_identify(src/data_plot) by extension 'colcon_meta'
[0.224s] Level 1:colcon.colcon_core.package_identification:_identify(src/data_plot) by extensions ['ros']
[0.224s] Level 1:colcon.colcon_core.package_identification:_identify(src/data_plot) by extension 'ros'
[0.224s] DEBUG:colcon.colcon_core.package_identification:Package 'src/data_plot' with type 'ros.ament_python' and name 'data_plot'
[0.225s] Level 1:colcon.colcon_core.package_identification:_identify(src/planning) by extensions ['ignore', 'ignore_ament_install']
[0.225s] Level 1:colcon.colcon_core.package_identification:_identify(src/planning) by extension 'ignore'
[0.225s] Level 1:colcon.colcon_core.package_identification:_identify(src/planning) by extension 'ignore_ament_install'
[0.225s] Level 1:colcon.colcon_core.package_identification:_identify(src/planning) by extensions ['colcon_pkg']
[0.225s] Level 1:colcon.colcon_core.package_identification:_identify(src/planning) by extension 'colcon_pkg'
[0.225s] Level 1:colcon.colcon_core.package_identification:_identify(src/planning) by extensions ['colcon_meta']
[0.225s] Level 1:colcon.colcon_core.package_identification:_identify(src/planning) by extension 'colcon_meta'
[0.225s] Level 1:colcon.colcon_core.package_identification:_identify(src/planning) by extensions ['ros']
[0.225s] Level 1:colcon.colcon_core.package_identification:_identify(src/planning) by extension 'ros'
[0.225s] DEBUG:colcon.colcon_core.package_identification:Package 'src/planning' with type 'ros.ament_cmake' and name 'planning'
[0.225s] Level 1:colcon.colcon_core.package_discovery:discover_packages(recursive) using defaults
[0.225s] Level 1:colcon.colcon_core.package_discovery:discover_packages(ignore) discover
[0.225s] Level 1:colcon.colcon_core.package_discovery:discover_packages(ignore) using defaults
[0.225s] Level 1:colcon.colcon_core.package_discovery:discover_packages(path) discover
[0.225s] Level 1:colcon.colcon_core.package_discovery:discover_packages(path) using defaults
[0.239s] Level 1:colcon.colcon_core.package_discovery:discover_packages(prefix_path) check parameters
[0.239s] Level 1:colcon.colcon_core.package_discovery:discover_packages(prefix_path) discover
[0.241s] DEBUG:colcon.colcon_installed_package_information.package_discovery:Found 3 installed packages in /home/miao/planning_with_ROS2_ws/install
[0.241s] DEBUG:colcon.colcon_installed_package_information.package_discovery:Found 288 installed packages in /opt/ros/humble
[0.242s] Level 1:colcon.colcon_core.package_discovery:discover_packages(prefix_path) using defaults
[0.264s] Level 5:colcon.colcon_core.verb:set package 'base_msgs' build argument 'cmake_args' from command line to 'None'
[0.264s] Level 5:colcon.colcon_core.verb:set package 'base_msgs' build argument 'cmake_target' from command line to 'None'
[0.264s] Level 5:colcon.colcon_core.verb:set package 'base_msgs' build argument 'cmake_target_skip_unavailable' from command line to 'False'
[0.264s] Level 5:colcon.colcon_core.verb:set package 'base_msgs' build argument 'cmake_clean_cache' from command line to 'False'
[0.264s] Level 5:colcon.colcon_core.verb:set package 'base_msgs' build argument 'cmake_clean_first' from command line to 'False'
[0.264s] Level 5:colcon.colcon_core.verb:set package 'base_msgs' build argument 'cmake_force_configure' from command line to 'False'
[0.264s] Level 5:colcon.colcon_core.verb:set package 'base_msgs' build argument 'ament_cmake_args' from command line to 'None'
[0.264s] Level 5:colcon.colcon_core.verb:set package 'base_msgs' build argument 'catkin_cmake_args' from command line to 'None'
[0.264s] Level 5:colcon.colcon_core.verb:set package 'base_msgs' build argument 'catkin_skip_building_tests' from command line to 'False'
[0.264s] DEBUG:colcon.colcon_core.verb:Building package 'base_msgs' with the following arguments: {'ament_cmake_args': None, 'build_base': '/home/miao/planning_with_ROS2_ws/build/base_msgs', 'catkin_cmake_args': None, 'catkin_skip_building_tests': False, 'cmake_args': None, 'cmake_clean_cache': False, 'cmake_clean_first': False, 'cmake_force_configure': False, 'cmake_target': None, 'cmake_target_skip_unavailable': False, 'install_base': '/home/miao/planning_with_ROS2_ws/install/base_msgs', 'merge_install': False, 'path': '/home/miao/planning_with_ROS2_ws/src/base_msgs', 'symlink_install': False, 'test_result_base': None}
[0.264s] Level 5:colcon.colcon_core.verb:set package 'data_plot' build argument 'cmake_args' from command line to 'None'
[0.264s] Level 5:colcon.colcon_core.verb:set package 'data_plot' build argument 'cmake_target' from command line to 'None'
[0.264s] Level 5:colcon.colcon_core.verb:set package 'data_plot' build argument 'cmake_target_skip_unavailable' from command line to 'False'
[0.264s] Level 5:colcon.colcon_core.verb:set package 'data_plot' build argument 'cmake_clean_cache' from command line to 'False'
[0.264s] Level 5:colcon.colcon_core.verb:set package 'data_plot' build argument 'cmake_clean_first' from command line to 'False'
[0.264s] Level 5:colcon.colcon_core.verb:set package 'data_plot' build argument 'cmake_force_configure' from command line to 'False'
[0.264s] Level 5:colcon.colcon_core.verb:set package 'data_plot' build argument 'ament_cmake_args' from command line to 'None'
[0.264s] Level 5:colcon.colcon_core.verb:set package 'data_plot' build argument 'catkin_cmake_args' from command line to 'None'
[0.264s] Level 5:colcon.colcon_core.verb:set package 'data_plot' build argument 'catkin_skip_building_tests' from command line to 'False'
[0.264s] DEBUG:colcon.colcon_core.verb:Building package 'data_plot' with the following arguments: {'ament_cmake_args': None, 'build_base': '/home/miao/planning_with_ROS2_ws/build/data_plot', 'catkin_cmake_args': None, 'catkin_skip_building_tests': False, 'cmake_args': None, 'cmake_clean_cache': False, 'cmake_clean_first': False, 'cmake_force_configure': False, 'cmake_target': None, 'cmake_target_skip_unavailable': False, 'install_base': '/home/miao/planning_with_ROS2_ws/install/data_plot', 'merge_install': False, 'path': '/home/miao/planning_with_ROS2_ws/src/data_plot', 'symlink_install': False, 'test_result_base': None}
[0.264s] Level 5:colcon.colcon_core.verb:set package 'planning' build argument 'cmake_args' from command line to 'None'
[0.264s] Level 5:colcon.colcon_core.verb:set package 'planning' build argument 'cmake_target' from command line to 'None'
[0.264s] Level 5:colcon.colcon_core.verb:set package 'planning' build argument 'cmake_target_skip_unavailable' from command line to 'False'
[0.264s] Level 5:colcon.colcon_core.verb:set package 'planning' build argument 'cmake_clean_cache' from command line to 'False'
[0.264s] Level 5:colcon.colcon_core.verb:set package 'planning' build argument 'cmake_clean_first' from command line to 'False'
[0.264s] Level 5:colcon.colcon_core.verb:set package 'planning' build argument 'cmake_force_configure' from command line to 'False'
[0.264s] Level 5:colcon.colcon_core.verb:set package 'planning' build argument 'ament_cmake_args' from command line to 'None'
[0.264s] Level 5:colcon.colcon_core.verb:set package 'planning' build argument 'catkin_cmake_args' from command line to 'None'
[0.264s] Level 5:colcon.colcon_core.verb:set package 'planning' build argument 'catkin_skip_building_tests' from command line to 'False'
[0.264s] DEBUG:colcon.colcon_core.verb:Building package 'planning' with the following arguments: {'ament_cmake_args': None, 'build_base': '/home/miao/planning_with_ROS2_ws/build/planning', 'catkin_cmake_args': None, 'catkin_skip_building_tests': False, 'cmake_args': None, 'cmake_clean_cache': False, 'cmake_clean_first': False, 'cmake_force_configure': False, 'cmake_target': None, 'cmake_target_skip_unavailable': False, 'install_base': '/home/miao/planning_with_ROS2_ws/install/planning', 'merge_install': False, 'path': '/home/miao/planning_with_ROS2_ws/src/planning', 'symlink_install': False, 'test_result_base': None}
[0.264s] INFO:colcon.colcon_core.executor:Executing jobs using 'parallel' executor
[0.265s] DEBUG:colcon.colcon_parallel_executor.executor.parallel:run_until_complete
[0.265s] INFO:colcon.colcon_ros.task.ament_cmake.build:Building ROS package in '/home/miao/planning_with_ROS2_ws/src/base_msgs' with build type 'ament_cmake'
[0.265s] INFO:colcon.colcon_cmake.task.cmake.build:Building CMake package in '/home/miao/planning_with_ROS2_ws/src/base_msgs'
[0.268s] INFO:colcon.colcon_core.plugin_system:Skipping extension 'colcon_core.shell.bat': Not used on non-Windows systems
[0.268s] INFO:colcon.colcon_core.shell:Skip shell extension 'powershell' for command environment: Not usable outside of PowerShell
[0.268s] DEBUG:colcon.colcon_core.shell:Skip shell extension 'dsv' for command environment
[0.274s] DEBUG:colcon.colcon_core.event_handler.log_command:Invoking command in '/home/miao/planning_with_ROS2_ws/build/base_msgs': CMAKE_PREFIX_PATH=${CMAKE_PREFIX_PATH}:/home/miao/planning_with_ROS2_ws/install/data_plot:/opt/ros/humble /usr/bin/cmake --build /home/miao/planning_with_ROS2_ws/build/base_msgs -- -j20 -l20
[0.307s] DEBUG:colcon.colcon_core.event_handler.log_command:Invoked command in '/home/miao/planning_with_ROS2_ws/build/base_msgs' returned '0': CMAKE_PREFIX_PATH=${CMAKE_PREFIX_PATH}:/home/miao/planning_with_ROS2_ws/install/data_plot:/opt/ros/humble /usr/bin/cmake --build /home/miao/planning_with_ROS2_ws/build/base_msgs -- -j20 -l20
[0.312s] DEBUG:colcon.colcon_core.event_handler.log_command:Invoking command in '/home/miao/planning_with_ROS2_ws/build/base_msgs': CMAKE_PREFIX_PATH=${CMAKE_PREFIX_PATH}:/home/miao/planning_with_ROS2_ws/install/data_plot:/opt/ros/humble /usr/bin/cmake --install /home/miao/planning_with_ROS2_ws/build/base_msgs
[0.318s] Level 1:colcon.colcon_core.environment:create_environment_scripts_only(base_msgs)
[0.319s] DEBUG:colcon.colcon_core.event_handler.log_command:Invoked command in '/home/miao/planning_with_ROS2_ws/build/base_msgs' returned '0': CMAKE_PREFIX_PATH=${CMAKE_PREFIX_PATH}:/home/miao/planning_with_ROS2_ws/install/data_plot:/opt/ros/humble /usr/bin/cmake --install /home/miao/planning_with_ROS2_ws/build/base_msgs
[0.321s] Level 1:colcon.colcon_core.environment:checking '/home/miao/planning_with_ROS2_ws/install/base_msgs' for CMake module files
[0.321s] Level 1:colcon.colcon_core.environment:checking '/home/miao/planning_with_ROS2_ws/install/base_msgs' for CMake config files
[0.321s] Level 1:colcon.colcon_core.shell:create_environment_hook('base_msgs', 'cmake_prefix_path')
[0.322s] INFO:colcon.colcon_core.shell:Creating environment hook '/home/miao/planning_with_ROS2_ws/install/base_msgs/share/base_msgs/hook/cmake_prefix_path.ps1'
[0.322s] INFO:colcon.colcon_core.shell:Creating environment descriptor '/home/miao/planning_with_ROS2_ws/install/base_msgs/share/base_msgs/hook/cmake_prefix_path.dsv'
[0.322s] INFO:colcon.colcon_core.shell:Creating environment hook '/home/miao/planning_with_ROS2_ws/install/base_msgs/share/base_msgs/hook/cmake_prefix_path.sh'
[0.323s] Level 1:colcon.colcon_core.environment:checking '/home/miao/planning_with_ROS2_ws/install/base_msgs/bin'
[0.323s] Level 1:colcon.colcon_core.environment:checking '/home/miao/planning_with_ROS2_ws/install/base_msgs/lib/pkgconfig/base_msgs.pc'
[0.323s] Level 1:colcon.colcon_core.environment:checking '/home/miao/planning_with_ROS2_ws/install/base_msgs/lib/python3.10/site-packages'
[0.323s] Level 1:colcon.colcon_core.environment:checking '/home/miao/planning_with_ROS2_ws/install/base_msgs/bin'
[0.323s] INFO:colcon.colcon_core.shell:Creating package script '/home/miao/planning_with_ROS2_ws/install/base_msgs/share/base_msgs/package.ps1'
[0.324s] INFO:colcon.colcon_core.shell:Creating package descriptor '/home/miao/planning_with_ROS2_ws/install/base_msgs/share/base_msgs/package.dsv'
[0.324s] INFO:colcon.colcon_core.shell:Creating package script '/home/miao/planning_with_ROS2_ws/install/base_msgs/share/base_msgs/package.sh'
[0.324s] INFO:colcon.colcon_core.shell:Creating package script '/home/miao/planning_with_ROS2_ws/install/base_msgs/share/base_msgs/package.bash'
[0.325s] INFO:colcon.colcon_core.shell:Creating package script '/home/miao/planning_with_ROS2_ws/install/base_msgs/share/base_msgs/package.zsh'
[0.325s] Level 1:colcon.colcon_core.environment:create_file_with_runtime_dependencies(/home/miao/planning_with_ROS2_ws/install/base_msgs/share/colcon-core/packages/base_msgs)
[0.326s] Level 1:colcon.colcon_core.environment:create_environment_scripts_only(base_msgs)
[0.326s] Level 1:colcon.colcon_core.environment:checking '/home/miao/planning_with_ROS2_ws/install/base_msgs' for CMake module files
[0.326s] Level 1:colcon.colcon_core.environment:checking '/home/miao/planning_with_ROS2_ws/install/base_msgs' for CMake config files
[0.326s] Level 1:colcon.colcon_core.shell:create_environment_hook('base_msgs', 'cmake_prefix_path')
[0.326s] INFO:colcon.colcon_core.shell:Creating environment hook '/home/miao/planning_with_ROS2_ws/install/base_msgs/share/base_msgs/hook/cmake_prefix_path.ps1'
[0.326s] INFO:colcon.colcon_core.shell:Creating environment descriptor '/home/miao/planning_with_ROS2_ws/install/base_msgs/share/base_msgs/hook/cmake_prefix_path.dsv'
[0.327s] INFO:colcon.colcon_core.shell:Creating environment hook '/home/miao/planning_with_ROS2_ws/install/base_msgs/share/base_msgs/hook/cmake_prefix_path.sh'
[0.327s] Level 1:colcon.colcon_core.environment:checking '/home/miao/planning_with_ROS2_ws/install/base_msgs/bin'
[0.327s] Level 1:colcon.colcon_core.environment:checking '/home/miao/planning_with_ROS2_ws/install/base_msgs/lib/pkgconfig/base_msgs.pc'
[0.327s] Level 1:colcon.colcon_core.environment:checking '/home/miao/planning_with_ROS2_ws/install/base_msgs/lib/python3.10/site-packages'
[0.327s] Level 1:colcon.colcon_core.environment:checking '/home/miao/planning_with_ROS2_ws/install/base_msgs/bin'
[0.327s] INFO:colcon.colcon_core.shell:Creating package script '/home/miao/planning_with_ROS2_ws/install/base_msgs/share/base_msgs/package.ps1'
[0.327s] INFO:colcon.colcon_core.shell:Creating package descriptor '/home/miao/planning_with_ROS2_ws/install/base_msgs/share/base_msgs/package.dsv'
[0.328s] INFO:colcon.colcon_core.shell:Creating package script '/home/miao/planning_with_ROS2_ws/install/base_msgs/share/base_msgs/package.sh'
[0.328s] INFO:colcon.colcon_core.shell:Creating package script '/home/miao/planning_with_ROS2_ws/install/base_msgs/share/base_msgs/package.bash'
[0.328s] INFO:colcon.colcon_core.shell:Creating package script '/home/miao/planning_with_ROS2_ws/install/base_msgs/share/base_msgs/package.zsh'
[0.328s] Level 1:colcon.colcon_core.environment:create_file_with_runtime_dependencies(/home/miao/planning_with_ROS2_ws/install/base_msgs/share/colcon-core/packages/base_msgs)
[0.328s] INFO:colcon.colcon_ros.task.ament_python.build:Building ROS package in '/home/miao/planning_with_ROS2_ws/src/data_plot' with build type 'ament_python'
[0.328s] Level 1:colcon.colcon_core.shell:create_environment_hook('data_plot', 'ament_prefix_path')
[0.328s] INFO:colcon.colcon_core.shell:Creating environment hook '/home/miao/planning_with_ROS2_ws/install/data_plot/share/data_plot/hook/ament_prefix_path.ps1'
[0.329s] INFO:colcon.colcon_core.shell:Creating environment descriptor '/home/miao/planning_with_ROS2_ws/install/data_plot/share/data_plot/hook/ament_prefix_path.dsv'
[0.329s] INFO:colcon.colcon_core.shell:Creating environment hook '/home/miao/planning_with_ROS2_ws/install/data_plot/share/data_plot/hook/ament_prefix_path.sh'
[0.329s] INFO:colcon.colcon_core.shell:Skip shell extension 'powershell' for command environment: Not usable outside of PowerShell
[0.329s] DEBUG:colcon.colcon_core.shell:Skip shell extension 'dsv' for command environment
[0.331s] INFO:colcon.colcon_ros.task.ament_cmake.build:Building ROS package in '/home/miao/planning_with_ROS2_ws/src/planning' with build type 'ament_cmake'
[0.331s] INFO:colcon.colcon_cmake.task.cmake.build:Building CMake package in '/home/miao/planning_with_ROS2_ws/src/planning'
[0.331s] INFO:colcon.colcon_core.shell:Skip shell extension 'powershell' for command environment: Not usable outside of PowerShell
[0.331s] DEBUG:colcon.colcon_core.shell:Skip shell extension 'dsv' for command environment
[0.447s] INFO:colcon.colcon_core.task.python.build:Building Python package in '/home/miao/planning_with_ROS2_ws/src/data_plot'
[0.448s] INFO:colcon.colcon_core.shell:Skip shell extension 'powershell' for command environment: Not usable outside of PowerShell
[0.448s] DEBUG:colcon.colcon_core.shell:Skip shell extension 'dsv' for command environment
[0.452s] DEBUG:colcon.colcon_core.event_handler.log_command:Invoking command in '/home/miao/planning_with_ROS2_ws/build/planning': CMAKE_PREFIX_PATH=/home/miao/planning_with_ROS2_ws/install/base_msgs:/home/miao/planning_with_ROS2_ws/install/planning:/home/miao/planning_with_ROS2_ws/install/data_plot:/opt/ros/humble /usr/bin/cmake --build /home/miao/planning_with_ROS2_ws/build/planning -- -j20 -l20
[0.659s] DEBUG:colcon.colcon_core.event_handler.log_command:Invoking command in '/home/miao/planning_with_ROS2_ws/src/data_plot': CMAKE_PREFIX_PATH=/home/miao/planning_with_ROS2_ws/install/base_msgs:/home/miao/planning_with_ROS2_ws/install/planning PYTHONPATH=/home/miao/planning_with_ROS2_ws/build/data_plot/prefix_override:/usr/lib/python3/dist-packages/colcon_core/task/python/colcon_distutils_commands:/home/miao/planning_with_ROS2_ws/install/data_plot/lib/python3.10/site-packages:${PYTHONPATH} /usr/bin/python3 -W ignore:setup.py install is deprecated -W ignore:easy_install command is deprecated setup.py egg_info --egg-base ../../build/data_plot build --build-base /home/miao/planning_with_ROS2_ws/build/data_plot/build install --record /home/miao/planning_with_ROS2_ws/build/data_plot/install.log --single-version-externally-managed install_data
[0.831s] Level 1:colcon.colcon_core.environment:checking '/home/miao/planning_with_ROS2_ws/install/data_plot' for CMake module files
[0.831s] DEBUG:colcon.colcon_core.event_handler.log_command:Invoked command in '/home/miao/planning_with_ROS2_ws/src/data_plot' returned '0': CMAKE_PREFIX_PATH=/home/miao/planning_with_ROS2_ws/install/base_msgs:/home/miao/planning_with_ROS2_ws/install/planning PYTHONPATH=/home/miao/planning_with_ROS2_ws/build/data_plot/prefix_override:/usr/lib/python3/dist-packages/colcon_core/task/python/colcon_distutils_commands:/home/miao/planning_with_ROS2_ws/install/data_plot/lib/python3.10/site-packages:${PYTHONPATH} /usr/bin/python3 -W ignore:setup.py install is deprecated -W ignore:easy_install command is deprecated setup.py egg_info --egg-base ../../build/data_plot build --build-base /home/miao/planning_with_ROS2_ws/build/data_plot/build install --record /home/miao/planning_with_ROS2_ws/build/data_plot/install.log --single-version-externally-managed install_data
[0.831s] Level 1:colcon.colcon_core.environment:checking '/home/miao/planning_with_ROS2_ws/install/data_plot' for CMake config files
[0.831s] Level 1:colcon.colcon_core.environment:checking '/home/miao/planning_with_ROS2_ws/install/data_plot/lib'
[0.832s] Level 1:colcon.colcon_core.environment:checking '/home/miao/planning_with_ROS2_ws/install/data_plot/bin'
[0.832s] Level 1:colcon.colcon_core.environment:checking '/home/miao/planning_with_ROS2_ws/install/data_plot/lib/pkgconfig/data_plot.pc'
[0.832s] Level 1:colcon.colcon_core.environment:checking '/home/miao/planning_with_ROS2_ws/install/data_plot/lib/python3.10/site-packages'
[0.832s] Level 1:colcon.colcon_core.shell:create_environment_hook('data_plot', 'pythonpath')
[0.832s] INFO:colcon.colcon_core.shell:Creating environment hook '/home/miao/planning_with_ROS2_ws/install/data_plot/share/data_plot/hook/pythonpath.ps1'
[0.832s] INFO:colcon.colcon_core.shell:Creating environment descriptor '/home/miao/planning_with_ROS2_ws/install/data_plot/share/data_plot/hook/pythonpath.dsv'
[0.832s] INFO:colcon.colcon_core.shell:Creating environment hook '/home/miao/planning_with_ROS2_ws/install/data_plot/share/data_plot/hook/pythonpath.sh'
[0.833s] Level 1:colcon.colcon_core.environment:checking '/home/miao/planning_with_ROS2_ws/install/data_plot/bin'
[0.833s] Level 1:colcon.colcon_core.environment:create_environment_scripts_only(data_plot)
[0.833s] INFO:colcon.colcon_core.shell:Creating package script '/home/miao/planning_with_ROS2_ws/install/data_plot/share/data_plot/package.ps1'
[0.833s] INFO:colcon.colcon_core.shell:Creating package descriptor '/home/miao/planning_with_ROS2_ws/install/data_plot/share/data_plot/package.dsv'
[0.833s] INFO:colcon.colcon_core.shell:Creating package script '/home/miao/planning_with_ROS2_ws/install/data_plot/share/data_plot/package.sh'
[0.834s] INFO:colcon.colcon_core.shell:Creating package script '/home/miao/planning_with_ROS2_ws/install/data_plot/share/data_plot/package.bash'
[0.834s] INFO:colcon.colcon_core.shell:Creating package script '/home/miao/planning_with_ROS2_ws/install/data_plot/share/data_plot/package.zsh'
[0.834s] Level 1:colcon.colcon_core.environment:create_file_with_runtime_dependencies(/home/miao/planning_with_ROS2_ws/install/data_plot/share/colcon-core/packages/data_plot)
[7.998s] DEBUG:colcon.colcon_core.event_handler.log_command:Invoked command in '/home/miao/planning_with_ROS2_ws/build/planning' returned '0': CMAKE_PREFIX_PATH=/home/miao/planning_with_ROS2_ws/install/base_msgs:/home/miao/planning_with_ROS2_ws/install/planning:/home/miao/planning_with_ROS2_ws/install/data_plot:/opt/ros/humble /usr/bin/cmake --build /home/miao/planning_with_ROS2_ws/build/planning -- -j20 -l20
[7.999s] DEBUG:colcon.colcon_core.event_handler.log_command:Invoking command in '/home/miao/planning_with_ROS2_ws/build/planning': CMAKE_PREFIX_PATH=/home/miao/planning_with_ROS2_ws/install/base_msgs:/home/miao/planning_with_ROS2_ws/install/planning:/home/miao/planning_with_ROS2_ws/install/data_plot:/opt/ros/humble /usr/bin/cmake --install /home/miao/planning_with_ROS2_ws/build/planning
[8.011s] Level 1:colcon.colcon_core.environment:create_environment_scripts_only(planning)
[8.011s] Level 1:colcon.colcon_core.environment:checking '/home/miao/planning_with_ROS2_ws/install/planning' for CMake module files
[8.011s] DEBUG:colcon.colcon_core.event_handler.log_command:Invoked command in '/home/miao/planning_with_ROS2_ws/build/planning' returned '0': CMAKE_PREFIX_PATH=/home/miao/planning_with_ROS2_ws/install/base_msgs:/home/miao/planning_with_ROS2_ws/install/planning:/home/miao/planning_with_ROS2_ws/install/data_plot:/opt/ros/humble /usr/bin/cmake --install /home/miao/planning_with_ROS2_ws/build/planning
[8.012s] Level 1:colcon.colcon_core.environment:checking '/home/miao/planning_with_ROS2_ws/install/planning' for CMake config files
[8.012s] Level 1:colcon.colcon_core.shell:create_environment_hook('planning', 'cmake_prefix_path')
[8.012s] INFO:colcon.colcon_core.shell:Creating environment hook '/home/miao/planning_with_ROS2_ws/install/planning/share/planning/hook/cmake_prefix_path.ps1'
[8.012s] INFO:colcon.colcon_core.shell:Creating environment descriptor '/home/miao/planning_with_ROS2_ws/install/planning/share/planning/hook/cmake_prefix_path.dsv'
[8.012s] INFO:colcon.colcon_core.shell:Creating environment hook '/home/miao/planning_with_ROS2_ws/install/planning/share/planning/hook/cmake_prefix_path.sh'
[8.013s] Level 1:colcon.colcon_core.environment:checking '/home/miao/planning_with_ROS2_ws/install/planning/lib'
[8.013s] Level 1:colcon.colcon_core.shell:create_environment_hook('planning', 'ld_library_path_lib')
[8.013s] INFO:colcon.colcon_core.shell:Creating environment hook '/home/miao/planning_with_ROS2_ws/install/planning/share/planning/hook/ld_library_path_lib.ps1'
[8.013s] INFO:colcon.colcon_core.shell:Creating environment descriptor '/home/miao/planning_with_ROS2_ws/install/planning/share/planning/hook/ld_library_path_lib.dsv'
[8.013s] INFO:colcon.colcon_core.shell:Creating environment hook '/home/miao/planning_with_ROS2_ws/install/planning/share/planning/hook/ld_library_path_lib.sh'
[8.013s] Level 1:colcon.colcon_core.environment:checking '/home/miao/planning_with_ROS2_ws/install/planning/bin'
[8.013s] Level 1:colcon.colcon_core.environment:checking '/home/miao/planning_with_ROS2_ws/install/planning/lib/pkgconfig/planning.pc'
[8.013s] Level 1:colcon.colcon_core.environment:checking '/home/miao/planning_with_ROS2_ws/install/planning/lib/python3.10/site-packages'
[8.013s] Level 1:colcon.colcon_core.environment:checking '/home/miao/planning_with_ROS2_ws/install/planning/bin'
[8.014s] INFO:colcon.colcon_core.shell:Creating package script '/home/miao/planning_with_ROS2_ws/install/planning/share/planning/package.ps1'
[8.014s] INFO:colcon.colcon_core.shell:Creating package descriptor '/home/miao/planning_with_ROS2_ws/install/planning/share/planning/package.dsv'
[8.014s] INFO:colcon.colcon_core.shell:Creating package script '/home/miao/planning_with_ROS2_ws/install/planning/share/planning/package.sh'
[8.014s] INFO:colcon.colcon_core.shell:Creating package script '/home/miao/planning_with_ROS2_ws/install/planning/share/planning/package.bash'
[8.014s] INFO:colcon.colcon_core.shell:Creating package script '/home/miao/planning_with_ROS2_ws/install/planning/share/planning/package.zsh'
[8.015s] Level 1:colcon.colcon_core.environment:create_file_with_runtime_dependencies(/home/miao/planning_with_ROS2_ws/install/planning/share/colcon-core/packages/planning)
[8.015s] Level 1:colcon.colcon_core.environment:create_environment_scripts_only(planning)
[8.015s] Level 1:colcon.colcon_core.environment:checking '/home/miao/planning_with_ROS2_ws/install/planning' for CMake module files
[8.015s] Level 1:colcon.colcon_core.environment:checking '/home/miao/planning_with_ROS2_ws/install/planning' for CMake config files
[8.015s] Level 1:colcon.colcon_core.shell:create_environment_hook('planning', 'cmake_prefix_path')
[8.015s] INFO:colcon.colcon_core.shell:Creating environment hook '/home/miao/planning_with_ROS2_ws/install/planning/share/planning/hook/cmake_prefix_path.ps1'
[8.016s] INFO:colcon.colcon_core.shell:Creating environment descriptor '/home/miao/planning_with_ROS2_ws/install/planning/share/planning/hook/cmake_prefix_path.dsv'
[8.016s] INFO:colcon.colcon_core.shell:Creating environment hook '/home/miao/planning_with_ROS2_ws/install/planning/share/planning/hook/cmake_prefix_path.sh'
[8.016s] Level 1:colcon.colcon_core.environment:checking '/home/miao/planning_with_ROS2_ws/install/planning/lib'
[8.016s] Level 1:colcon.colcon_core.shell:create_environment_hook('planning', 'ld_library_path_lib')
[8.016s] INFO:colcon.colcon_core.shell:Creating environment hook '/home/miao/planning_with_ROS2_ws/install/planning/share/planning/hook/ld_library_path_lib.ps1'
[8.016s] INFO:colcon.colcon_core.shell:Creating environment descriptor '/home/miao/planning_with_ROS2_ws/install/planning/share/planning/hook/ld_library_path_lib.dsv'
[8.016s] INFO:colcon.colcon_core.shell:Creating environment hook '/home/miao/planning_with_ROS2_ws/install/planning/share/planning/hook/ld_library_path_lib.sh'
[8.017s] Level 1:colcon.colcon_core.environment:checking '/home/miao/planning_with_ROS2_ws/install/planning/bin'
[8.017s] Level 1:colcon.colcon_core.environment:checking '/home/miao/planning_with_ROS2_ws/install/planning/lib/pkgconfig/planning.pc'
[8.017s] Level 1:colcon.colcon_core.environment:checking '/home/miao/planning_with_ROS2_ws/install/planning/lib/python3.10/site-packages'
[8.017s] Level 1:colcon.colcon_core.environment:checking '/home/miao/planning_with_ROS2_ws/install/planning/bin'
[8.017s] INFO:colcon.colcon_core.shell:Creating package script '/home/miao/planning_with_ROS2_ws/install/planning/share/planning/package.ps1'
[8.017s] INFO:colcon.colcon_core.shell:Creating package descriptor '/home/miao/planning_with_ROS2_ws/install/planning/share/planning/package.dsv'
[8.018s] INFO:colcon.colcon_core.shell:Creating package script '/home/miao/planning_with_ROS2_ws/install/planning/share/planning/package.sh'
[8.018s] INFO:colcon.colcon_core.shell:Creating package script '/home/miao/planning_with_ROS2_ws/install/planning/share/planning/package.bash'
[8.018s] INFO:colcon.colcon_core.shell:Creating package script '/home/miao/planning_with_ROS2_ws/install/planning/share/planning/package.zsh'
[8.018s] Level 1:colcon.colcon_core.environment:create_file_with_runtime_dependencies(/home/miao/planning_with_ROS2_ws/install/planning/share/colcon-core/packages/planning)
[8.019s] DEBUG:colcon.colcon_parallel_executor.executor.parallel:closing loop
[8.019s] DEBUG:colcon.colcon_parallel_executor.executor.parallel:loop closed
[8.019s] DEBUG:colcon.colcon_parallel_executor.executor.parallel:run_until_complete finished with '0'
[8.019s] DEBUG:colcon.colcon_core.event_reactor:joining thread
[8.022s] INFO:colcon.colcon_core.plugin_system:Skipping extension 'colcon_notification.desktop_notification.terminal_notifier': Not used on non-Darwin systems
[8.022s] INFO:colcon.colcon_core.plugin_system:Skipping extension 'colcon_notification.desktop_notification.win32': Not used on non-Windows systems
[8.022s] INFO:colcon.colcon_notification.desktop_notification:Sending desktop notification using 'notify2'
[8.030s] DEBUG:colcon.colcon_core.event_reactor:joined thread
[8.030s] INFO:colcon.colcon_core.shell:Creating prefix script '/home/miao/planning_with_ROS2_ws/install/local_setup.ps1'
[8.031s] INFO:colcon.colcon_core.shell:Creating prefix util module '/home/miao/planning_with_ROS2_ws/install/_local_setup_util_ps1.py'
[8.032s] INFO:colcon.colcon_core.shell:Creating prefix chain script '/home/miao/planning_with_ROS2_ws/install/setup.ps1'
[8.032s] INFO:colcon.colcon_core.shell:Creating prefix script '/home/miao/planning_with_ROS2_ws/install/local_setup.sh'
[8.033s] INFO:colcon.colcon_core.shell:Creating prefix util module '/home/miao/planning_with_ROS2_ws/install/_local_setup_util_sh.py'
[8.033s] INFO:colcon.colcon_core.shell:Creating prefix chain script '/home/miao/planning_with_ROS2_ws/install/setup.sh'
[8.034s] INFO:colcon.colcon_core.shell:Creating prefix script '/home/miao/planning_with_ROS2_ws/install/local_setup.bash'
[8.034s] INFO:colcon.colcon_core.shell:Creating prefix chain script '/home/miao/planning_with_ROS2_ws/install/setup.bash'
[8.035s] INFO:colcon.colcon_core.shell:Creating prefix script '/home/miao/planning_with_ROS2_ws/install/local_setup.zsh'
[8.035s] INFO:colcon.colcon_core.shell:Creating prefix chain script '/home/miao/planning_with_ROS2_ws/install/setup.zsh'
