[0.124s] Invoking command in '/home/miao/planning_with_ROS2_ws/build/planning': CMAKE_PREFIX_PATH=/home/miao/planning_with_ROS2_ws/install/base_msgs:/home/miao/planning_with_ROS2_ws/install/planning:/home/miao/planning_with_ROS2_ws/install/data_plot:/opt/ros/humble /usr/bin/cmake --build /home/miao/planning_with_ROS2_ws/build/planning -- -j20 -l20
[0.143s] -- Found ament_cmake: 1.3.11 (/opt/ros/humble/share/ament_cmake/cmake)
[0.217s] -- Found rclcpp: 16.0.11 (/opt/ros/humble/share/rclcpp/cmake)
[0.231s] -- Found rosidl_generator_c: 3.1.6 (/opt/ros/humble/share/rosidl_generator_c/cmake)
[0.232s] -- Found rosidl_adapter: 3.1.6 (/opt/ros/humble/share/rosidl_adapter/cmake)
[0.235s] -- Found rosidl_generator_cpp: 3.1.6 (/opt/ros/humble/share/rosidl_generator_cpp/cmake)
[0.240s] -- Using all available rosidl_typesupport_c: rosidl_typesupport_fastrtps_c;rosidl_typesupport_introspection_c
[0.246s] -- Using all available rosidl_typesupport_cpp: rosidl_typesupport_fastrtps_cpp;rosidl_typesupport_introspection_cpp
[0.262s] -- Found rmw_implementation_cmake: 6.1.2 (/opt/ros/humble/share/rmw_implementation_cmake/cmake)
[0.262s] -- Found rmw_fastrtps_cpp: 6.2.7 (/opt/ros/humble/share/rmw_fastrtps_cpp/cmake)
[0.325s] -- Using RMW implementation 'rmw_fastrtps_cpp' as default
[0.350s] -- Found tf2: 0.25.9 (/opt/ros/humble/share/tf2/cmake)
[0.358s] -- Found tf2_ros: 0.25.9 (/opt/ros/humble/share/tf2_ros/cmake)
[0.397s] -- Found nav_msgs: 4.2.4 (/opt/ros/humble/share/nav_msgs/cmake)
[0.405s] -- Found visualization_msgs: 4.2.4 (/opt/ros/humble/share/visualization_msgs/cmake)
[0.424s] -- Found base_msgs: 0.0.0 (/home/miao/planning_with_ROS2_ws/install/base_msgs/share/base_msgs/cmake)
[0.429s] [31mCMake Error at CMakeLists.txt:68 (find_package):
[0.429s]   By not providing "FindosqpEigen.cmake" in CMAKE_MODULE_PATH this project
[0.429s]   has asked CMake to find a package configuration file provided by
[0.429s]   "osqpEigen", but CMake did not find one.
[0.429s] 
[0.429s]   Could not find a package configuration file provided by "osqpEigen" with
[0.429s]   any of the following names:
[0.429s] 
[0.429s]     osqpEigenConfig.cmake
[0.429s]     osqpeigen-config.cmake
[0.429s] 
[0.429s]   Add the installation prefix of "osqpEigen" to CMAKE_PREFIX_PATH or set
[0.429s]   "osqpEigen_DIR" to a directory containing one of the above files.  If
[0.429s]   "osqpEigen" provides a separate development package or SDK, be sure it has
[0.429s]   been installed.
[0.429s] 
[0.429s] [0m
[0.430s] -- Configuring incomplete, errors occurred!
[0.430s] See also "/home/miao/planning_with_ROS2_ws/build/planning/CMakeFiles/CMakeOutput.log".
[0.433s] gmake: *** [Makefile:267：cmake_check_build_system] 错误 1
[0.435s] Invoked command in '/home/miao/planning_with_ROS2_ws/build/planning' returned '2': CMAKE_PREFIX_PATH=/home/miao/planning_with_ROS2_ws/install/base_msgs:/home/miao/planning_with_ROS2_ws/install/planning:/home/miao/planning_with_ROS2_ws/install/data_plot:/opt/ros/humble /usr/bin/cmake --build /home/miao/planning_with_ROS2_ws/build/planning -- -j20 -l20
