[0.121s] Invoking command in '/home/miao/planning_with_ROS2_ws/build/planning': CMAKE_PREFIX_PATH=/home/miao/planning_with_ROS2_ws/install/base_msgs:/home/miao/planning_with_ROS2_ws/install/planning:/home/miao/planning_with_ROS2_ws/install/data_plot:/opt/ros/humble /usr/bin/cmake --build /home/miao/planning_with_ROS2_ws/build/planning -- -j20 -l20
[0.163s] [  5%] Built target global_planner
[0.163s] [  8%] [32mBuilding CXX object src/pnc_map_creator/CMakeFiles/pnc_map.dir/pnc_map_straight/pnc_map_straight.cpp.o[0m
[0.164s] [ 11%] [32mBuilding CXX object src/pnc_map_creator/CMakeFiles/pnc_map.dir/pnc_map_sturn/pnc_map_sturn.cpp.o[0m
[0.164s] [ 17%] Built target config_reader
[0.165s] [ 26%] Built target mathlibs
[0.183s] [ 29%] [32mBuilding CXX object src/reference_line/CMakeFiles/reference_line.dir/reference_line_creator.cpp.o[0m
[0.183s] [ 32%] [32mBuilding CXX object src/reference_line/CMakeFiles/reference_line.dir/reference_line_smoother.cpp.o[0m
[0.183s] [ 35%] [32mBuilding CXX object src/vehicle_info/CMakeFiles/vehicle_info.dir/main_car/main_car.cpp.o[0m
[0.184s] [ 41%] Built target global_path_server
[0.184s] [ 44%] [32mBuilding CXX object src/vehicle_info/CMakeFiles/vehicle_info.dir/obs_car/obs_car.cpp.o[0m
[1.901s] [ 47%] [32m[1mLinking CXX shared library libpnc_map.so[0m
[1.947s] [ 50%] [32m[1mLinking CXX shared library libvehicle_info.so[0m
[1.994s] [ 50%] Built target pnc_map
[2.014s] [ 52%] [32mBuilding CXX object src/pnc_map_creator/CMakeFiles/pnc_map_server.dir/pnc_map_server.cpp.o[0m
[2.015s] [ 52%] Built target vehicle_info
[2.027s] [35m[1mConsolidate compiler generated dependencies of target obs_move_cmd[0m
[2.027s] [35m[1mConsolidate compiler generated dependencies of target car_move_cmd[0m
[2.036s] [ 55%] [32mBuilding CXX object src/decision_center/CMakeFiles/decision_center.dir/decision_center.cpp.o[0m
[2.037s] [ 58%] [32mBuilding CXX object src/move_cmd/CMakeFiles/obs_move_cmd.dir/obs_move_cmd.cpp.o[0m
[2.039s] [ 61%] [32mBuilding CXX object src/move_cmd/CMakeFiles/car_move_cmd.dir/car_move_cmd.cpp.o[0m
[2.416s] [ 64%] [32m[1mLinking CXX shared library libreference_line.so[0m
[2.492s] [ 64%] Built target reference_line
[3.640s] [ 67%] [32m[1mLinking CXX shared library libdecision_center.so[0m
[3.680s] [ 70%] [32m[1mLinking CXX executable obs_move_cmd[0m
[3.680s] [ 73%] [32m[1mLinking CXX executable pnc_map_server[0m
[3.693s] [ 76%] [32m[1mLinking CXX executable car_move_cmd[0m
[3.703s] [ 76%] Built target decision_center
[3.725s] [ 79%] [32mBuilding CXX object src/local_planner/CMakeFiles/local_planner.dir/local_path/local_path_planner.cpp.o[0m
[3.726s] [ 82%] [32mBuilding CXX object src/local_planner/CMakeFiles/local_planner.dir/local_speeds/local_speeds_planner.cpp.o[0m
[3.754s] [ 82%] Built target pnc_map_server
[3.767s] [ 82%] Built target obs_move_cmd
[3.771s] [ 82%] Built target car_move_cmd
[5.549s] [ 85%] [32m[1mLinking CXX shared library liblocal_planner.so[0m
[5.611s] [ 91%] Built target local_planner
[5.621s] [35m[1mConsolidate compiler generated dependencies of target planning_node[0m
[5.636s] [ 94%] [32mBuilding CXX object src/planning_process/CMakeFiles/planning_node.dir/planning_node.cpp.o[0m
[5.636s] [ 97%] [32mBuilding CXX object src/planning_process/CMakeFiles/planning_node.dir/planning_process.cpp.o[0m
[7.585s] [100%] [32m[1mLinking CXX executable planning_node[0m
[7.660s] [100%] Built target planning_node
[7.667s] Invoked command in '/home/miao/planning_with_ROS2_ws/build/planning' returned '0': CMAKE_PREFIX_PATH=/home/miao/planning_with_ROS2_ws/install/base_msgs:/home/miao/planning_with_ROS2_ws/install/planning:/home/miao/planning_with_ROS2_ws/install/data_plot:/opt/ros/humble /usr/bin/cmake --build /home/miao/planning_with_ROS2_ws/build/planning -- -j20 -l20
[7.668s] Invoking command in '/home/miao/planning_with_ROS2_ws/build/planning': CMAKE_PREFIX_PATH=/home/miao/planning_with_ROS2_ws/install/base_msgs:/home/miao/planning_with_ROS2_ws/install/planning:/home/miao/planning_with_ROS2_ws/install/data_plot:/opt/ros/humble /usr/bin/cmake --install /home/miao/planning_with_ROS2_ws/build/planning
[7.673s] -- Install configuration: ""
[7.673s] -- Up-to-date: /home/miao/planning_with_ROS2_ws/install/planning/lib/libconfig_reader.so
[7.673s] -- Up-to-date: /home/miao/planning_with_ROS2_ws/install/planning/lib/libmathlibs.so
[7.674s] -- Installing: /home/miao/planning_with_ROS2_ws/install/planning/lib/libdecision_center.so
[7.674s] -- Set runtime path of "/home/miao/planning_with_ROS2_ws/install/planning/lib/libdecision_center.so" to ""
[7.674s] -- Up-to-date: /home/miao/planning_with_ROS2_ws/install/planning/lib/libglobal_planner.so
[7.674s] -- Up-to-date: /home/miao/planning_with_ROS2_ws/install/planning/lib/planning/global_path_server
[7.675s] -- Installing: /home/miao/planning_with_ROS2_ws/install/planning/lib/liblocal_planner.so
[7.675s] -- Set runtime path of "/home/miao/planning_with_ROS2_ws/install/planning/lib/liblocal_planner.so" to ""
[7.675s] -- Installing: /home/miao/planning_with_ROS2_ws/install/planning/lib/planning/car_move_cmd
[7.675s] -- Set runtime path of "/home/miao/planning_with_ROS2_ws/install/planning/lib/planning/car_move_cmd" to ""
[7.676s] -- Installing: /home/miao/planning_with_ROS2_ws/install/planning/lib/planning/obs_move_cmd
[7.676s] -- Set runtime path of "/home/miao/planning_with_ROS2_ws/install/planning/lib/planning/obs_move_cmd" to ""
[7.676s] -- Installing: /home/miao/planning_with_ROS2_ws/install/planning/lib/planning/planning_node
[7.676s] -- Set runtime path of "/home/miao/planning_with_ROS2_ws/install/planning/lib/planning/planning_node" to ""
[7.677s] -- Installing: /home/miao/planning_with_ROS2_ws/install/planning/lib/libpnc_map.so
[7.677s] -- Set runtime path of "/home/miao/planning_with_ROS2_ws/install/planning/lib/libpnc_map.so" to ""
[7.677s] -- Installing: /home/miao/planning_with_ROS2_ws/install/planning/lib/planning/pnc_map_server
[7.677s] -- Set runtime path of "/home/miao/planning_with_ROS2_ws/install/planning/lib/planning/pnc_map_server" to ""
[7.677s] -- Installing: /home/miao/planning_with_ROS2_ws/install/planning/lib/libreference_line.so
[7.677s] -- Set runtime path of "/home/miao/planning_with_ROS2_ws/install/planning/lib/libreference_line.so" to ""
[7.678s] -- Installing: /home/miao/planning_with_ROS2_ws/install/planning/lib/libvehicle_info.so
[7.678s] -- Set runtime path of "/home/miao/planning_with_ROS2_ws/install/planning/lib/libvehicle_info.so" to ""
[7.678s] -- Up-to-date: /home/miao/planning_with_ROS2_ws/install/planning/share/planning/config
[7.678s] -- Up-to-date: /home/miao/planning_with_ROS2_ws/install/planning/share/planning/launch
[7.678s] -- Up-to-date: /home/miao/planning_with_ROS2_ws/install/planning/share/planning/rviz
[7.678s] -- Up-to-date: /home/miao/planning_with_ROS2_ws/install/planning/share/planning/urdf
[7.678s] -- Up-to-date: /home/miao/planning_with_ROS2_ws/install/planning/share/planning/urdf/main_car
[7.678s] -- Up-to-date: /home/miao/planning_with_ROS2_ws/install/planning/share/planning/urdf/obs_car
[7.678s] -- Up-to-date: /home/miao/planning_with_ROS2_ws/install/planning/share/ament_index/resource_index/package_run_dependencies/planning
[7.679s] -- Up-to-date: /home/miao/planning_with_ROS2_ws/install/planning/share/ament_index/resource_index/parent_prefix_path/planning
[7.679s] -- Up-to-date: /home/miao/planning_with_ROS2_ws/install/planning/share/planning/environment/ament_prefix_path.sh
[7.679s] -- Up-to-date: /home/miao/planning_with_ROS2_ws/install/planning/share/planning/environment/ament_prefix_path.dsv
[7.679s] -- Up-to-date: /home/miao/planning_with_ROS2_ws/install/planning/share/planning/environment/path.sh
[7.679s] -- Up-to-date: /home/miao/planning_with_ROS2_ws/install/planning/share/planning/environment/path.dsv
[7.679s] -- Up-to-date: /home/miao/planning_with_ROS2_ws/install/planning/share/planning/local_setup.bash
[7.679s] -- Up-to-date: /home/miao/planning_with_ROS2_ws/install/planning/share/planning/local_setup.sh
[7.679s] -- Up-to-date: /home/miao/planning_with_ROS2_ws/install/planning/share/planning/local_setup.zsh
[7.679s] -- Up-to-date: /home/miao/planning_with_ROS2_ws/install/planning/share/planning/local_setup.dsv
[7.679s] -- Installing: /home/miao/planning_with_ROS2_ws/install/planning/share/planning/package.dsv
[7.680s] -- Up-to-date: /home/miao/planning_with_ROS2_ws/install/planning/share/ament_index/resource_index/packages/planning
[7.680s] -- Up-to-date: /home/miao/planning_with_ROS2_ws/install/planning/share/planning/cmake/planningConfig.cmake
[7.680s] -- Up-to-date: /home/miao/planning_with_ROS2_ws/install/planning/share/planning/cmake/planningConfig-version.cmake
[7.680s] -- Up-to-date: /home/miao/planning_with_ROS2_ws/install/planning/share/planning/package.xml
[7.680s] Invoked command in '/home/miao/planning_with_ROS2_ws/build/planning' returned '0': CMAKE_PREFIX_PATH=/home/miao/planning_with_ROS2_ws/install/base_msgs:/home/miao/planning_with_ROS2_ws/install/planning:/home/miao/planning_with_ROS2_ws/install/data_plot:/opt/ros/humble /usr/bin/cmake --install /home/miao/planning_with_ROS2_ws/build/planning
