[0.318s] Invoking command in '/home/miao/planning_with_ROS2_ws/src/data_plot': CMAKE_PREFIX_PATH=/home/miao/planning_with_ROS2_ws/install/base_msgs:/home/miao/planning_with_ROS2_ws/install/planning LD_LIBRARY_PATH=/home/miao/planning_with_ROS2_ws/install/base_msgs/lib:/home/miao/planning_with_ROS2_ws/install/planning/lib:/home/miao/planning_with_ROS2_ws/install/planning/lib:/home/miao/planning_with_ROS2_ws/install/planning/lib:/usr/lib/x86_64-linux-gnu/gazebo-11/plugins:/opt/ros/humble/opt/rviz_ogre_vendor/lib:/opt/ros/humble/lib/x86_64-linux-gnu:/opt/ros/humble/lib PYTHONPATH=/home/miao/planning_with_ROS2_ws/build/data_plot/prefix_override:/usr/lib/python3/dist-packages/colcon_core/task/python/colcon_distutils_commands:/home/miao/planning_with_ROS2_ws/install/data_plot/lib/python3.10/site-packages:${PYTHONPATH} /usr/bin/python3 -W ignore:setup.py install is deprecated -W ignore:easy_install command is deprecated setup.py egg_info --egg-base ../../build/data_plot build --build-base /home/miao/planning_with_ROS2_ws/build/data_plot/build install --record /home/miao/planning_with_ROS2_ws/build/data_plot/install.log --single-version-externally-managed install_data
[0.437s] running egg_info
[0.437s] creating ../../build/data_plot/data_plot.egg-info
[0.437s] writing ../../build/data_plot/data_plot.egg-info/PKG-INFO
[0.437s] writing dependency_links to ../../build/data_plot/data_plot.egg-info/dependency_links.txt
[0.437s] writing entry points to ../../build/data_plot/data_plot.egg-info/entry_points.txt
[0.437s] writing requirements to ../../build/data_plot/data_plot.egg-info/requires.txt
[0.437s] writing top-level names to ../../build/data_plot/data_plot.egg-info/top_level.txt
[0.437s] writing manifest file '../../build/data_plot/data_plot.egg-info/SOURCES.txt'
[0.438s] reading manifest file '../../build/data_plot/data_plot.egg-info/SOURCES.txt'
[0.438s] adding license file 'LICENSE'
[0.438s] writing manifest file '../../build/data_plot/data_plot.egg-info/SOURCES.txt'
[0.438s] running build
[0.438s] running build_py
[0.438s] creating /home/miao/planning_with_ROS2_ws/build/data_plot/build
[0.438s] creating /home/miao/planning_with_ROS2_ws/build/data_plot/build/lib
[0.439s] creating /home/miao/planning_with_ROS2_ws/build/data_plot/build/lib/data_plot
[0.439s] copying data_plot/__init__.py -> /home/miao/planning_with_ROS2_ws/build/data_plot/build/lib/data_plot
[0.439s] copying data_plot/data_plot.py -> /home/miao/planning_with_ROS2_ws/build/data_plot/build/lib/data_plot
[0.440s] running install
[0.440s] running install_lib
[0.441s] creating /home/miao/planning_with_ROS2_ws/install/data_plot/lib/python3.10/site-packages/data_plot
[0.441s] copying /home/miao/planning_with_ROS2_ws/build/data_plot/build/lib/data_plot/__init__.py -> /home/miao/planning_with_ROS2_ws/install/data_plot/lib/python3.10/site-packages/data_plot
[0.441s] copying /home/miao/planning_with_ROS2_ws/build/data_plot/build/lib/data_plot/data_plot.py -> /home/miao/planning_with_ROS2_ws/install/data_plot/lib/python3.10/site-packages/data_plot
[0.441s] byte-compiling /home/miao/planning_with_ROS2_ws/install/data_plot/lib/python3.10/site-packages/data_plot/__init__.py to __init__.cpython-310.pyc
[0.441s] byte-compiling /home/miao/planning_with_ROS2_ws/install/data_plot/lib/python3.10/site-packages/data_plot/data_plot.py to data_plot.cpython-310.pyc
[0.441s] running install_data
[0.441s] creating /home/miao/planning_with_ROS2_ws/install/data_plot/share/ament_index
[0.441s] creating /home/miao/planning_with_ROS2_ws/install/data_plot/share/ament_index/resource_index
[0.441s] creating /home/miao/planning_with_ROS2_ws/install/data_plot/share/ament_index/resource_index/packages
[0.441s] copying resource/data_plot -> /home/miao/planning_with_ROS2_ws/install/data_plot/share/ament_index/resource_index/packages
[0.441s] copying package.xml -> /home/miao/planning_with_ROS2_ws/install/data_plot/share/data_plot
[0.441s] running install_egg_info
[0.442s] Copying ../../build/data_plot/data_plot.egg-info to /home/miao/planning_with_ROS2_ws/install/data_plot/lib/python3.10/site-packages/data_plot-0.0.0-py3.10.egg-info
[0.443s] running install_scripts
[0.455s] Installing data_plot script to /home/miao/planning_with_ROS2_ws/install/data_plot/lib/data_plot
[0.455s] writing list of installed files to '/home/miao/planning_with_ROS2_ws/build/data_plot/install.log'
[0.470s] Invoked command in '/home/miao/planning_with_ROS2_ws/src/data_plot' returned '0': CMAKE_PREFIX_PATH=/home/miao/planning_with_ROS2_ws/install/base_msgs:/home/miao/planning_with_ROS2_ws/install/planning LD_LIBRARY_PATH=/home/miao/planning_with_ROS2_ws/install/base_msgs/lib:/home/miao/planning_with_ROS2_ws/install/planning/lib:/home/miao/planning_with_ROS2_ws/install/planning/lib:/home/miao/planning_with_ROS2_ws/install/planning/lib:/usr/lib/x86_64-linux-gnu/gazebo-11/plugins:/opt/ros/humble/opt/rviz_ogre_vendor/lib:/opt/ros/humble/lib/x86_64-linux-gnu:/opt/ros/humble/lib PYTHONPATH=/home/miao/planning_with_ROS2_ws/build/data_plot/prefix_override:/usr/lib/python3/dist-packages/colcon_core/task/python/colcon_distutils_commands:/home/miao/planning_with_ROS2_ws/install/data_plot/lib/python3.10/site-packages:${PYTHONPATH} /usr/bin/python3 -W ignore:setup.py install is deprecated -W ignore:easy_install command is deprecated setup.py egg_info --egg-base ../../build/data_plot build --build-base /home/miao/planning_with_ROS2_ws/build/data_plot/build install --record /home/miao/planning_with_ROS2_ws/build/data_plot/install.log --single-version-externally-managed install_data
