[0.059s] DEBUG:colcon:Command line arguments: ['/usr/bin/colcon', 'build']
[0.059s] DEBUG:colcon:Parsed command line arguments: Namespace(log_base=None, log_level=None, verb_name='build', build_base='build', install_base='install', merge_install=False, symlink_install=False, test_result_base=None, continue_on_error=False, executor='parallel', parallel_workers=20, event_handlers=None, ignore_user_meta=False, metas=['./colcon.meta'], base_paths=['.'], packages_ignore=None, packages_ignore_regex=None, paths=None, packages_up_to=None, packages_up_to_regex=None, packages_above=None, packages_above_and_dependencies=None, packages_above_depth=None, packages_select_by_dep=None, packages_skip_by_dep=None, packages_skip_up_to=None, packages_select_build_failed=False, packages_skip_build_finished=False, packages_select_test_failures=False, packages_skip_test_passed=False, packages_select=None, packages_skip=None, packages_select_regex=None, packages_skip_regex=None, packages_start=None, packages_end=None, allow_overriding=[], cmake_args=None, cmake_target=None, cmake_target_skip_unavailable=False, cmake_clean_cache=False, cmake_clean_first=False, cmake_force_configure=False, ament_cmake_args=None, catkin_cmake_args=None, catkin_skip_building_tests=False, verb_parser=<colcon_defaults.argument_parser.defaults.DefaultArgumentsDecorator object at 0x782d102ec190>, verb_extension=<colcon_core.verb.build.BuildVerb object at 0x782d102a7c40>, main=<bound method BuildVerb.main of <colcon_core.verb.build.BuildVerb object at 0x782d102a7c40>>)
[0.148s] Level 1:colcon.colcon_core.package_discovery:discover_packages(colcon_meta) check parameters
[0.148s] Level 1:colcon.colcon_core.package_discovery:discover_packages(recursive) check parameters
[0.148s] Level 1:colcon.colcon_core.package_discovery:discover_packages(ignore) check parameters
[0.148s] Level 1:colcon.colcon_core.package_discovery:discover_packages(path) check parameters
[0.148s] Level 1:colcon.colcon_core.package_discovery:discover_packages(colcon_meta) discover
[0.148s] Level 1:colcon.colcon_core.package_discovery:discover_packages(recursive) discover
[0.148s] INFO:colcon.colcon_core.package_discovery:Crawling recursively for packages in '/home/miao/planning_with_ROS2_ws'
[0.148s] Level 1:colcon.colcon_core.package_identification:_identify(.) by extensions ['ignore', 'ignore_ament_install']
[0.148s] Level 1:colcon.colcon_core.package_identification:_identify(.) by extension 'ignore'
[0.148s] Level 1:colcon.colcon_core.package_identification:_identify(.) by extension 'ignore_ament_install'
[0.148s] Level 1:colcon.colcon_core.package_identification:_identify(.) by extensions ['colcon_pkg']
[0.148s] Level 1:colcon.colcon_core.package_identification:_identify(.) by extension 'colcon_pkg'
[0.148s] Level 1:colcon.colcon_core.package_identification:_identify(.) by extensions ['colcon_meta']
[0.148s] Level 1:colcon.colcon_core.package_identification:_identify(.) by extension 'colcon_meta'
[0.148s] Level 1:colcon.colcon_core.package_identification:_identify(.) by extensions ['ros']
[0.148s] Level 1:colcon.colcon_core.package_identification:_identify(.) by extension 'ros'
[0.156s] Level 1:colcon.colcon_core.package_identification:_identify(.) by extensions ['cmake', 'python']
[0.156s] Level 1:colcon.colcon_core.package_identification:_identify(.) by extension 'cmake'
[0.156s] Level 1:colcon.colcon_core.package_identification:_identify(.) by extension 'python'
[0.156s] Level 1:colcon.colcon_core.package_identification:_identify(.) by extensions ['python_setup_py']
[0.156s] Level 1:colcon.colcon_core.package_identification:_identify(.) by extension 'python_setup_py'
[0.156s] Level 1:colcon.colcon_core.package_identification:_identify(build) by extensions ['ignore', 'ignore_ament_install']
[0.156s] Level 1:colcon.colcon_core.package_identification:_identify(build) by extension 'ignore'
[0.156s] Level 1:colcon.colcon_core.package_identification:_identify(build) ignored
[0.156s] Level 1:colcon.colcon_core.package_identification:_identify(install) by extensions ['ignore', 'ignore_ament_install']
[0.156s] Level 1:colcon.colcon_core.package_identification:_identify(install) by extension 'ignore'
[0.156s] Level 1:colcon.colcon_core.package_identification:_identify(install) ignored
[0.156s] Level 1:colcon.colcon_core.package_identification:_identify(log) by extensions ['ignore', 'ignore_ament_install']
[0.156s] Level 1:colcon.colcon_core.package_identification:_identify(log) by extension 'ignore'
[0.156s] Level 1:colcon.colcon_core.package_identification:_identify(log) ignored
[0.156s] Level 1:colcon.colcon_core.package_identification:_identify(src) by extensions ['ignore', 'ignore_ament_install']
[0.156s] Level 1:colcon.colcon_core.package_identification:_identify(src) by extension 'ignore'
[0.156s] Level 1:colcon.colcon_core.package_identification:_identify(src) by extension 'ignore_ament_install'
[0.156s] Level 1:colcon.colcon_core.package_identification:_identify(src) by extensions ['colcon_pkg']
[0.157s] Level 1:colcon.colcon_core.package_identification:_identify(src) by extension 'colcon_pkg'
[0.157s] Level 1:colcon.colcon_core.package_identification:_identify(src) by extensions ['colcon_meta']
[0.157s] Level 1:colcon.colcon_core.package_identification:_identify(src) by extension 'colcon_meta'
[0.157s] Level 1:colcon.colcon_core.package_identification:_identify(src) by extensions ['ros']
[0.157s] Level 1:colcon.colcon_core.package_identification:_identify(src) by extension 'ros'
[0.157s] Level 1:colcon.colcon_core.package_identification:_identify(src) by extensions ['cmake', 'python']
[0.157s] Level 1:colcon.colcon_core.package_identification:_identify(src) by extension 'cmake'
[0.157s] Level 1:colcon.colcon_core.package_identification:_identify(src) by extension 'python'
[0.157s] Level 1:colcon.colcon_core.package_identification:_identify(src) by extensions ['python_setup_py']
[0.157s] Level 1:colcon.colcon_core.package_identification:_identify(src) by extension 'python_setup_py'
[0.157s] Level 1:colcon.colcon_core.package_identification:_identify(src/base_msgs) by extensions ['ignore', 'ignore_ament_install']
[0.157s] Level 1:colcon.colcon_core.package_identification:_identify(src/base_msgs) by extension 'ignore'
[0.157s] Level 1:colcon.colcon_core.package_identification:_identify(src/base_msgs) by extension 'ignore_ament_install'
[0.157s] Level 1:colcon.colcon_core.package_identification:_identify(src/base_msgs) by extensions ['colcon_pkg']
[0.157s] Level 1:colcon.colcon_core.package_identification:_identify(src/base_msgs) by extension 'colcon_pkg'
[0.157s] Level 1:colcon.colcon_core.package_identification:_identify(src/base_msgs) by extensions ['colcon_meta']
[0.157s] Level 1:colcon.colcon_core.package_identification:_identify(src/base_msgs) by extension 'colcon_meta'
[0.157s] Level 1:colcon.colcon_core.package_identification:_identify(src/base_msgs) by extensions ['ros']
[0.157s] Level 1:colcon.colcon_core.package_identification:_identify(src/base_msgs) by extension 'ros'
[0.158s] DEBUG:colcon.colcon_core.package_identification:Package 'src/base_msgs' with type 'ros.ament_cmake' and name 'base_msgs'
[0.158s] Level 1:colcon.colcon_core.package_identification:_identify(src/data_plot) by extensions ['ignore', 'ignore_ament_install']
[0.159s] Level 1:colcon.colcon_core.package_identification:_identify(src/data_plot) by extension 'ignore'
[0.159s] Level 1:colcon.colcon_core.package_identification:_identify(src/data_plot) by extension 'ignore_ament_install'
[0.159s] Level 1:colcon.colcon_core.package_identification:_identify(src/data_plot) by extensions ['colcon_pkg']
[0.159s] Level 1:colcon.colcon_core.package_identification:_identify(src/data_plot) by extension 'colcon_pkg'
[0.159s] Level 1:colcon.colcon_core.package_identification:_identify(src/data_plot) by extensions ['colcon_meta']
[0.159s] Level 1:colcon.colcon_core.package_identification:_identify(src/data_plot) by extension 'colcon_meta'
[0.159s] Level 1:colcon.colcon_core.package_identification:_identify(src/data_plot) by extensions ['ros']
[0.159s] Level 1:colcon.colcon_core.package_identification:_identify(src/data_plot) by extension 'ros'
[0.159s] DEBUG:colcon.colcon_core.package_identification:Package 'src/data_plot' with type 'ros.ament_python' and name 'data_plot'
[0.159s] Level 1:colcon.colcon_core.package_identification:_identify(src/planning) by extensions ['ignore', 'ignore_ament_install']
[0.159s] Level 1:colcon.colcon_core.package_identification:_identify(src/planning) by extension 'ignore'
[0.159s] Level 1:colcon.colcon_core.package_identification:_identify(src/planning) by extension 'ignore_ament_install'
[0.159s] Level 1:colcon.colcon_core.package_identification:_identify(src/planning) by extensions ['colcon_pkg']
[0.159s] Level 1:colcon.colcon_core.package_identification:_identify(src/planning) by extension 'colcon_pkg'
[0.159s] Level 1:colcon.colcon_core.package_identification:_identify(src/planning) by extensions ['colcon_meta']
[0.159s] Level 1:colcon.colcon_core.package_identification:_identify(src/planning) by extension 'colcon_meta'
[0.159s] Level 1:colcon.colcon_core.package_identification:_identify(src/planning) by extensions ['ros']
[0.159s] Level 1:colcon.colcon_core.package_identification:_identify(src/planning) by extension 'ros'
[0.160s] DEBUG:colcon.colcon_core.package_identification:Package 'src/planning' with type 'ros.ament_cmake' and name 'planning'
[0.160s] Level 1:colcon.colcon_core.package_discovery:discover_packages(recursive) using defaults
[0.160s] Level 1:colcon.colcon_core.package_discovery:discover_packages(ignore) discover
[0.160s] Level 1:colcon.colcon_core.package_discovery:discover_packages(ignore) using defaults
[0.160s] Level 1:colcon.colcon_core.package_discovery:discover_packages(path) discover
[0.160s] Level 1:colcon.colcon_core.package_discovery:discover_packages(path) using defaults
[0.172s] Level 1:colcon.colcon_core.package_discovery:discover_packages(prefix_path) check parameters
[0.172s] Level 1:colcon.colcon_core.package_discovery:discover_packages(prefix_path) discover
[0.173s] DEBUG:colcon.colcon_installed_package_information.package_discovery:Found 3 installed packages in /home/miao/planning_with_ROS2_ws/install
[0.173s] DEBUG:colcon.colcon_installed_package_information.package_discovery:Found 288 installed packages in /opt/ros/humble
[0.174s] Level 1:colcon.colcon_core.package_discovery:discover_packages(prefix_path) using defaults
[0.201s] Level 5:colcon.colcon_core.verb:set package 'base_msgs' build argument 'cmake_args' from command line to 'None'
[0.201s] Level 5:colcon.colcon_core.verb:set package 'base_msgs' build argument 'cmake_target' from command line to 'None'
[0.201s] Level 5:colcon.colcon_core.verb:set package 'base_msgs' build argument 'cmake_target_skip_unavailable' from command line to 'False'
[0.201s] Level 5:colcon.colcon_core.verb:set package 'base_msgs' build argument 'cmake_clean_cache' from command line to 'False'
[0.201s] Level 5:colcon.colcon_core.verb:set package 'base_msgs' build argument 'cmake_clean_first' from command line to 'False'
[0.201s] Level 5:colcon.colcon_core.verb:set package 'base_msgs' build argument 'cmake_force_configure' from command line to 'False'
[0.201s] Level 5:colcon.colcon_core.verb:set package 'base_msgs' build argument 'ament_cmake_args' from command line to 'None'
[0.201s] Level 5:colcon.colcon_core.verb:set package 'base_msgs' build argument 'catkin_cmake_args' from command line to 'None'
[0.201s] Level 5:colcon.colcon_core.verb:set package 'base_msgs' build argument 'catkin_skip_building_tests' from command line to 'False'
[0.201s] DEBUG:colcon.colcon_core.verb:Building package 'base_msgs' with the following arguments: {'ament_cmake_args': None, 'build_base': '/home/miao/planning_with_ROS2_ws/build/base_msgs', 'catkin_cmake_args': None, 'catkin_skip_building_tests': False, 'cmake_args': None, 'cmake_clean_cache': False, 'cmake_clean_first': False, 'cmake_force_configure': False, 'cmake_target': None, 'cmake_target_skip_unavailable': False, 'install_base': '/home/miao/planning_with_ROS2_ws/install/base_msgs', 'merge_install': False, 'path': '/home/miao/planning_with_ROS2_ws/src/base_msgs', 'symlink_install': False, 'test_result_base': None}
[0.201s] Level 5:colcon.colcon_core.verb:set package 'data_plot' build argument 'cmake_args' from command line to 'None'
[0.201s] Level 5:colcon.colcon_core.verb:set package 'data_plot' build argument 'cmake_target' from command line to 'None'
[0.201s] Level 5:colcon.colcon_core.verb:set package 'data_plot' build argument 'cmake_target_skip_unavailable' from command line to 'False'
[0.201s] Level 5:colcon.colcon_core.verb:set package 'data_plot' build argument 'cmake_clean_cache' from command line to 'False'
[0.201s] Level 5:colcon.colcon_core.verb:set package 'data_plot' build argument 'cmake_clean_first' from command line to 'False'
[0.201s] Level 5:colcon.colcon_core.verb:set package 'data_plot' build argument 'cmake_force_configure' from command line to 'False'
[0.201s] Level 5:colcon.colcon_core.verb:set package 'data_plot' build argument 'ament_cmake_args' from command line to 'None'
[0.201s] Level 5:colcon.colcon_core.verb:set package 'data_plot' build argument 'catkin_cmake_args' from command line to 'None'
[0.201s] Level 5:colcon.colcon_core.verb:set package 'data_plot' build argument 'catkin_skip_building_tests' from command line to 'False'
[0.201s] DEBUG:colcon.colcon_core.verb:Building package 'data_plot' with the following arguments: {'ament_cmake_args': None, 'build_base': '/home/miao/planning_with_ROS2_ws/build/data_plot', 'catkin_cmake_args': None, 'catkin_skip_building_tests': False, 'cmake_args': None, 'cmake_clean_cache': False, 'cmake_clean_first': False, 'cmake_force_configure': False, 'cmake_target': None, 'cmake_target_skip_unavailable': False, 'install_base': '/home/miao/planning_with_ROS2_ws/install/data_plot', 'merge_install': False, 'path': '/home/miao/planning_with_ROS2_ws/src/data_plot', 'symlink_install': False, 'test_result_base': None}
[0.202s] Level 5:colcon.colcon_core.verb:set package 'planning' build argument 'cmake_args' from command line to 'None'
[0.202s] Level 5:colcon.colcon_core.verb:set package 'planning' build argument 'cmake_target' from command line to 'None'
[0.202s] Level 5:colcon.colcon_core.verb:set package 'planning' build argument 'cmake_target_skip_unavailable' from command line to 'False'
[0.202s] Level 5:colcon.colcon_core.verb:set package 'planning' build argument 'cmake_clean_cache' from command line to 'False'
[0.202s] Level 5:colcon.colcon_core.verb:set package 'planning' build argument 'cmake_clean_first' from command line to 'False'
[0.202s] Level 5:colcon.colcon_core.verb:set package 'planning' build argument 'cmake_force_configure' from command line to 'False'
[0.202s] Level 5:colcon.colcon_core.verb:set package 'planning' build argument 'ament_cmake_args' from command line to 'None'
[0.202s] Level 5:colcon.colcon_core.verb:set package 'planning' build argument 'catkin_cmake_args' from command line to 'None'
[0.202s] Level 5:colcon.colcon_core.verb:set package 'planning' build argument 'catkin_skip_building_tests' from command line to 'False'
[0.202s] DEBUG:colcon.colcon_core.verb:Building package 'planning' with the following arguments: {'ament_cmake_args': None, 'build_base': '/home/miao/planning_with_ROS2_ws/build/planning', 'catkin_cmake_args': None, 'catkin_skip_building_tests': False, 'cmake_args': None, 'cmake_clean_cache': False, 'cmake_clean_first': False, 'cmake_force_configure': False, 'cmake_target': None, 'cmake_target_skip_unavailable': False, 'install_base': '/home/miao/planning_with_ROS2_ws/install/planning', 'merge_install': False, 'path': '/home/miao/planning_with_ROS2_ws/src/planning', 'symlink_install': False, 'test_result_base': None}
[0.202s] INFO:colcon.colcon_core.executor:Executing jobs using 'parallel' executor
[0.203s] DEBUG:colcon.colcon_parallel_executor.executor.parallel:run_until_complete
[0.203s] INFO:colcon.colcon_ros.task.ament_cmake.build:Building ROS package in '/home/miao/planning_with_ROS2_ws/src/base_msgs' with build type 'ament_cmake'
[0.203s] INFO:colcon.colcon_cmake.task.cmake.build:Building CMake package in '/home/miao/planning_with_ROS2_ws/src/base_msgs'
[0.204s] INFO:colcon.colcon_core.plugin_system:Skipping extension 'colcon_core.shell.bat': Not used on non-Windows systems
[0.204s] INFO:colcon.colcon_core.shell:Skip shell extension 'powershell' for command environment: Not usable outside of PowerShell
[0.204s] DEBUG:colcon.colcon_core.shell:Skip shell extension 'dsv' for command environment
[0.206s] INFO:colcon.colcon_ros.task.ament_python.build:Building ROS package in '/home/miao/planning_with_ROS2_ws/src/data_plot' with build type 'ament_python'
[0.206s] Level 1:colcon.colcon_core.shell:create_environment_hook('data_plot', 'ament_prefix_path')
[0.206s] INFO:colcon.colcon_core.shell:Creating environment hook '/home/miao/planning_with_ROS2_ws/install/data_plot/share/data_plot/hook/ament_prefix_path.ps1'
[0.207s] INFO:colcon.colcon_core.shell:Creating environment descriptor '/home/miao/planning_with_ROS2_ws/install/data_plot/share/data_plot/hook/ament_prefix_path.dsv'
[0.207s] INFO:colcon.colcon_core.shell:Creating environment hook '/home/miao/planning_with_ROS2_ws/install/data_plot/share/data_plot/hook/ament_prefix_path.sh'
[0.207s] INFO:colcon.colcon_core.shell:Skip shell extension 'powershell' for command environment: Not usable outside of PowerShell
[0.207s] DEBUG:colcon.colcon_core.shell:Skip shell extension 'dsv' for command environment
[0.209s] INFO:colcon.colcon_ros.task.ament_cmake.build:Building ROS package in '/home/miao/planning_with_ROS2_ws/src/planning' with build type 'ament_cmake'
[0.209s] INFO:colcon.colcon_cmake.task.cmake.build:Building CMake package in '/home/miao/planning_with_ROS2_ws/src/planning'
[0.209s] INFO:colcon.colcon_core.shell:Skip shell extension 'powershell' for command environment: Not usable outside of PowerShell
[0.209s] DEBUG:colcon.colcon_core.shell:Skip shell extension 'dsv' for command environment
[0.215s] DEBUG:colcon.colcon_core.event_handler.log_command:Invoking command in '/home/miao/planning_with_ROS2_ws/build/base_msgs': CMAKE_PREFIX_PATH=${CMAKE_PREFIX_PATH}:/home/miao/planning_with_ROS2_ws/install/data_plot:/opt/ros/humble /usr/bin/cmake --build /home/miao/planning_with_ROS2_ws/build/base_msgs -- -j20 -l20
[0.352s] INFO:colcon.colcon_core.task.python.build:Building Python package in '/home/miao/planning_with_ROS2_ws/src/data_plot'
[0.352s] INFO:colcon.colcon_core.shell:Skip shell extension 'powershell' for command environment: Not usable outside of PowerShell
[0.352s] DEBUG:colcon.colcon_core.shell:Skip shell extension 'dsv' for command environment
[0.359s] DEBUG:colcon.colcon_core.event_handler.log_command:Invoking command in '/home/miao/planning_with_ROS2_ws/build/planning': CMAKE_PREFIX_PATH=${CMAKE_PREFIX_PATH}:/home/miao/planning_with_ROS2_ws/install/data_plot:/opt/ros/humble /usr/bin/cmake --build /home/miao/planning_with_ROS2_ws/build/planning -- -j20 -l20
[0.359s] DEBUG:colcon.colcon_core.event_handler.log_command:Invoked command in '/home/miao/planning_with_ROS2_ws/build/base_msgs' returned '0': CMAKE_PREFIX_PATH=${CMAKE_PREFIX_PATH}:/home/miao/planning_with_ROS2_ws/install/data_plot:/opt/ros/humble /usr/bin/cmake --build /home/miao/planning_with_ROS2_ws/build/base_msgs -- -j20 -l20
[0.365s] DEBUG:colcon.colcon_core.event_handler.log_command:Invoking command in '/home/miao/planning_with_ROS2_ws/build/base_msgs': CMAKE_PREFIX_PATH=${CMAKE_PREFIX_PATH}:/home/miao/planning_with_ROS2_ws/install/data_plot:/opt/ros/humble /usr/bin/cmake --install /home/miao/planning_with_ROS2_ws/build/base_msgs
[0.373s] Level 1:colcon.colcon_core.environment:create_environment_scripts_only(base_msgs)
[0.373s] DEBUG:colcon.colcon_core.event_handler.log_command:Invoked command in '/home/miao/planning_with_ROS2_ws/build/base_msgs' returned '0': CMAKE_PREFIX_PATH=${CMAKE_PREFIX_PATH}:/home/miao/planning_with_ROS2_ws/install/data_plot:/opt/ros/humble /usr/bin/cmake --install /home/miao/planning_with_ROS2_ws/build/base_msgs
[0.375s] Level 1:colcon.colcon_core.environment:checking '/home/miao/planning_with_ROS2_ws/install/base_msgs' for CMake module files
[0.375s] Level 1:colcon.colcon_core.environment:checking '/home/miao/planning_with_ROS2_ws/install/base_msgs' for CMake config files
[0.375s] Level 1:colcon.colcon_core.shell:create_environment_hook('base_msgs', 'cmake_prefix_path')
[0.375s] INFO:colcon.colcon_core.shell:Creating environment hook '/home/miao/planning_with_ROS2_ws/install/base_msgs/share/base_msgs/hook/cmake_prefix_path.ps1'
[0.375s] INFO:colcon.colcon_core.shell:Creating environment descriptor '/home/miao/planning_with_ROS2_ws/install/base_msgs/share/base_msgs/hook/cmake_prefix_path.dsv'
[0.376s] INFO:colcon.colcon_core.shell:Creating environment hook '/home/miao/planning_with_ROS2_ws/install/base_msgs/share/base_msgs/hook/cmake_prefix_path.sh'
[0.376s] Level 1:colcon.colcon_core.environment:checking '/home/miao/planning_with_ROS2_ws/install/base_msgs/bin'
[0.376s] Level 1:colcon.colcon_core.environment:checking '/home/miao/planning_with_ROS2_ws/install/base_msgs/lib/pkgconfig/base_msgs.pc'
[0.376s] Level 1:colcon.colcon_core.environment:checking '/home/miao/planning_with_ROS2_ws/install/base_msgs/lib/python3.10/site-packages'
[0.376s] Level 1:colcon.colcon_core.environment:checking '/home/miao/planning_with_ROS2_ws/install/base_msgs/bin'
[0.376s] INFO:colcon.colcon_core.shell:Creating package script '/home/miao/planning_with_ROS2_ws/install/base_msgs/share/base_msgs/package.ps1'
[0.377s] INFO:colcon.colcon_core.shell:Creating package descriptor '/home/miao/planning_with_ROS2_ws/install/base_msgs/share/base_msgs/package.dsv'
[0.377s] INFO:colcon.colcon_core.shell:Creating package script '/home/miao/planning_with_ROS2_ws/install/base_msgs/share/base_msgs/package.sh'
[0.377s] INFO:colcon.colcon_core.shell:Creating package script '/home/miao/planning_with_ROS2_ws/install/base_msgs/share/base_msgs/package.bash'
[0.378s] INFO:colcon.colcon_core.shell:Creating package script '/home/miao/planning_with_ROS2_ws/install/base_msgs/share/base_msgs/package.zsh'
[0.378s] Level 1:colcon.colcon_core.environment:create_file_with_runtime_dependencies(/home/miao/planning_with_ROS2_ws/install/base_msgs/share/colcon-core/packages/base_msgs)
[0.378s] Level 1:colcon.colcon_core.environment:create_environment_scripts_only(base_msgs)
[0.378s] Level 1:colcon.colcon_core.environment:checking '/home/miao/planning_with_ROS2_ws/install/base_msgs' for CMake module files
[0.379s] Level 1:colcon.colcon_core.environment:checking '/home/miao/planning_with_ROS2_ws/install/base_msgs' for CMake config files
[0.379s] Level 1:colcon.colcon_core.shell:create_environment_hook('base_msgs', 'cmake_prefix_path')
[0.379s] INFO:colcon.colcon_core.shell:Creating environment hook '/home/miao/planning_with_ROS2_ws/install/base_msgs/share/base_msgs/hook/cmake_prefix_path.ps1'
[0.379s] INFO:colcon.colcon_core.shell:Creating environment descriptor '/home/miao/planning_with_ROS2_ws/install/base_msgs/share/base_msgs/hook/cmake_prefix_path.dsv'
[0.379s] INFO:colcon.colcon_core.shell:Creating environment hook '/home/miao/planning_with_ROS2_ws/install/base_msgs/share/base_msgs/hook/cmake_prefix_path.sh'
[0.379s] Level 1:colcon.colcon_core.environment:checking '/home/miao/planning_with_ROS2_ws/install/base_msgs/bin'
[0.379s] Level 1:colcon.colcon_core.environment:checking '/home/miao/planning_with_ROS2_ws/install/base_msgs/lib/pkgconfig/base_msgs.pc'
[0.379s] Level 1:colcon.colcon_core.environment:checking '/home/miao/planning_with_ROS2_ws/install/base_msgs/lib/python3.10/site-packages'
[0.380s] Level 1:colcon.colcon_core.environment:checking '/home/miao/planning_with_ROS2_ws/install/base_msgs/bin'
[0.380s] INFO:colcon.colcon_core.shell:Creating package script '/home/miao/planning_with_ROS2_ws/install/base_msgs/share/base_msgs/package.ps1'
[0.380s] INFO:colcon.colcon_core.shell:Creating package descriptor '/home/miao/planning_with_ROS2_ws/install/base_msgs/share/base_msgs/package.dsv'
[0.380s] INFO:colcon.colcon_core.shell:Creating package script '/home/miao/planning_with_ROS2_ws/install/base_msgs/share/base_msgs/package.sh'
[0.380s] INFO:colcon.colcon_core.shell:Creating package script '/home/miao/planning_with_ROS2_ws/install/base_msgs/share/base_msgs/package.bash'
[0.380s] INFO:colcon.colcon_core.shell:Creating package script '/home/miao/planning_with_ROS2_ws/install/base_msgs/share/base_msgs/package.zsh'
[0.381s] Level 1:colcon.colcon_core.environment:create_file_with_runtime_dependencies(/home/miao/planning_with_ROS2_ws/install/base_msgs/share/colcon-core/packages/base_msgs)
[0.401s] DEBUG:colcon.colcon_core.event_handler.log_command:Invoked command in '/home/miao/planning_with_ROS2_ws/build/planning' returned '0': CMAKE_PREFIX_PATH=${CMAKE_PREFIX_PATH}:/home/miao/planning_with_ROS2_ws/install/data_plot:/opt/ros/humble /usr/bin/cmake --build /home/miao/planning_with_ROS2_ws/build/planning -- -j20 -l20
[0.402s] DEBUG:colcon.colcon_core.event_handler.log_command:Invoking command in '/home/miao/planning_with_ROS2_ws/build/planning': CMAKE_PREFIX_PATH=${CMAKE_PREFIX_PATH}:/home/miao/planning_with_ROS2_ws/install/data_plot:/opt/ros/humble /usr/bin/cmake --install /home/miao/planning_with_ROS2_ws/build/planning
[0.409s] Level 1:colcon.colcon_core.environment:create_environment_scripts_only(planning)
[0.409s] DEBUG:colcon.colcon_core.event_handler.log_command:Invoked command in '/home/miao/planning_with_ROS2_ws/build/planning' returned '0': CMAKE_PREFIX_PATH=${CMAKE_PREFIX_PATH}:/home/miao/planning_with_ROS2_ws/install/data_plot:/opt/ros/humble /usr/bin/cmake --install /home/miao/planning_with_ROS2_ws/build/planning
[0.410s] Level 1:colcon.colcon_core.environment:checking '/home/miao/planning_with_ROS2_ws/install/planning' for CMake module files
[0.410s] Level 1:colcon.colcon_core.environment:checking '/home/miao/planning_with_ROS2_ws/install/planning' for CMake config files
[0.410s] Level 1:colcon.colcon_core.shell:create_environment_hook('planning', 'cmake_prefix_path')
[0.410s] INFO:colcon.colcon_core.shell:Creating environment hook '/home/miao/planning_with_ROS2_ws/install/planning/share/planning/hook/cmake_prefix_path.ps1'
[0.411s] INFO:colcon.colcon_core.shell:Creating environment descriptor '/home/miao/planning_with_ROS2_ws/install/planning/share/planning/hook/cmake_prefix_path.dsv'
[0.411s] INFO:colcon.colcon_core.shell:Creating environment hook '/home/miao/planning_with_ROS2_ws/install/planning/share/planning/hook/cmake_prefix_path.sh'
[0.411s] Level 1:colcon.colcon_core.environment:checking '/home/miao/planning_with_ROS2_ws/install/planning/lib'
[0.411s] Level 1:colcon.colcon_core.environment:checking '/home/miao/planning_with_ROS2_ws/install/planning/bin'
[0.411s] Level 1:colcon.colcon_core.environment:checking '/home/miao/planning_with_ROS2_ws/install/planning/lib/pkgconfig/planning.pc'
[0.411s] Level 1:colcon.colcon_core.environment:checking '/home/miao/planning_with_ROS2_ws/install/planning/lib/python3.10/site-packages'
[0.411s] Level 1:colcon.colcon_core.environment:checking '/home/miao/planning_with_ROS2_ws/install/planning/bin'
[0.412s] INFO:colcon.colcon_core.shell:Creating package script '/home/miao/planning_with_ROS2_ws/install/planning/share/planning/package.ps1'
[0.412s] INFO:colcon.colcon_core.shell:Creating package descriptor '/home/miao/planning_with_ROS2_ws/install/planning/share/planning/package.dsv'
[0.412s] INFO:colcon.colcon_core.shell:Creating package script '/home/miao/planning_with_ROS2_ws/install/planning/share/planning/package.sh'
[0.412s] INFO:colcon.colcon_core.shell:Creating package script '/home/miao/planning_with_ROS2_ws/install/planning/share/planning/package.bash'
[0.413s] INFO:colcon.colcon_core.shell:Creating package script '/home/miao/planning_with_ROS2_ws/install/planning/share/planning/package.zsh'
[0.413s] Level 1:colcon.colcon_core.environment:create_file_with_runtime_dependencies(/home/miao/planning_with_ROS2_ws/install/planning/share/colcon-core/packages/planning)
[0.413s] Level 1:colcon.colcon_core.environment:create_environment_scripts_only(planning)
[0.413s] Level 1:colcon.colcon_core.environment:checking '/home/miao/planning_with_ROS2_ws/install/planning' for CMake module files
[0.413s] Level 1:colcon.colcon_core.environment:checking '/home/miao/planning_with_ROS2_ws/install/planning' for CMake config files
[0.413s] Level 1:colcon.colcon_core.shell:create_environment_hook('planning', 'cmake_prefix_path')
[0.414s] INFO:colcon.colcon_core.shell:Creating environment hook '/home/miao/planning_with_ROS2_ws/install/planning/share/planning/hook/cmake_prefix_path.ps1'
[0.414s] INFO:colcon.colcon_core.shell:Creating environment descriptor '/home/miao/planning_with_ROS2_ws/install/planning/share/planning/hook/cmake_prefix_path.dsv'
[0.414s] INFO:colcon.colcon_core.shell:Creating environment hook '/home/miao/planning_with_ROS2_ws/install/planning/share/planning/hook/cmake_prefix_path.sh'
[0.414s] Level 1:colcon.colcon_core.environment:checking '/home/miao/planning_with_ROS2_ws/install/planning/lib'
[0.414s] Level 1:colcon.colcon_core.environment:checking '/home/miao/planning_with_ROS2_ws/install/planning/bin'
[0.414s] Level 1:colcon.colcon_core.environment:checking '/home/miao/planning_with_ROS2_ws/install/planning/lib/pkgconfig/planning.pc'
[0.414s] Level 1:colcon.colcon_core.environment:checking '/home/miao/planning_with_ROS2_ws/install/planning/lib/python3.10/site-packages'
[0.415s] Level 1:colcon.colcon_core.environment:checking '/home/miao/planning_with_ROS2_ws/install/planning/bin'
[0.415s] INFO:colcon.colcon_core.shell:Creating package script '/home/miao/planning_with_ROS2_ws/install/planning/share/planning/package.ps1'
[0.415s] INFO:colcon.colcon_core.shell:Creating package descriptor '/home/miao/planning_with_ROS2_ws/install/planning/share/planning/package.dsv'
[0.415s] INFO:colcon.colcon_core.shell:Creating package script '/home/miao/planning_with_ROS2_ws/install/planning/share/planning/package.sh'
[0.415s] INFO:colcon.colcon_core.shell:Creating package script '/home/miao/planning_with_ROS2_ws/install/planning/share/planning/package.bash'
[0.416s] INFO:colcon.colcon_core.shell:Creating package script '/home/miao/planning_with_ROS2_ws/install/planning/share/planning/package.zsh'
[0.416s] Level 1:colcon.colcon_core.environment:create_file_with_runtime_dependencies(/home/miao/planning_with_ROS2_ws/install/planning/share/colcon-core/packages/planning)
[0.524s] DEBUG:colcon.colcon_core.event_handler.log_command:Invoking command in '/home/miao/planning_with_ROS2_ws/src/data_plot': PYTHONPATH=/home/miao/planning_with_ROS2_ws/build/data_plot/prefix_override:/usr/lib/python3/dist-packages/colcon_core/task/python/colcon_distutils_commands:/home/miao/planning_with_ROS2_ws/install/data_plot/lib/python3.10/site-packages:${PYTHONPATH} /usr/bin/python3 -W ignore:setup.py install is deprecated -W ignore:easy_install command is deprecated setup.py egg_info --egg-base ../../build/data_plot build --build-base /home/miao/planning_with_ROS2_ws/build/data_plot/build install --record /home/miao/planning_with_ROS2_ws/build/data_plot/install.log --single-version-externally-managed install_data
[0.677s] Level 1:colcon.colcon_core.environment:checking '/home/miao/planning_with_ROS2_ws/install/data_plot' for CMake module files
[0.677s] DEBUG:colcon.colcon_core.event_handler.log_command:Invoked command in '/home/miao/planning_with_ROS2_ws/src/data_plot' returned '0': PYTHONPATH=/home/miao/planning_with_ROS2_ws/build/data_plot/prefix_override:/usr/lib/python3/dist-packages/colcon_core/task/python/colcon_distutils_commands:/home/miao/planning_with_ROS2_ws/install/data_plot/lib/python3.10/site-packages:${PYTHONPATH} /usr/bin/python3 -W ignore:setup.py install is deprecated -W ignore:easy_install command is deprecated setup.py egg_info --egg-base ../../build/data_plot build --build-base /home/miao/planning_with_ROS2_ws/build/data_plot/build install --record /home/miao/planning_with_ROS2_ws/build/data_plot/install.log --single-version-externally-managed install_data
[0.677s] Level 1:colcon.colcon_core.environment:checking '/home/miao/planning_with_ROS2_ws/install/data_plot' for CMake config files
[0.677s] Level 1:colcon.colcon_core.environment:checking '/home/miao/planning_with_ROS2_ws/install/data_plot/lib'
[0.678s] Level 1:colcon.colcon_core.environment:checking '/home/miao/planning_with_ROS2_ws/install/data_plot/bin'
[0.678s] Level 1:colcon.colcon_core.environment:checking '/home/miao/planning_with_ROS2_ws/install/data_plot/lib/pkgconfig/data_plot.pc'
[0.678s] Level 1:colcon.colcon_core.environment:checking '/home/miao/planning_with_ROS2_ws/install/data_plot/lib/python3.10/site-packages'
[0.678s] Level 1:colcon.colcon_core.shell:create_environment_hook('data_plot', 'pythonpath')
[0.678s] INFO:colcon.colcon_core.shell:Creating environment hook '/home/miao/planning_with_ROS2_ws/install/data_plot/share/data_plot/hook/pythonpath.ps1'
[0.678s] INFO:colcon.colcon_core.shell:Creating environment descriptor '/home/miao/planning_with_ROS2_ws/install/data_plot/share/data_plot/hook/pythonpath.dsv'
[0.678s] INFO:colcon.colcon_core.shell:Creating environment hook '/home/miao/planning_with_ROS2_ws/install/data_plot/share/data_plot/hook/pythonpath.sh'
[0.679s] Level 1:colcon.colcon_core.environment:checking '/home/miao/planning_with_ROS2_ws/install/data_plot/bin'
[0.679s] Level 1:colcon.colcon_core.environment:create_environment_scripts_only(data_plot)
[0.679s] INFO:colcon.colcon_core.shell:Creating package script '/home/miao/planning_with_ROS2_ws/install/data_plot/share/data_plot/package.ps1'
[0.679s] INFO:colcon.colcon_core.shell:Creating package descriptor '/home/miao/planning_with_ROS2_ws/install/data_plot/share/data_plot/package.dsv'
[0.680s] INFO:colcon.colcon_core.shell:Creating package script '/home/miao/planning_with_ROS2_ws/install/data_plot/share/data_plot/package.sh'
[0.680s] INFO:colcon.colcon_core.shell:Creating package script '/home/miao/planning_with_ROS2_ws/install/data_plot/share/data_plot/package.bash'
[0.680s] INFO:colcon.colcon_core.shell:Creating package script '/home/miao/planning_with_ROS2_ws/install/data_plot/share/data_plot/package.zsh'
[0.680s] Level 1:colcon.colcon_core.environment:create_file_with_runtime_dependencies(/home/miao/planning_with_ROS2_ws/install/data_plot/share/colcon-core/packages/data_plot)
[0.680s] DEBUG:colcon.colcon_parallel_executor.executor.parallel:closing loop
[0.680s] DEBUG:colcon.colcon_parallel_executor.executor.parallel:loop closed
[0.680s] DEBUG:colcon.colcon_parallel_executor.executor.parallel:run_until_complete finished with '0'
[0.680s] DEBUG:colcon.colcon_core.event_reactor:joining thread
[0.684s] INFO:colcon.colcon_core.plugin_system:Skipping extension 'colcon_notification.desktop_notification.terminal_notifier': Not used on non-Darwin systems
[0.684s] INFO:colcon.colcon_core.plugin_system:Skipping extension 'colcon_notification.desktop_notification.win32': Not used on non-Windows systems
[0.684s] INFO:colcon.colcon_notification.desktop_notification:Sending desktop notification using 'notify2'
[0.691s] DEBUG:colcon.colcon_core.event_reactor:joined thread
[0.691s] INFO:colcon.colcon_core.shell:Creating prefix script '/home/miao/planning_with_ROS2_ws/install/local_setup.ps1'
[0.691s] INFO:colcon.colcon_core.shell:Creating prefix util module '/home/miao/planning_with_ROS2_ws/install/_local_setup_util_ps1.py'
[0.692s] INFO:colcon.colcon_core.shell:Creating prefix chain script '/home/miao/planning_with_ROS2_ws/install/setup.ps1'
[0.693s] INFO:colcon.colcon_core.shell:Creating prefix script '/home/miao/planning_with_ROS2_ws/install/local_setup.sh'
[0.693s] INFO:colcon.colcon_core.shell:Creating prefix util module '/home/miao/planning_with_ROS2_ws/install/_local_setup_util_sh.py'
[0.693s] INFO:colcon.colcon_core.shell:Creating prefix chain script '/home/miao/planning_with_ROS2_ws/install/setup.sh'
[0.694s] INFO:colcon.colcon_core.shell:Creating prefix script '/home/miao/planning_with_ROS2_ws/install/local_setup.bash'
[0.694s] INFO:colcon.colcon_core.shell:Creating prefix chain script '/home/miao/planning_with_ROS2_ws/install/setup.bash'
[0.694s] INFO:colcon.colcon_core.shell:Creating prefix script '/home/miao/planning_with_ROS2_ws/install/local_setup.zsh'
[0.695s] INFO:colcon.colcon_core.shell:Creating prefix chain script '/home/miao/planning_with_ROS2_ws/install/setup.zsh'
