[0.125s] Invoking command in '/home/miao/planning_with_ROS2_ws/build/planning': CMAKE_PREFIX_PATH=/home/miao/planning_with_ROS2_ws/install/base_msgs:/home/miao/planning_with_ROS2_ws/install/planning:/home/miao/planning_with_ROS2_ws/install/data_plot:/opt/ros/humble /usr/bin/cmake --build /home/miao/planning_with_ROS2_ws/build/planning -- -j20 -l20
[0.142s] -- Found ament_cmake: 1.3.11 (/opt/ros/humble/share/ament_cmake/cmake)
[0.217s] -- Found rclcpp: 16.0.11 (/opt/ros/humble/share/rclcpp/cmake)
[0.232s] -- Found rosidl_generator_c: 3.1.6 (/opt/ros/humble/share/rosidl_generator_c/cmake)
[0.233s] -- Found rosidl_adapter: 3.1.6 (/opt/ros/humble/share/rosidl_adapter/cmake)
[0.236s] -- Found rosidl_generator_cpp: 3.1.6 (/opt/ros/humble/share/rosidl_generator_cpp/cmake)
[0.241s] -- Using all available rosidl_typesupport_c: rosidl_typesupport_fastrtps_c;rosidl_typesupport_introspection_c
[0.247s] -- Using all available rosidl_typesupport_cpp: rosidl_typesupport_fastrtps_cpp;rosidl_typesupport_introspection_cpp
[0.263s] -- Found rmw_implementation_cmake: 6.1.2 (/opt/ros/humble/share/rmw_implementation_cmake/cmake)
[0.264s] -- Found rmw_fastrtps_cpp: 6.2.7 (/opt/ros/humble/share/rmw_fastrtps_cpp/cmake)
[0.317s] -- Using RMW implementation 'rmw_fastrtps_cpp' as default
[0.341s] -- Found tf2: 0.25.9 (/opt/ros/humble/share/tf2/cmake)
[0.350s] -- Found tf2_ros: 0.25.9 (/opt/ros/humble/share/tf2_ros/cmake)
[0.389s] -- Found nav_msgs: 4.2.4 (/opt/ros/humble/share/nav_msgs/cmake)
[0.397s] -- Found visualization_msgs: 4.2.4 (/opt/ros/humble/share/visualization_msgs/cmake)
[0.416s] -- Found base_msgs: 0.0.0 (/home/miao/planning_with_ROS2_ws/install/base_msgs/share/base_msgs/cmake)
[0.431s] -- Found ament_lint_auto: 0.12.11 (/opt/ros/humble/share/ament_lint_auto/cmake)
[0.469s] -- Added test 'cppcheck' to perform static code analysis on C / C++ code
[0.470s] -- Configured cppcheck include dirs: /home/miao/planning_with_ROS2_ws/src/planning/src/common/config_reader;/home/miao/planning_with_ROS2_ws/src/planning/src/common/math;/home/miao/planning_with_ROS2_ws/src/planning/src/decision_center;/home/miao/planning_with_ROS2_ws/src/planning/src/global_planner;/home/miao/planning_with_ROS2_ws/src/planning/src/global_planner/global_planner_normal;/home/miao/planning_with_ROS2_ws/src/planning/src/local_planner;/home/miao/planning_with_ROS2_ws/src/planning/src/local_planner/local_path;/home/miao/planning_with_ROS2_ws/src/planning/src/local_planner/local_speeds;/home/miao/planning_with_ROS2_ws/src/planning/src/move_cmd;/home/miao/planning_with_ROS2_ws/src/planning/src/planning_process;/home/miao/planning_with_ROS2_ws/src/planning/src/pnc_map_creator;/home/miao/planning_with_ROS2_ws/src/planning/src/pnc_map_creator/pnc_map_straight;/home/miao/planning_with_ROS2_ws/src/planning/src/pnc_map_creator/pnc_map_sturn;/home/miao/planning_with_ROS2_ws/src/planning/src/reference_line;/home/miao/planning_with_ROS2_ws/src/planning/src/vehicle_info;/home/miao/planning_with_ROS2_ws/src/planning/src/vehicle_info/main_car;/home/miao/planning_with_ROS2_ws/src/planning/src/vehicle_info/obs_car
[0.470s] -- Configured cppcheck exclude dirs and/or files: 
[0.471s] -- Added test 'lint_cmake' to check CMake code style
[0.472s] -- Added test 'uncrustify' to check C / C++ code style
[0.472s] -- Configured uncrustify additional arguments: 
[0.472s] -- Added test 'xmllint' to check XML markup files
[0.473s] -- Configuring done
[0.504s] -- Generating done
[0.517s] -- Build files have been written to: /home/miao/planning_with_ROS2_ws/build/planning
[0.536s] [35m[1mConsolidate compiler generated dependencies of target car_move_cmd[0m
[0.536s] [35m[1mConsolidate compiler generated dependencies of target obs_move_cmd[0m
[0.536s] [35m[1mConsolidate compiler generated dependencies of target mathlibs[0m
[0.536s] [35m[1mConsolidate compiler generated dependencies of target planning_node[0m
[0.537s] [35m[1mConsolidate compiler generated dependencies of target global_path_server[0m
[0.537s] [35m[1mConsolidate compiler generated dependencies of target config_reader[0m
[0.538s] [35m[1mConsolidate compiler generated dependencies of target global_planner[0m
[0.540s] [35m[1mConsolidate compiler generated dependencies of target local_planner[0m
[0.540s] [35m[1mConsolidate compiler generated dependencies of target pnc_map[0m
[0.545s] [  8%] Built target obs_move_cmd
[0.545s] [ 11%] Built target car_move_cmd
[0.547s] [ 20%] Built target planning_node
[0.548s] [ 26%] Built target config_reader
[0.548s] [ 32%] [32mBuilding CXX object src/common/CMakeFiles/mathlibs.dir/math/polynomial_curve.cpp.o[0m
[0.548s] [ 32%] [32mBuilding CXX object src/common/CMakeFiles/mathlibs.dir/math/curve.cpp.o[0m
[0.549s] [ 41%] Built target pnc_map
[0.549s] [ 47%] Built target global_path_server
[0.551s] [ 52%] Built target global_planner
[0.556s] [ 67%] Built target local_planner
[0.557s] [35m[1mConsolidate compiler generated dependencies of target pnc_map_server[0m
[0.567s] [ 73%] Built target pnc_map_server
[2.200s] [ 76%] [32m[1mLinking CXX shared library libmathlibs.so[0m
[2.275s] [ 76%] Built target mathlibs
[2.284s] [35m[1mConsolidate compiler generated dependencies of target reference_line[0m
[2.284s] [35m[1mConsolidate compiler generated dependencies of target vehicle_info[0m
[2.298s] [ 79%] [32m[1mLinking CXX shared library libreference_line.so[0m
[2.299s] [ 82%] [32m[1mLinking CXX shared library libvehicle_info.so[0m
[2.361s] [ 88%] Built target reference_line
[2.361s] [ 94%] Built target vehicle_info
[2.369s] [35m[1mConsolidate compiler generated dependencies of target decision_center[0m
[2.382s] [ 97%] [32mBuilding CXX object src/decision_center/CMakeFiles/decision_center.dir/decision_center.cpp.o[0m
[3.784s] [100%] [32m[1mLinking CXX shared library libdecision_center.so[0m
[3.844s] [100%] Built target decision_center
[3.851s] Invoked command in '/home/miao/planning_with_ROS2_ws/build/planning' returned '0': CMAKE_PREFIX_PATH=/home/miao/planning_with_ROS2_ws/install/base_msgs:/home/miao/planning_with_ROS2_ws/install/planning:/home/miao/planning_with_ROS2_ws/install/data_plot:/opt/ros/humble /usr/bin/cmake --build /home/miao/planning_with_ROS2_ws/build/planning -- -j20 -l20
[3.852s] Invoking command in '/home/miao/planning_with_ROS2_ws/build/planning': CMAKE_PREFIX_PATH=/home/miao/planning_with_ROS2_ws/install/base_msgs:/home/miao/planning_with_ROS2_ws/install/planning:/home/miao/planning_with_ROS2_ws/install/data_plot:/opt/ros/humble /usr/bin/cmake --install /home/miao/planning_with_ROS2_ws/build/planning
[3.856s] -- Install configuration: ""
[3.856s] -- Up-to-date: /home/miao/planning_with_ROS2_ws/install/planning/lib/libconfig_reader.so
[3.856s] -- Installing: /home/miao/planning_with_ROS2_ws/install/planning/lib/libmathlibs.so
[3.856s] -- Set runtime path of "/home/miao/planning_with_ROS2_ws/install/planning/lib/libmathlibs.so" to ""
[3.856s] -- Installing: /home/miao/planning_with_ROS2_ws/install/planning/lib/libdecision_center.so
[3.857s] -- Set runtime path of "/home/miao/planning_with_ROS2_ws/install/planning/lib/libdecision_center.so" to ""
[3.857s] -- Up-to-date: /home/miao/planning_with_ROS2_ws/install/planning/lib/libglobal_planner.so
[3.857s] -- Up-to-date: /home/miao/planning_with_ROS2_ws/install/planning/lib/planning/global_path_server
[3.857s] -- Up-to-date: /home/miao/planning_with_ROS2_ws/install/planning/lib/liblocal_planner.so
[3.857s] -- Up-to-date: /home/miao/planning_with_ROS2_ws/install/planning/lib/planning/car_move_cmd
[3.857s] -- Up-to-date: /home/miao/planning_with_ROS2_ws/install/planning/lib/planning/obs_move_cmd
[3.857s] -- Up-to-date: /home/miao/planning_with_ROS2_ws/install/planning/lib/planning/planning_node
[3.858s] -- Up-to-date: /home/miao/planning_with_ROS2_ws/install/planning/lib/libpnc_map.so
[3.858s] -- Up-to-date: /home/miao/planning_with_ROS2_ws/install/planning/lib/planning/pnc_map_server
[3.858s] -- Installing: /home/miao/planning_with_ROS2_ws/install/planning/lib/libreference_line.so
[3.858s] -- Set runtime path of "/home/miao/planning_with_ROS2_ws/install/planning/lib/libreference_line.so" to ""
[3.858s] -- Installing: /home/miao/planning_with_ROS2_ws/install/planning/lib/libvehicle_info.so
[3.858s] -- Set runtime path of "/home/miao/planning_with_ROS2_ws/install/planning/lib/libvehicle_info.so" to ""
[3.858s] -- Up-to-date: /home/miao/planning_with_ROS2_ws/install/planning/share/planning/config
[3.858s] -- Up-to-date: /home/miao/planning_with_ROS2_ws/install/planning/share/planning/launch
[3.858s] -- Up-to-date: /home/miao/planning_with_ROS2_ws/install/planning/share/planning/rviz
[3.859s] -- Up-to-date: /home/miao/planning_with_ROS2_ws/install/planning/share/planning/urdf
[3.859s] -- Up-to-date: /home/miao/planning_with_ROS2_ws/install/planning/share/planning/urdf/main_car
[3.859s] -- Up-to-date: /home/miao/planning_with_ROS2_ws/install/planning/share/planning/urdf/obs_car
[3.859s] -- Up-to-date: /home/miao/planning_with_ROS2_ws/install/planning/share/ament_index/resource_index/package_run_dependencies/planning
[3.859s] -- Up-to-date: /home/miao/planning_with_ROS2_ws/install/planning/share/ament_index/resource_index/parent_prefix_path/planning
[3.859s] -- Up-to-date: /home/miao/planning_with_ROS2_ws/install/planning/share/planning/environment/ament_prefix_path.sh
[3.859s] -- Installing: /home/miao/planning_with_ROS2_ws/install/planning/share/planning/environment/ament_prefix_path.dsv
[3.859s] -- Up-to-date: /home/miao/planning_with_ROS2_ws/install/planning/share/planning/environment/path.sh
[3.859s] -- Installing: /home/miao/planning_with_ROS2_ws/install/planning/share/planning/environment/path.dsv
[3.859s] -- Up-to-date: /home/miao/planning_with_ROS2_ws/install/planning/share/planning/local_setup.bash
[3.859s] -- Up-to-date: /home/miao/planning_with_ROS2_ws/install/planning/share/planning/local_setup.sh
[3.859s] -- Up-to-date: /home/miao/planning_with_ROS2_ws/install/planning/share/planning/local_setup.zsh
[3.859s] -- Installing: /home/miao/planning_with_ROS2_ws/install/planning/share/planning/local_setup.dsv
[3.859s] -- Installing: /home/miao/planning_with_ROS2_ws/install/planning/share/planning/package.dsv
[3.860s] -- Up-to-date: /home/miao/planning_with_ROS2_ws/install/planning/share/ament_index/resource_index/packages/planning
[3.860s] -- Up-to-date: /home/miao/planning_with_ROS2_ws/install/planning/share/planning/cmake/planningConfig.cmake
[3.860s] -- Up-to-date: /home/miao/planning_with_ROS2_ws/install/planning/share/planning/cmake/planningConfig-version.cmake
[3.860s] -- Up-to-date: /home/miao/planning_with_ROS2_ws/install/planning/share/planning/package.xml
[3.860s] Invoked command in '/home/miao/planning_with_ROS2_ws/build/planning' returned '0': CMAKE_PREFIX_PATH=/home/miao/planning_with_ROS2_ws/install/base_msgs:/home/miao/planning_with_ROS2_ws/install/planning:/home/miao/planning_with_ROS2_ws/install/data_plot:/opt/ros/humble /usr/bin/cmake --install /home/miao/planning_with_ROS2_ws/build/planning
