[35m[1mConsolidate compiler generated dependencies of target pnc_map[0m
[  5%] Built target config_reader
[  8%] [32mBuilding CXX object src/global_planner/CMakeFiles/global_planner.dir/global_planner_normal/global_planner_normal.cpp.o[0m
[ 17%] Built target mathlibs
[ 26%] Built target pnc_map
[35m[1mConsolidate compiler generated dependencies of target pnc_map_server[0m
[ 35%] Built target vehicle_info
[ 44%] Built target reference_line
[ 50%] Built target pnc_map_server
[ 61%] Built target obs_move_cmd
[ 61%] Built target car_move_cmd
[ 67%] Built target decision_center
[ 82%] Built target local_planner
[35m[1mConsolidate compiler generated dependencies of target planning_node[0m
[ 91%] Built target planning_node
[ 94%] [32m[1mLinking CXX shared library libglobal_planner.so[0m
[ 94%] Built target global_planner
[ 97%] [32mBuilding CXX object src/global_planner/CMakeFiles/global_path_server.dir/global_path_server.cpp.o[0m
[100%] [32m[1mLinking CXX executable global_path_server[0m
[100%] Built target global_path_server
-- Install configuration: ""
-- Up-to-date: /home/miao/planning_with_ROS2_ws/install/planning/lib/libconfig_reader.so
-- Up-to-date: /home/miao/planning_with_ROS2_ws/install/planning/lib/libmathlibs.so
-- Up-to-date: /home/miao/planning_with_ROS2_ws/install/planning/lib/libdecision_center.so
-- Installing: /home/miao/planning_with_ROS2_ws/install/planning/lib/libglobal_planner.so
-- Set runtime path of "/home/miao/planning_with_ROS2_ws/install/planning/lib/libglobal_planner.so" to ""
-- Installing: /home/miao/planning_with_ROS2_ws/install/planning/lib/planning/global_path_server
-- Set runtime path of "/home/miao/planning_with_ROS2_ws/install/planning/lib/planning/global_path_server" to ""
-- Up-to-date: /home/miao/planning_with_ROS2_ws/install/planning/lib/liblocal_planner.so
-- Up-to-date: /home/miao/planning_with_ROS2_ws/install/planning/lib/planning/car_move_cmd
-- Up-to-date: /home/miao/planning_with_ROS2_ws/install/planning/lib/planning/obs_move_cmd
-- Up-to-date: /home/miao/planning_with_ROS2_ws/install/planning/lib/planning/planning_node
-- Up-to-date: /home/miao/planning_with_ROS2_ws/install/planning/lib/libpnc_map.so
-- Up-to-date: /home/miao/planning_with_ROS2_ws/install/planning/lib/planning/pnc_map_server
-- Up-to-date: /home/miao/planning_with_ROS2_ws/install/planning/lib/libreference_line.so
-- Up-to-date: /home/miao/planning_with_ROS2_ws/install/planning/lib/libvehicle_info.so
-- Up-to-date: /home/miao/planning_with_ROS2_ws/install/planning/share/planning/config
-- Up-to-date: /home/miao/planning_with_ROS2_ws/install/planning/share/planning/config/planning_static_obs_config.yaml
-- Up-to-date: /home/miao/planning_with_ROS2_ws/install/planning/share/planning/launch
-- Up-to-date: /home/miao/planning_with_ROS2_ws/install/planning/share/planning/launch/planning_launch.py
-- Up-to-date: /home/miao/planning_with_ROS2_ws/install/planning/share/planning/launch/move_cmd_launch.py
-- Up-to-date: /home/miao/planning_with_ROS2_ws/install/planning/share/planning/rviz
-- Up-to-date: /home/miao/planning_with_ROS2_ws/install/planning/share/planning/urdf
-- Up-to-date: /home/miao/planning_with_ROS2_ws/install/planning/share/planning/urdf/main_car
-- Up-to-date: /home/miao/planning_with_ROS2_ws/install/planning/share/planning/urdf/main_car/car_radar.xacro
-- Up-to-date: /home/miao/planning_with_ROS2_ws/install/planning/share/planning/urdf/main_car/car.xacro
-- Up-to-date: /home/miao/planning_with_ROS2_ws/install/planning/share/planning/urdf/main_car/car_camera.xacro
-- Up-to-date: /home/miao/planning_with_ROS2_ws/install/planning/share/planning/urdf/main_car/car_wheels.xacro
-- Up-to-date: /home/miao/planning_with_ROS2_ws/install/planning/share/planning/urdf/main_car/car_base.xacro
-- Up-to-date: /home/miao/planning_with_ROS2_ws/install/planning/share/planning/urdf/obs_car
-- Up-to-date: /home/miao/planning_with_ROS2_ws/install/planning/share/ament_index/resource_index/package_run_dependencies/planning
-- Up-to-date: /home/miao/planning_with_ROS2_ws/install/planning/share/ament_index/resource_index/parent_prefix_path/planning
-- Up-to-date: /home/miao/planning_with_ROS2_ws/install/planning/share/planning/environment/ament_prefix_path.sh
-- Up-to-date: /home/miao/planning_with_ROS2_ws/install/planning/share/planning/environment/ament_prefix_path.dsv
-- Up-to-date: /home/miao/planning_with_ROS2_ws/install/planning/share/planning/environment/path.sh
-- Up-to-date: /home/miao/planning_with_ROS2_ws/install/planning/share/planning/environment/path.dsv
-- Up-to-date: /home/miao/planning_with_ROS2_ws/install/planning/share/planning/local_setup.bash
-- Up-to-date: /home/miao/planning_with_ROS2_ws/install/planning/share/planning/local_setup.sh
-- Up-to-date: /home/miao/planning_with_ROS2_ws/install/planning/share/planning/local_setup.zsh
-- Up-to-date: /home/miao/planning_with_ROS2_ws/install/planning/share/planning/local_setup.dsv
-- Installing: /home/miao/planning_with_ROS2_ws/install/planning/share/planning/package.dsv
-- Up-to-date: /home/miao/planning_with_ROS2_ws/install/planning/share/ament_index/resource_index/packages/planning
-- Up-to-date: /home/miao/planning_with_ROS2_ws/install/planning/share/planning/cmake/planningConfig.cmake
-- Up-to-date: /home/miao/planning_with_ROS2_ws/install/planning/share/planning/cmake/planningConfig-version.cmake
-- Up-to-date: /home/miao/planning_with_ROS2_ws/install/planning/share/planning/package.xml
