[0.006s] Invoking command in '/home/miao/planning_with_ROS2_ws/build/base_msgs': CMAKE_PREFIX_PATH=${CMAKE_PREFIX_PATH}:/home/miao/planning_with_ROS2_ws/install/data_plot:/opt/ros/humble /usr/bin/cmake /home/miao/planning_with_ROS2_ws/src/base_msgs -DCMAKE_INSTALL_PREFIX=/home/miao/planning_with_ROS2_ws/install/base_msgs
[0.048s] -- The C compiler identification is GNU 11.4.0
[0.082s] -- The CXX compiler identification is GNU 11.4.0
[0.086s] -- Detecting C compiler ABI info
[0.135s] -- Detecting C compiler ABI info - done
[0.139s] -- Check for working C compiler: /usr/bin/cc - skipped
[0.139s] -- Detecting C compile features
[0.139s] -- Detecting C compile features - done
[0.140s] -- Detecting CXX compiler ABI info
[0.194s] -- Detecting CXX compiler ABI info - done
[0.198s] -- Check for working CXX compiler: /usr/bin/c++ - skipped
[0.198s] -- Detecting CXX compile features
[0.199s] -- Detecting CXX compile features - done
[0.200s] -- Found ament_cmake: 1.3.11 (/opt/ros/humble/share/ament_cmake/cmake)
[0.295s] -- Found Python3: /usr/bin/python3 (found version "3.10.12") found components: Interpreter 
[0.347s] -- Found rosidl_default_generators: 1.2.0 (/opt/ros/humble/share/rosidl_default_generators/cmake)
[0.349s] -- Using all available rosidl_typesupport_c: rosidl_typesupport_fastrtps_c;rosidl_typesupport_introspection_c
[0.354s] -- Found rosidl_adapter: 3.1.6 (/opt/ros/humble/share/rosidl_adapter/cmake)
[0.374s] -- Using all available rosidl_typesupport_cpp: rosidl_typesupport_fastrtps_cpp;rosidl_typesupport_introspection_cpp
[0.389s] -- Found visualization_msgs: 4.2.4 (/opt/ros/humble/share/visualization_msgs/cmake)
[0.427s] -- Found nav_msgs: 4.2.4 (/opt/ros/humble/share/nav_msgs/cmake)
[0.435s] -- Found ament_lint_auto: 0.12.11 (/opt/ros/humble/share/ament_lint_auto/cmake)
[0.475s] -- Added test 'lint_cmake' to check CMake code style
[0.476s] -- Added test 'xmllint' to check XML markup files
[0.476s] -- Configuring done
[0.478s] -- Generating done
[0.479s] -- Build files have been written to: /home/miao/planning_with_ROS2_ws/build/base_msgs
[0.484s] Invoked command in '/home/miao/planning_with_ROS2_ws/build/base_msgs' returned '0': CMAKE_PREFIX_PATH=${CMAKE_PREFIX_PATH}:/home/miao/planning_with_ROS2_ws/install/data_plot:/opt/ros/humble /usr/bin/cmake /home/miao/planning_with_ROS2_ws/src/base_msgs -DCMAKE_INSTALL_PREFIX=/home/miao/planning_with_ROS2_ws/install/base_msgs
[0.485s] Invoking command in '/home/miao/planning_with_ROS2_ws/build/base_msgs': CMAKE_PREFIX_PATH=${CMAKE_PREFIX_PATH}:/home/miao/planning_with_ROS2_ws/install/data_plot:/opt/ros/humble /usr/bin/cmake --build /home/miao/planning_with_ROS2_ws/build/base_msgs -- -j20 -l20
[0.513s] Invoked command in '/home/miao/planning_with_ROS2_ws/build/base_msgs' returned '0': CMAKE_PREFIX_PATH=${CMAKE_PREFIX_PATH}:/home/miao/planning_with_ROS2_ws/install/data_plot:/opt/ros/humble /usr/bin/cmake --build /home/miao/planning_with_ROS2_ws/build/base_msgs -- -j20 -l20
[0.520s] Invoking command in '/home/miao/planning_with_ROS2_ws/build/base_msgs': CMAKE_PREFIX_PATH=${CMAKE_PREFIX_PATH}:/home/miao/planning_with_ROS2_ws/install/data_plot:/opt/ros/humble /usr/bin/cmake --install /home/miao/planning_with_ROS2_ws/build/base_msgs
[0.525s] -- Install configuration: ""
[0.525s] -- Installing: /home/miao/planning_with_ROS2_ws/install/base_msgs/share/ament_index/resource_index/package_run_dependencies/base_msgs
[0.525s] -- Installing: /home/miao/planning_with_ROS2_ws/install/base_msgs/share/ament_index/resource_index/parent_prefix_path/base_msgs
[0.525s] -- Installing: /home/miao/planning_with_ROS2_ws/install/base_msgs/share/base_msgs/environment/ament_prefix_path.sh
[0.525s] -- Installing: /home/miao/planning_with_ROS2_ws/install/base_msgs/share/base_msgs/environment/ament_prefix_path.dsv
[0.525s] -- Installing: /home/miao/planning_with_ROS2_ws/install/base_msgs/share/base_msgs/environment/path.sh
[0.525s] -- Installing: /home/miao/planning_with_ROS2_ws/install/base_msgs/share/base_msgs/environment/path.dsv
[0.525s] -- Installing: /home/miao/planning_with_ROS2_ws/install/base_msgs/share/base_msgs/local_setup.bash
[0.525s] -- Installing: /home/miao/planning_with_ROS2_ws/install/base_msgs/share/base_msgs/local_setup.sh
[0.526s] -- Installing: /home/miao/planning_with_ROS2_ws/install/base_msgs/share/base_msgs/local_setup.zsh
[0.526s] -- Installing: /home/miao/planning_with_ROS2_ws/install/base_msgs/share/base_msgs/local_setup.dsv
[0.526s] -- Installing: /home/miao/planning_with_ROS2_ws/install/base_msgs/share/base_msgs/package.dsv
[0.526s] -- Installing: /home/miao/planning_with_ROS2_ws/install/base_msgs/share/ament_index/resource_index/packages/base_msgs
[0.526s] -- Installing: /home/miao/planning_with_ROS2_ws/install/base_msgs/share/base_msgs/cmake/base_msgsConfig.cmake
[0.526s] -- Installing: /home/miao/planning_with_ROS2_ws/install/base_msgs/share/base_msgs/cmake/base_msgsConfig-version.cmake
[0.526s] -- Installing: /home/miao/planning_with_ROS2_ws/install/base_msgs/share/base_msgs/package.xml
[0.526s] Invoked command in '/home/miao/planning_with_ROS2_ws/build/base_msgs' returned '0': CMAKE_PREFIX_PATH=${CMAKE_PREFIX_PATH}:/home/miao/planning_with_ROS2_ws/install/data_plot:/opt/ros/humble /usr/bin/cmake --install /home/miao/planning_with_ROS2_ws/build/base_msgs
