[0.315s] Invoking command in '/home/miao/planning_with_ROS2_ws/src/data_plot': PS1=\u@\h \[\033[01;36m\]\W\[\033[01;32m\]$(git_branch)\[\033[00m\] \$ PYTHONPATH=/home/miao/planning_with_ROS2_ws/build/data_plot/prefix_override:/usr/lib/python3/dist-packages/colcon_core/task/python/colcon_distutils_commands:/home/miao/planning_with_ROS2_ws/install/data_plot/lib/python3.10/site-packages:${PYTHONPATH} /usr/bin/python3 -W ignore:setup.py install is deprecated -W ignore:easy_install command is deprecated setup.py egg_info --egg-base ../../build/data_plot build --build-base /home/miao/planning_with_ROS2_ws/build/data_plot/build install --record /home/miao/planning_with_ROS2_ws/build/data_plot/install.log --single-version-externally-managed install_data
[0.429s] running egg_info
[0.430s] creating ../../build/data_plot/data_plot.egg-info
[0.430s] writing ../../build/data_plot/data_plot.egg-info/PKG-INFO
[0.430s] writing dependency_links to ../../build/data_plot/data_plot.egg-info/dependency_links.txt
[0.430s] writing entry points to ../../build/data_plot/data_plot.egg-info/entry_points.txt
[0.430s] writing requirements to ../../build/data_plot/data_plot.egg-info/requires.txt
[0.430s] writing top-level names to ../../build/data_plot/data_plot.egg-info/top_level.txt
[0.430s] writing manifest file '../../build/data_plot/data_plot.egg-info/SOURCES.txt'
[0.431s] reading manifest file '../../build/data_plot/data_plot.egg-info/SOURCES.txt'
[0.431s] adding license file 'LICENSE'
[0.431s] writing manifest file '../../build/data_plot/data_plot.egg-info/SOURCES.txt'
[0.431s] running build
[0.431s] running build_py
[0.431s] creating /home/miao/planning_with_ROS2_ws/build/data_plot/build
[0.431s] creating /home/miao/planning_with_ROS2_ws/build/data_plot/build/lib
[0.431s] creating /home/miao/planning_with_ROS2_ws/build/data_plot/build/lib/data_plot
[0.431s] copying data_plot/__init__.py -> /home/miao/planning_with_ROS2_ws/build/data_plot/build/lib/data_plot
[0.431s] copying data_plot/data_plot.py -> /home/miao/planning_with_ROS2_ws/build/data_plot/build/lib/data_plot
[0.431s] running install
[0.432s] running install_lib
[0.432s] creating /home/miao/planning_with_ROS2_ws/install/data_plot/lib/python3.10/site-packages/data_plot
[0.432s] copying /home/miao/planning_with_ROS2_ws/build/data_plot/build/lib/data_plot/__init__.py -> /home/miao/planning_with_ROS2_ws/install/data_plot/lib/python3.10/site-packages/data_plot
[0.432s] copying /home/miao/planning_with_ROS2_ws/build/data_plot/build/lib/data_plot/data_plot.py -> /home/miao/planning_with_ROS2_ws/install/data_plot/lib/python3.10/site-packages/data_plot
[0.432s] byte-compiling /home/miao/planning_with_ROS2_ws/install/data_plot/lib/python3.10/site-packages/data_plot/__init__.py to __init__.cpython-310.pyc
[0.432s] byte-compiling /home/miao/planning_with_ROS2_ws/install/data_plot/lib/python3.10/site-packages/data_plot/data_plot.py to data_plot.cpython-310.pyc
[0.432s] running install_data
[0.432s] creating /home/miao/planning_with_ROS2_ws/install/data_plot/share/ament_index
[0.432s] creating /home/miao/planning_with_ROS2_ws/install/data_plot/share/ament_index/resource_index
[0.432s] creating /home/miao/planning_with_ROS2_ws/install/data_plot/share/ament_index/resource_index/packages
[0.432s] copying resource/data_plot -> /home/miao/planning_with_ROS2_ws/install/data_plot/share/ament_index/resource_index/packages
[0.433s] copying package.xml -> /home/miao/planning_with_ROS2_ws/install/data_plot/share/data_plot
[0.433s] running install_egg_info
[0.433s] Copying ../../build/data_plot/data_plot.egg-info to /home/miao/planning_with_ROS2_ws/install/data_plot/lib/python3.10/site-packages/data_plot-0.0.0-py3.10.egg-info
[0.434s] running install_scripts
[0.444s] Installing data_plot script to /home/miao/planning_with_ROS2_ws/install/data_plot/lib/data_plot
[0.445s] writing list of installed files to '/home/miao/planning_with_ROS2_ws/build/data_plot/install.log'
[0.457s] Invoked command in '/home/miao/planning_with_ROS2_ws/src/data_plot' returned '0': PS1=\u@\h \[\033[01;36m\]\W\[\033[01;32m\]$(git_branch)\[\033[00m\] \$ PYTHONPATH=/home/miao/planning_with_ROS2_ws/build/data_plot/prefix_override:/usr/lib/python3/dist-packages/colcon_core/task/python/colcon_distutils_commands:/home/miao/planning_with_ROS2_ws/install/data_plot/lib/python3.10/site-packages:${PYTHONPATH} /usr/bin/python3 -W ignore:setup.py install is deprecated -W ignore:easy_install command is deprecated setup.py egg_info --egg-base ../../build/data_plot build --build-base /home/miao/planning_with_ROS2_ws/build/data_plot/build install --record /home/miao/planning_with_ROS2_ws/build/data_plot/install.log --single-version-externally-managed install_data
