[35m[1mConsolidate compiler generated dependencies of target decision_center[0m
[35m[1mConsolidate compiler generated dependencies of target config_reader[0m
[35m[1mConsolidate compiler generated dependencies of target mathlibs[0m
[35m[1mConsolidate compiler generated dependencies of target planning_node[0m
[ 50%] Built target config_reader
[ 50%] Built target planning_node
[ 80%] Built target mathlibs
[100%] Built target decision_center
-- Install configuration: ""
-- Up-to-date: /home/miao/planning_with_ROS2_ws/install/planning/lib/libconfig_reader.so
-- Up-to-date: /home/miao/planning_with_ROS2_ws/install/planning/lib/libmathlibs.so
-- Up-to-date: /home/miao/planning_with_ROS2_ws/install/planning/lib/libdecision_center.so
-- Up-to-date: /home/miao/planning_with_ROS2_ws/install/planning/lib/planning/planning_node
-- Up-to-date: /home/miao/planning_with_ROS2_ws/install/planning/share/planning/config
-- Up-to-date: /home/miao/planning_with_ROS2_ws/install/planning/share/planning/launch
-- Up-to-date: /home/miao/planning_with_ROS2_ws/install/planning/share/planning/rviz
-- Up-to-date: /home/miao/planning_with_ROS2_ws/install/planning/share/planning/urdf
-- Up-to-date: /home/miao/planning_with_ROS2_ws/install/planning/share/planning/urdf/main_car
-- Up-to-date: /home/miao/planning_with_ROS2_ws/install/planning/share/planning/urdf/obs_car
-- Up-to-date: /home/miao/planning_with_ROS2_ws/install/planning/share/ament_index/resource_index/package_run_dependencies/planning
-- Up-to-date: /home/miao/planning_with_ROS2_ws/install/planning/share/ament_index/resource_index/parent_prefix_path/planning
-- Up-to-date: /home/miao/planning_with_ROS2_ws/install/planning/share/planning/environment/ament_prefix_path.sh
-- Up-to-date: /home/miao/planning_with_ROS2_ws/install/planning/share/planning/environment/ament_prefix_path.dsv
-- Up-to-date: /home/miao/planning_with_ROS2_ws/install/planning/share/planning/environment/path.sh
-- Up-to-date: /home/miao/planning_with_ROS2_ws/install/planning/share/planning/environment/path.dsv
-- Up-to-date: /home/miao/planning_with_ROS2_ws/install/planning/share/planning/local_setup.bash
-- Up-to-date: /home/miao/planning_with_ROS2_ws/install/planning/share/planning/local_setup.sh
-- Up-to-date: /home/miao/planning_with_ROS2_ws/install/planning/share/planning/local_setup.zsh
-- Up-to-date: /home/miao/planning_with_ROS2_ws/install/planning/share/planning/local_setup.dsv
-- Installing: /home/miao/planning_with_ROS2_ws/install/planning/share/planning/package.dsv
-- Up-to-date: /home/miao/planning_with_ROS2_ws/install/planning/share/ament_index/resource_index/packages/planning
-- Up-to-date: /home/miao/planning_with_ROS2_ws/install/planning/share/planning/cmake/planningConfig.cmake
-- Up-to-date: /home/miao/planning_with_ROS2_ws/install/planning/share/planning/cmake/planningConfig-version.cmake
-- Up-to-date: /home/miao/planning_with_ROS2_ws/install/planning/share/planning/package.xml
