[0.139s] Invoking command in '/home/miao/planning_with_ROS2_ws/build/planning': CMAKE_PREFIX_PATH=/home/miao/planning_with_ROS2_ws/install/base_msgs:/home/miao/planning_with_ROS2_ws/install/planning:/home/miao/planning_with_ROS2_ws/install/data_plot:/opt/ros/humble LD_LIBRARY_PATH=/home/miao/planning_with_ROS2_ws/install/base_msgs/lib:/home/miao/planning_with_ROS2_ws/install/planning/lib:/home/miao/planning_with_ROS2_ws/install/planning/lib:/home/miao/planning_with_ROS2_ws/install/planning/lib:/usr/lib/x86_64-linux-gnu/gazebo-11/plugins:/opt/ros/humble/opt/rviz_ogre_vendor/lib:/opt/ros/humble/lib/x86_64-linux-gnu:/opt/ros/humble/lib /usr/bin/cmake --build /home/miao/planning_with_ROS2_ws/build/planning -- -j20 -l20
[0.183s] [  5%] Built target config_reader
[0.183s] [ 11%] Built target global_planner
[0.185s] [ 20%] Built target pnc_map
[0.185s] [ 29%] Built target mathlibs
[0.201s] [ 38%] Built target vehicle_info
[0.201s] [ 47%] Built target reference_line
[0.202s] [ 52%] Built target pnc_map_server
[0.204s] [ 58%] Built target global_path_server
[0.219s] [ 64%] Built target decision_center
[0.219s] [ 70%] Built target car_move_cmd
[0.220s] [ 76%] Built target obs_move_cmd
[0.244s] [ 91%] Built target local_planner
[0.257s] [35m[1mConsolidate compiler generated dependencies of target planning_node[0m
[0.274s] [ 94%] [32mBuilding CXX object src/planning_process/CMakeFiles/planning_node.dir/planning_process.cpp.o[0m
[2.167s] [01m[K/home/miao/planning_with_ROS2_ws/src/planning/src/planning_process/planning_process.cpp:[m[K In member function ‘[01m[Kbool Planning::PlanningProcess::connect_server(const T&)[m[K’:
[2.168s] [01m[K/home/miao/planning_with_ROS2_ws/src/planning/src/planning_process/planning_process.cpp:80:78:[m[K [01;31m[Kerror: [m[Kexpected unqualified-id before ‘[01m[K)[m[K’ token
[2.168s]    80 |      if constexpr (std::is_same<T, rclcpp::Client<PNCMapService>::SharedPtr>[01;31m[K)[m[K
[2.168s]       |                                                                             [01;31m[K^[m[K
[2.168s] 
[2.168s] [01m[K/home/miao/planning_with_ROS2_ws/src/planning/src/planning_process/planning_process.cpp:84:87:[m[K [01;31m[Kerror: [m[Kexpected unqualified-id before ‘[01m[K)[m[K’ token
[2.168s]    84 |  if constexpr (std::is_same<T, rclcpp::Client<GlobalPathService>::SharedPtr>[01;31m[K)[m[K
[2.168s]       |                                                                             [01;31m[K^[m[K
[2.168s] 
[2.585s] gmake[2]: *** [src/planning_process/CMakeFiles/planning_node.dir/build.make:90：src/planning_process/CMakeFiles/planning_node.dir/planning_process.cpp.o] 错误 1
[2.586s] gmake[1]: *** [CMakeFiles/Makefile2:527：src/planning_process/CMakeFiles/planning_node.dir/all] 错误 2
[2.586s] gmake: *** [Makefile:146：all] 错误 2
[2.587s] Invoked command in '/home/miao/planning_with_ROS2_ws/build/planning' returned '2': CMAKE_PREFIX_PATH=/home/miao/planning_with_ROS2_ws/install/base_msgs:/home/miao/planning_with_ROS2_ws/install/planning:/home/miao/planning_with_ROS2_ws/install/data_plot:/opt/ros/humble LD_LIBRARY_PATH=/home/miao/planning_with_ROS2_ws/install/base_msgs/lib:/home/miao/planning_with_ROS2_ws/install/planning/lib:/home/miao/planning_with_ROS2_ws/install/planning/lib:/home/miao/planning_with_ROS2_ws/install/planning/lib:/usr/lib/x86_64-linux-gnu/gazebo-11/plugins:/opt/ros/humble/opt/rviz_ogre_vendor/lib:/opt/ros/humble/lib/x86_64-linux-gnu:/opt/ros/humble/lib /usr/bin/cmake --build /home/miao/planning_with_ROS2_ws/build/planning -- -j20 -l20
