[0.386s] Invoking command in '/home/miao/planning_with_ROS2_ws/src/data_plot': CMAKE_PREFIX_PATH=/home/miao/planning_with_ROS2_ws/install/base_msgs:/home/miao/planning_with_ROS2_ws/install/planning LD_LIBRARY_PATH=/home/miao/planning_with_ROS2_ws/install/base_msgs/lib:/home/miao/planning_with_ROS2_ws/install/planning/lib:/home/miao/planning_with_ROS2_ws/install/planning/lib:/home/miao/planning_with_ROS2_ws/install/planning/lib:/usr/lib/x86_64-linux-gnu/gazebo-11/plugins:/opt/ros/humble/opt/rviz_ogre_vendor/lib:/opt/ros/humble/lib/x86_64-linux-gnu:/opt/ros/humble/lib PYTHONPATH=/home/miao/planning_with_ROS2_ws/build/data_plot/prefix_override:/usr/lib/python3/dist-packages/colcon_core/task/python/colcon_distutils_commands:/home/miao/planning_with_ROS2_ws/install/data_plot/lib/python3.10/site-packages:${PYTHONPATH} /usr/bin/python3 -W ignore:setup.py install is deprecated -W ignore:easy_install command is deprecated setup.py egg_info --egg-base ../../build/data_plot build --build-base /home/miao/planning_with_ROS2_ws/build/data_plot/build install --record /home/miao/planning_with_ROS2_ws/build/data_plot/install.log --single-version-externally-managed install_data
[0.507s] running egg_info
[0.507s] writing ../../build/data_plot/data_plot.egg-info/PKG-INFO
[0.508s] writing dependency_links to ../../build/data_plot/data_plot.egg-info/dependency_links.txt
[0.508s] writing entry points to ../../build/data_plot/data_plot.egg-info/entry_points.txt
[0.508s] writing requirements to ../../build/data_plot/data_plot.egg-info/requires.txt
[0.508s] writing top-level names to ../../build/data_plot/data_plot.egg-info/top_level.txt
[0.509s] reading manifest file '../../build/data_plot/data_plot.egg-info/SOURCES.txt'
[0.509s] adding license file 'LICENSE'
[0.509s] writing manifest file '../../build/data_plot/data_plot.egg-info/SOURCES.txt'
[0.509s] running build
[0.509s] running build_py
[0.509s] running install
[0.509s] running install_lib
[0.510s] running install_data
[0.510s] running install_egg_info
[0.511s] removing '/home/miao/planning_with_ROS2_ws/install/data_plot/lib/python3.10/site-packages/data_plot-0.0.0-py3.10.egg-info' (and everything under it)
[0.511s] Copying ../../build/data_plot/data_plot.egg-info to /home/miao/planning_with_ROS2_ws/install/data_plot/lib/python3.10/site-packages/data_plot-0.0.0-py3.10.egg-info
[0.512s] running install_scripts
[0.525s] Installing data_plot script to /home/miao/planning_with_ROS2_ws/install/data_plot/lib/data_plot
[0.526s] writing list of installed files to '/home/miao/planning_with_ROS2_ws/build/data_plot/install.log'
[0.543s] Invoked command in '/home/miao/planning_with_ROS2_ws/src/data_plot' returned '0': CMAKE_PREFIX_PATH=/home/miao/planning_with_ROS2_ws/install/base_msgs:/home/miao/planning_with_ROS2_ws/install/planning LD_LIBRARY_PATH=/home/miao/planning_with_ROS2_ws/install/base_msgs/lib:/home/miao/planning_with_ROS2_ws/install/planning/lib:/home/miao/planning_with_ROS2_ws/install/planning/lib:/home/miao/planning_with_ROS2_ws/install/planning/lib:/usr/lib/x86_64-linux-gnu/gazebo-11/plugins:/opt/ros/humble/opt/rviz_ogre_vendor/lib:/opt/ros/humble/lib/x86_64-linux-gnu:/opt/ros/humble/lib PYTHONPATH=/home/miao/planning_with_ROS2_ws/build/data_plot/prefix_override:/usr/lib/python3/dist-packages/colcon_core/task/python/colcon_distutils_commands:/home/miao/planning_with_ROS2_ws/install/data_plot/lib/python3.10/site-packages:${PYTHONPATH} /usr/bin/python3 -W ignore:setup.py install is deprecated -W ignore:easy_install command is deprecated setup.py egg_info --egg-base ../../build/data_plot build --build-base /home/miao/planning_with_ROS2_ws/build/data_plot/build install --record /home/miao/planning_with_ROS2_ws/build/data_plot/install.log --single-version-externally-managed install_data
