-- Found ament_cmake: 1.3.11 (/opt/ros/humble/share/ament_cmake/cmake)
-- Found rclcpp: 16.0.11 (/opt/ros/humble/share/rclcpp/cmake)
-- Found rosidl_generator_c: 3.1.6 (/opt/ros/humble/share/rosidl_generator_c/cmake)
-- Found rosidl_adapter: 3.1.6 (/opt/ros/humble/share/rosidl_adapter/cmake)
-- Found rosidl_generator_cpp: 3.1.6 (/opt/ros/humble/share/rosidl_generator_cpp/cmake)
-- Using all available rosidl_typesupport_c: rosidl_typesupport_fastrtps_c;rosidl_typesupport_introspection_c
-- Using all available rosidl_typesupport_cpp: rosidl_typesupport_fastrtps_cpp;rosidl_typesupport_introspection_cpp
-- Found rmw_implementation_cmake: 6.1.2 (/opt/ros/humble/share/rmw_implementation_cmake/cmake)
-- Found rmw_fastrtps_cpp: 6.2.7 (/opt/ros/humble/share/rmw_fastrtps_cpp/cmake)
-- Using RMW implementation 'rmw_fastrtps_cpp' as default
-- Found tf2: 0.25.9 (/opt/ros/humble/share/tf2/cmake)
-- Found tf2_ros: 0.25.9 (/opt/ros/humble/share/tf2_ros/cmake)
-- Found nav_msgs: 4.2.4 (/opt/ros/humble/share/nav_msgs/cmake)
-- Found visualization_msgs: 4.2.4 (/opt/ros/humble/share/visualization_msgs/cmake)
-- Found base_msgs: 0.0.0 (/home/miao/planning_with_ROS2_ws/install/base_msgs/share/base_msgs/cmake)
-- Found ament_lint_auto: 0.12.11 (/opt/ros/humble/share/ament_lint_auto/cmake)
-- Added test 'cppcheck' to perform static code analysis on C / C++ code
-- Configured cppcheck include dirs: /home/miao/planning_with_ROS2_ws/src/planning/src/common/config_reader;/home/miao/planning_with_ROS2_ws/src/planning/src/common/math;/home/miao/planning_with_ROS2_ws/src/planning/src/decision_center;/home/miao/planning_with_ROS2_ws/src/planning/src/global_planner;/home/miao/planning_with_ROS2_ws/src/planning/src/global_planner/global_planner_normal;/home/miao/planning_with_ROS2_ws/src/planning/src/local_planner;/home/miao/planning_with_ROS2_ws/src/planning/src/local_planner/local_path;/home/miao/planning_with_ROS2_ws/src/planning/src/local_planner/local_speeds;/home/miao/planning_with_ROS2_ws/src/planning/src/move_cmd;/home/miao/planning_with_ROS2_ws/src/planning/src/planning_process;/home/miao/planning_with_ROS2_ws/src/planning/src/pnc_map_creator;/home/miao/planning_with_ROS2_ws/src/planning/src/pnc_map_creator/pnc_map_straight;/home/miao/planning_with_ROS2_ws/src/planning/src/pnc_map_creator/pnc_map_sturn;/home/miao/planning_with_ROS2_ws/src/planning/src/reference_line;/home/miao/planning_with_ROS2_ws/src/planning/src/vehicle_info;/home/miao/planning_with_ROS2_ws/src/planning/src/vehicle_info/main_car;/home/miao/planning_with_ROS2_ws/src/planning/src/vehicle_info/obs_car
-- Configured cppcheck exclude dirs and/or files: 
-- Added test 'lint_cmake' to check CMake code style
-- Added test 'uncrustify' to check C / C++ code style
-- Configured uncrustify additional arguments: 
-- Added test 'xmllint' to check XML markup files
-- Configuring done
-- Generating done
-- Build files have been written to: /home/miao/planning_with_ROS2_ws/build/planning
[35m[1mConsolidate compiler generated dependencies of target global_planner[0m
[35m[1mConsolidate compiler generated dependencies of target planning_node[0m
[35m[1mConsolidate compiler generated dependencies of target config_reader[0m
[35m[1mConsolidate compiler generated dependencies of target local_planner[0m
[35m[1mConsolidate compiler generated dependencies of target decision_center[0m
[35m[1mConsolidate compiler generated dependencies of target global_path_server[0m
[35m[1mConsolidate compiler generated dependencies of target mathlibs[0m
[  8%] [32mBuilding CXX object src/move_cmd/CMakeFiles/obs_move_cmd.dir/obs_move_cmd.cpp.o[0m
[  8%] [32mBuilding CXX object src/move_cmd/CMakeFiles/car_move_cmd.dir/car_move_cmd.cpp.o[0m
[ 17%] Built target global_planner
[ 26%] Built target global_path_server
[ 39%] Built target planning_node
[ 52%] Built target mathlibs
[ 60%] Built target decision_center
[ 82%] Built target local_planner
[ 91%] Built target config_reader
[ 95%] [32m[1mLinking CXX executable obs_move_cmd[0m
[100%] [32m[1mLinking CXX executable car_move_cmd[0m
