[0.121s] Invoking command in '/home/miao/planning_with_ROS2_ws/build/planning': CMAKE_PREFIX_PATH=/home/miao/planning_with_ROS2_ws/install/base_msgs:/home/miao/planning_with_ROS2_ws/install/planning:/home/miao/planning_with_ROS2_ws/install/data_plot:/opt/ros/humble /usr/bin/cmake --build /home/miao/planning_with_ROS2_ws/build/planning -- -j20 -l20
[0.138s] -- Found ament_cmake: 1.3.11 (/opt/ros/humble/share/ament_cmake/cmake)
[0.212s] -- Found rclcpp: 16.0.11 (/opt/ros/humble/share/rclcpp/cmake)
[0.226s] -- Found rosidl_generator_c: 3.1.6 (/opt/ros/humble/share/rosidl_generator_c/cmake)
[0.227s] -- Found rosidl_adapter: 3.1.6 (/opt/ros/humble/share/rosidl_adapter/cmake)
[0.230s] -- Found rosidl_generator_cpp: 3.1.6 (/opt/ros/humble/share/rosidl_generator_cpp/cmake)
[0.235s] -- Using all available rosidl_typesupport_c: rosidl_typesupport_fastrtps_c;rosidl_typesupport_introspection_c
[0.241s] -- Using all available rosidl_typesupport_cpp: rosidl_typesupport_fastrtps_cpp;rosidl_typesupport_introspection_cpp
[0.257s] -- Found rmw_implementation_cmake: 6.1.2 (/opt/ros/humble/share/rmw_implementation_cmake/cmake)
[0.258s] -- Found rmw_fastrtps_cpp: 6.2.7 (/opt/ros/humble/share/rmw_fastrtps_cpp/cmake)
[0.322s] -- Using RMW implementation 'rmw_fastrtps_cpp' as default
[0.350s] -- Found tf2: 0.25.9 (/opt/ros/humble/share/tf2/cmake)
[0.358s] -- Found tf2_ros: 0.25.9 (/opt/ros/humble/share/tf2_ros/cmake)
[0.398s] -- Found nav_msgs: 4.2.4 (/opt/ros/humble/share/nav_msgs/cmake)
[0.406s] -- Found visualization_msgs: 4.2.4 (/opt/ros/humble/share/visualization_msgs/cmake)
[0.425s] -- Found base_msgs: 0.0.0 (/home/miao/planning_with_ROS2_ws/install/base_msgs/share/base_msgs/cmake)
[0.437s] -- Found ament_lint_auto: 0.12.11 (/opt/ros/humble/share/ament_lint_auto/cmake)
[0.475s] -- Added test 'cppcheck' to perform static code analysis on C / C++ code
[0.475s] -- Configured cppcheck include dirs: /home/miao/planning_with_ROS2_ws/src/planning/src/common/config_reader;/home/miao/planning_with_ROS2_ws/src/planning/src/common/math;/home/miao/planning_with_ROS2_ws/src/planning/src/decision_center;/home/miao/planning_with_ROS2_ws/src/planning/src/global_planner;/home/miao/planning_with_ROS2_ws/src/planning/src/global_planner/global_planner_normal;/home/miao/planning_with_ROS2_ws/src/planning/src/local_planner;/home/miao/planning_with_ROS2_ws/src/planning/src/local_planner/local_path;/home/miao/planning_with_ROS2_ws/src/planning/src/local_planner/local_speeds;/home/miao/planning_with_ROS2_ws/src/planning/src/move_cmd;/home/miao/planning_with_ROS2_ws/src/planning/src/planning_process;/home/miao/planning_with_ROS2_ws/src/planning/src/pnc_map_creator;/home/miao/planning_with_ROS2_ws/src/planning/src/pnc_map_creator/pnc_map_straight;/home/miao/planning_with_ROS2_ws/src/planning/src/pnc_map_creator/pnc_map_sturn;/home/miao/planning_with_ROS2_ws/src/planning/src/reference_line;/home/miao/planning_with_ROS2_ws/src/planning/src/vehicle_info;/home/miao/planning_with_ROS2_ws/src/planning/src/vehicle_info/main_car;/home/miao/planning_with_ROS2_ws/src/planning/src/vehicle_info/obs_car
[0.475s] -- Configured cppcheck exclude dirs and/or files: 
[0.476s] -- Added test 'lint_cmake' to check CMake code style
[0.477s] -- Added test 'uncrustify' to check C / C++ code style
[0.477s] -- Configured uncrustify additional arguments: 
[0.478s] -- Added test 'xmllint' to check XML markup files
[0.478s] -- Configuring done
[0.500s] -- Generating done
[0.509s] -- Build files have been written to: /home/miao/planning_with_ROS2_ws/build/planning
[0.528s] [35m[1mConsolidate compiler generated dependencies of target global_planner[0m
[0.529s] [35m[1mConsolidate compiler generated dependencies of target planning_node[0m
[0.529s] [35m[1mConsolidate compiler generated dependencies of target config_reader[0m
[0.529s] [35m[1mConsolidate compiler generated dependencies of target local_planner[0m
[0.529s] [35m[1mConsolidate compiler generated dependencies of target decision_center[0m
[0.529s] [35m[1mConsolidate compiler generated dependencies of target global_path_server[0m
[0.530s] [35m[1mConsolidate compiler generated dependencies of target mathlibs[0m
[0.535s] [  8%] [32mBuilding CXX object src/move_cmd/CMakeFiles/obs_move_cmd.dir/obs_move_cmd.cpp.o[0m
[0.535s] [  8%] [32mBuilding CXX object src/move_cmd/CMakeFiles/car_move_cmd.dir/car_move_cmd.cpp.o[0m
[0.536s] [ 17%] Built target global_planner
[0.538s] [ 26%] Built target global_path_server
[0.539s] [ 39%] Built target planning_node
[0.540s] [ 52%] Built target mathlibs
[0.542s] [ 60%] Built target decision_center
[0.543s] [ 82%] Built target local_planner
[0.543s] [ 91%] Built target config_reader
[1.965s] [ 95%] [32m[1mLinking CXX executable obs_move_cmd[0m
[1.967s] [100%] [32m[1mLinking CXX executable car_move_cmd[0m
[2.034s] /usr/bin/ld: /usr/lib/gcc/x86_64-linux-gnu/11/../../../x86_64-linux-gnu/Scrt1.o: in function `_start':
[2.034s] (.text+0x1b): undefined reference to `main'
[2.035s] /usr/bin/ld: /usr/lib/gcc/x86_64-linux-gnu/11/../../../x86_64-linux-gnu/Scrt1.o: in function `_start':
[2.035s] (.text+0x1b): undefined reference to `main'
[2.038s] collect2: error: ld returned 1 exit status
[2.039s] collect2: error: ld returned 1 exit status
[2.039s] gmake[2]: *** [src/move_cmd/CMakeFiles/car_move_cmd.dir/build.make:197：src/move_cmd/car_move_cmd] 错误 1
[2.040s] gmake[1]: *** [CMakeFiles/Makefile2:458：src/move_cmd/CMakeFiles/car_move_cmd.dir/all] 错误 2
[2.040s] gmake[1]: *** 正在等待未完成的任务....
[2.040s] gmake[2]: *** [src/move_cmd/CMakeFiles/obs_move_cmd.dir/build.make:197：src/move_cmd/obs_move_cmd] 错误 1
[2.040s] gmake[1]: *** [CMakeFiles/Makefile2:484：src/move_cmd/CMakeFiles/obs_move_cmd.dir/all] 错误 2
[2.040s] gmake: *** [Makefile:146：all] 错误 2
[2.042s] Invoked command in '/home/miao/planning_with_ROS2_ws/build/planning' returned '2': CMAKE_PREFIX_PATH=/home/miao/planning_with_ROS2_ws/install/base_msgs:/home/miao/planning_with_ROS2_ws/install/planning:/home/miao/planning_with_ROS2_ws/install/data_plot:/opt/ros/humble /usr/bin/cmake --build /home/miao/planning_with_ROS2_ws/build/planning -- -j20 -l20
