[35m[1mConsolidate compiler generated dependencies of target global_planner[0m
[35m[1mConsolidate compiler generated dependencies of target config_reader[0m
[35m[1mConsolidate compiler generated dependencies of target pnc_map[0m
[ 14%] Built target mathlibs
[ 14%] Built target global_planner
[ 20%] Built target config_reader
[ 29%] Built target pnc_map
[35m[1mConsolidate compiler generated dependencies of target global_path_server[0m
[35m[1mConsolidate compiler generated dependencies of target vehicle_info[0m
[35m[1mConsolidate compiler generated dependencies of target reference_line[0m
[35m[1mConsolidate compiler generated dependencies of target pnc_map_server[0m
[ 35%] Built target global_path_server
[ 44%] Built target vehicle_info
[ 52%] Built target reference_line
[35m[1mConsolidate compiler generated dependencies of target decision_center[0m
[ 58%] Built target pnc_map_server
[35m[1mConsolidate compiler generated dependencies of target obs_move_cmd[0m
[35m[1mConsolidate compiler generated dependencies of target car_move_cmd[0m
[ 64%] Built target decision_center
[ 70%] Built target obs_move_cmd
[ 76%] Built target car_move_cmd
[35m[1mConsolidate compiler generated dependencies of target local_planner[0m
[ 91%] Built target local_planner
[35m[1mConsolidate compiler generated dependencies of target planning_node[0m
[ 94%] [32mBuilding CXX object src/planning_process/CMakeFiles/planning_node.dir/planning_process.cpp.o[0m
[ 97%] [32m[1mLinking CXX executable planning_node[0m
[100%] Built target planning_node
-- Install configuration: ""
-- Up-to-date: /home/miao/planning_with_ROS2_ws/install/planning/lib/libconfig_reader.so
-- Up-to-date: /home/miao/planning_with_ROS2_ws/install/planning/lib/libmathlibs.so
-- Up-to-date: /home/miao/planning_with_ROS2_ws/install/planning/lib/libdecision_center.so
-- Up-to-date: /home/miao/planning_with_ROS2_ws/install/planning/lib/libglobal_planner.so
-- Up-to-date: /home/miao/planning_with_ROS2_ws/install/planning/lib/planning/global_path_server
-- Up-to-date: /home/miao/planning_with_ROS2_ws/install/planning/lib/liblocal_planner.so
-- Up-to-date: /home/miao/planning_with_ROS2_ws/install/planning/lib/planning/car_move_cmd
-- Up-to-date: /home/miao/planning_with_ROS2_ws/install/planning/lib/planning/obs_move_cmd
-- Installing: /home/miao/planning_with_ROS2_ws/install/planning/lib/planning/planning_node
-- Set runtime path of "/home/miao/planning_with_ROS2_ws/install/planning/lib/planning/planning_node" to ""
-- Up-to-date: /home/miao/planning_with_ROS2_ws/install/planning/lib/libpnc_map.so
-- Up-to-date: /home/miao/planning_with_ROS2_ws/install/planning/lib/planning/pnc_map_server
-- Up-to-date: /home/miao/planning_with_ROS2_ws/install/planning/lib/libreference_line.so
-- Up-to-date: /home/miao/planning_with_ROS2_ws/install/planning/lib/libvehicle_info.so
-- Up-to-date: /home/miao/planning_with_ROS2_ws/install/planning/share/planning/config
-- Up-to-date: /home/miao/planning_with_ROS2_ws/install/planning/share/planning/config/planning_static_obs_config.yaml
-- Up-to-date: /home/miao/planning_with_ROS2_ws/install/planning/share/planning/launch
-- Installing: /home/miao/planning_with_ROS2_ws/install/planning/share/planning/launch/planning_launch.py
-- Installing: /home/miao/planning_with_ROS2_ws/install/planning/share/planning/launch/move_cmd_launch.py
-- Up-to-date: /home/miao/planning_with_ROS2_ws/install/planning/share/planning/rviz
-- Up-to-date: /home/miao/planning_with_ROS2_ws/install/planning/share/planning/urdf
-- Up-to-date: /home/miao/planning_with_ROS2_ws/install/planning/share/planning/urdf/main_car
-- Installing: /home/miao/planning_with_ROS2_ws/install/planning/share/planning/urdf/main_car/car_radar.xacro
-- Installing: /home/miao/planning_with_ROS2_ws/install/planning/share/planning/urdf/main_car/car.xacro
-- Installing: /home/miao/planning_with_ROS2_ws/install/planning/share/planning/urdf/main_car/car_camera.xacro
-- Installing: /home/miao/planning_with_ROS2_ws/install/planning/share/planning/urdf/main_car/car_wheels.xacro
-- Installing: /home/miao/planning_with_ROS2_ws/install/planning/share/planning/urdf/main_car/car_base.xacro
-- Up-to-date: /home/miao/planning_with_ROS2_ws/install/planning/share/planning/urdf/obs_car
-- Up-to-date: /home/miao/planning_with_ROS2_ws/install/planning/share/ament_index/resource_index/package_run_dependencies/planning
-- Up-to-date: /home/miao/planning_with_ROS2_ws/install/planning/share/ament_index/resource_index/parent_prefix_path/planning
-- Up-to-date: /home/miao/planning_with_ROS2_ws/install/planning/share/planning/environment/ament_prefix_path.sh
-- Up-to-date: /home/miao/planning_with_ROS2_ws/install/planning/share/planning/environment/ament_prefix_path.dsv
-- Up-to-date: /home/miao/planning_with_ROS2_ws/install/planning/share/planning/environment/path.sh
-- Up-to-date: /home/miao/planning_with_ROS2_ws/install/planning/share/planning/environment/path.dsv
-- Up-to-date: /home/miao/planning_with_ROS2_ws/install/planning/share/planning/local_setup.bash
-- Up-to-date: /home/miao/planning_with_ROS2_ws/install/planning/share/planning/local_setup.sh
-- Up-to-date: /home/miao/planning_with_ROS2_ws/install/planning/share/planning/local_setup.zsh
-- Up-to-date: /home/miao/planning_with_ROS2_ws/install/planning/share/planning/local_setup.dsv
-- Installing: /home/miao/planning_with_ROS2_ws/install/planning/share/planning/package.dsv
-- Up-to-date: /home/miao/planning_with_ROS2_ws/install/planning/share/ament_index/resource_index/packages/planning
-- Up-to-date: /home/miao/planning_with_ROS2_ws/install/planning/share/planning/cmake/planningConfig.cmake
-- Up-to-date: /home/miao/planning_with_ROS2_ws/install/planning/share/planning/cmake/planningConfig-version.cmake
-- Up-to-date: /home/miao/planning_with_ROS2_ws/install/planning/share/planning/package.xml
