[0.010s] Invoking command in '/home/miao/planning_with_ROS2_ws/build/base_msgs': CMAKE_PREFIX_PATH=/opt/ros/humble PS1=\u@\h \[\033[01;36m\]\W\[\033[01;32m\]$(git_branch)\[\033[00m\] \$ /usr/bin/cmake /home/miao/planning_with_ROS2_ws/src/base_msgs -DCMAKE_INSTALL_PREFIX=/home/miao/planning_with_ROS2_ws/install/base_msgs
[0.130s] -- The C compiler identification is GNU 11.4.0
[0.130s] -- The CXX compiler identification is GNU 11.4.0
[0.130s] -- Detecting C compiler ABI info
[0.141s] -- Detecting C compiler ABI info - done
[0.146s] -- Check for working C compiler: /usr/bin/cc - skipped
[0.147s] -- Detecting C compile features
[0.147s] -- Detecting C compile features - done
[0.148s] -- Detecting CXX compiler ABI info
[0.202s] -- Detecting CXX compiler ABI info - done
[0.207s] -- Check for working CXX compiler: /usr/bin/c++ - skipped
[0.207s] -- Detecting CXX compile features
[0.207s] -- Detecting CXX compile features - done
[0.209s] -- Found ament_cmake: 1.3.11 (/opt/ros/humble/share/ament_cmake/cmake)
[0.310s] -- Found Python3: /usr/bin/python3 (found version "3.10.12") found components: Interpreter 
[0.372s] -- Found ament_lint_auto: 0.12.11 (/opt/ros/humble/share/ament_lint_auto/cmake)
[0.419s] -- Added test 'lint_cmake' to check CMake code style
[0.420s] -- Added test 'xmllint' to check XML markup files
[0.420s] -- Configuring done
[0.421s] -- Generating done
[0.422s] -- Build files have been written to: /home/miao/planning_with_ROS2_ws/build/base_msgs
[0.425s] Invoked command in '/home/miao/planning_with_ROS2_ws/build/base_msgs' returned '0': CMAKE_PREFIX_PATH=/opt/ros/humble PS1=\u@\h \[\033[01;36m\]\W\[\033[01;32m\]$(git_branch)\[\033[00m\] \$ /usr/bin/cmake /home/miao/planning_with_ROS2_ws/src/base_msgs -DCMAKE_INSTALL_PREFIX=/home/miao/planning_with_ROS2_ws/install/base_msgs
[0.426s] Invoking command in '/home/miao/planning_with_ROS2_ws/build/base_msgs': CMAKE_PREFIX_PATH=/opt/ros/humble PS1=\u@\h \[\033[01;36m\]\W\[\033[01;32m\]$(git_branch)\[\033[00m\] \$ /usr/bin/cmake --build /home/miao/planning_with_ROS2_ws/build/base_msgs -- -j20 -l20
[0.451s] Invoked command in '/home/miao/planning_with_ROS2_ws/build/base_msgs' returned '0': CMAKE_PREFIX_PATH=/opt/ros/humble PS1=\u@\h \[\033[01;36m\]\W\[\033[01;32m\]$(git_branch)\[\033[00m\] \$ /usr/bin/cmake --build /home/miao/planning_with_ROS2_ws/build/base_msgs -- -j20 -l20
[0.457s] Invoking command in '/home/miao/planning_with_ROS2_ws/build/base_msgs': CMAKE_PREFIX_PATH=/opt/ros/humble PS1=\u@\h \[\033[01;36m\]\W\[\033[01;32m\]$(git_branch)\[\033[00m\] \$ /usr/bin/cmake --install /home/miao/planning_with_ROS2_ws/build/base_msgs
[0.462s] -- Install configuration: ""
[0.463s] -- Installing: /home/miao/planning_with_ROS2_ws/install/base_msgs/share/ament_index/resource_index/package_run_dependencies/base_msgs
[0.463s] -- Installing: /home/miao/planning_with_ROS2_ws/install/base_msgs/share/ament_index/resource_index/parent_prefix_path/base_msgs
[0.463s] -- Installing: /home/miao/planning_with_ROS2_ws/install/base_msgs/share/base_msgs/environment/ament_prefix_path.sh
[0.463s] -- Installing: /home/miao/planning_with_ROS2_ws/install/base_msgs/share/base_msgs/environment/ament_prefix_path.dsv
[0.463s] -- Installing: /home/miao/planning_with_ROS2_ws/install/base_msgs/share/base_msgs/environment/path.sh
[0.463s] -- Installing: /home/miao/planning_with_ROS2_ws/install/base_msgs/share/base_msgs/environment/path.dsv
[0.463s] -- Installing: /home/miao/planning_with_ROS2_ws/install/base_msgs/share/base_msgs/local_setup.bash
[0.463s] -- Installing: /home/miao/planning_with_ROS2_ws/install/base_msgs/share/base_msgs/local_setup.sh
[0.463s] -- Installing: /home/miao/planning_with_ROS2_ws/install/base_msgs/share/base_msgs/local_setup.zsh
[0.463s] -- Installing: /home/miao/planning_with_ROS2_ws/install/base_msgs/share/base_msgs/local_setup.dsv
[0.463s] -- Installing: /home/miao/planning_with_ROS2_ws/install/base_msgs/share/base_msgs/package.dsv
[0.463s] -- Installing: /home/miao/planning_with_ROS2_ws/install/base_msgs/share/ament_index/resource_index/packages/base_msgs
[0.463s] -- Installing: /home/miao/planning_with_ROS2_ws/install/base_msgs/share/base_msgs/cmake/base_msgsConfig.cmake
[0.463s] -- Installing: /home/miao/planning_with_ROS2_ws/install/base_msgs/share/base_msgs/cmake/base_msgsConfig-version.cmake
[0.463s] -- Installing: /home/miao/planning_with_ROS2_ws/install/base_msgs/share/base_msgs/package.xml
[0.470s] Invoked command in '/home/miao/planning_with_ROS2_ws/build/base_msgs' returned '0': CMAKE_PREFIX_PATH=/opt/ros/humble PS1=\u@\h \[\033[01;36m\]\W\[\033[01;32m\]$(git_branch)\[\033[00m\] \$ /usr/bin/cmake --install /home/miao/planning_with_ROS2_ws/build/base_msgs
