[0.006s] Invoking command in '/home/miao/planning_with_ROS2_ws/build/base_msgs': CMAKE_PREFIX_PATH=${CMAKE_PREFIX_PATH}:/home/miao/planning_with_ROS2_ws/install/data_plot:/opt/ros/humble /usr/bin/cmake --build /home/miao/planning_with_ROS2_ws/build/base_msgs -- -j20 -l20
[0.033s] Invoked command in '/home/miao/planning_with_ROS2_ws/build/base_msgs' returned '0': CMAKE_PREFIX_PATH=${CMAKE_PREFIX_PATH}:/home/miao/planning_with_ROS2_ws/install/data_plot:/opt/ros/humble /usr/bin/cmake --build /home/miao/planning_with_ROS2_ws/build/base_msgs -- -j20 -l20
[0.039s] Invoking command in '/home/miao/planning_with_ROS2_ws/build/base_msgs': CMAKE_PREFIX_PATH=${CMAKE_PREFIX_PATH}:/home/miao/planning_with_ROS2_ws/install/data_plot:/opt/ros/humble /usr/bin/cmake --install /home/miao/planning_with_ROS2_ws/build/base_msgs
[0.044s] -- Install configuration: ""
[0.044s] -- Up-to-date: /home/miao/planning_with_ROS2_ws/install/base_msgs/share/ament_index/resource_index/package_run_dependencies/base_msgs
[0.044s] -- Up-to-date: /home/miao/planning_with_ROS2_ws/install/base_msgs/share/ament_index/resource_index/parent_prefix_path/base_msgs
[0.044s] -- Up-to-date: /home/miao/planning_with_ROS2_ws/install/base_msgs/share/base_msgs/environment/ament_prefix_path.sh
[0.044s] -- Up-to-date: /home/miao/planning_with_ROS2_ws/install/base_msgs/share/base_msgs/environment/ament_prefix_path.dsv
[0.044s] -- Up-to-date: /home/miao/planning_with_ROS2_ws/install/base_msgs/share/base_msgs/environment/path.sh
[0.044s] -- Up-to-date: /home/miao/planning_with_ROS2_ws/install/base_msgs/share/base_msgs/environment/path.dsv
[0.044s] -- Up-to-date: /home/miao/planning_with_ROS2_ws/install/base_msgs/share/base_msgs/local_setup.bash
[0.045s] -- Up-to-date: /home/miao/planning_with_ROS2_ws/install/base_msgs/share/base_msgs/local_setup.sh
[0.045s] -- Up-to-date: /home/miao/planning_with_ROS2_ws/install/base_msgs/share/base_msgs/local_setup.zsh
[0.045s] -- Up-to-date: /home/miao/planning_with_ROS2_ws/install/base_msgs/share/base_msgs/local_setup.dsv
[0.045s] -- Installing: /home/miao/planning_with_ROS2_ws/install/base_msgs/share/base_msgs/package.dsv
[0.045s] -- Up-to-date: /home/miao/planning_with_ROS2_ws/install/base_msgs/share/ament_index/resource_index/packages/base_msgs
[0.045s] -- Up-to-date: /home/miao/planning_with_ROS2_ws/install/base_msgs/share/base_msgs/cmake/base_msgsConfig.cmake
[0.045s] -- Up-to-date: /home/miao/planning_with_ROS2_ws/install/base_msgs/share/base_msgs/cmake/base_msgsConfig-version.cmake
[0.045s] -- Up-to-date: /home/miao/planning_with_ROS2_ws/install/base_msgs/share/base_msgs/package.xml
[0.046s] Invoked command in '/home/miao/planning_with_ROS2_ws/build/base_msgs' returned '0': CMAKE_PREFIX_PATH=${CMAKE_PREFIX_PATH}:/home/miao/planning_with_ROS2_ws/install/data_plot:/opt/ros/humble /usr/bin/cmake --install /home/miao/planning_with_ROS2_ws/build/base_msgs
