[0.118s] Invoking command in '/home/miao/planning_with_ROS2_ws/build/planning': CMAKE_PREFIX_PATH=/home/miao/planning_with_ROS2_ws/install/base_msgs:/home/miao/planning_with_ROS2_ws/install/planning:/home/miao/planning_with_ROS2_ws/install/data_plot:/opt/ros/humble /usr/bin/cmake /home/miao/planning_with_ROS2_ws/src/planning -DCMAKE_INSTALL_PREFIX=/home/miao/planning_with_ROS2_ws/install/planning
[0.156s] -- The C compiler identification is GNU 11.4.0
[0.191s] -- The CXX compiler identification is GNU 11.4.0
[0.196s] -- Detecting C compiler ABI info
[0.239s] -- Detecting C compiler ABI info - done
[0.243s] -- Check for working C compiler: /usr/bin/cc - skipped
[0.243s] -- Detecting C compile features
[0.243s] -- Detecting C compile features - done
[0.244s] -- Detecting CXX compiler ABI info
[0.297s] -- Detecting CXX compiler ABI info - done
[0.301s] -- Check for working CXX compiler: /usr/bin/c++ - skipped
[0.301s] -- Detecting CXX compile features
[0.301s] -- Detecting CXX compile features - done
[0.303s] -- Found ament_cmake: 1.3.11 (/opt/ros/humble/share/ament_cmake/cmake)
[0.395s] -- Found Python3: /usr/bin/python3 (found version "3.10.12") found components: Interpreter 
[0.444s] -- Found rclcpp: 16.0.11 (/opt/ros/humble/share/rclcpp/cmake)
[0.465s] -- Found rosidl_generator_c: 3.1.6 (/opt/ros/humble/share/rosidl_generator_c/cmake)
[0.467s] -- Found rosidl_adapter: 3.1.6 (/opt/ros/humble/share/rosidl_adapter/cmake)
[0.471s] -- Found rosidl_generator_cpp: 3.1.6 (/opt/ros/humble/share/rosidl_generator_cpp/cmake)
[0.477s] -- Using all available rosidl_typesupport_c: rosidl_typesupport_fastrtps_c;rosidl_typesupport_introspection_c
[0.485s] -- Using all available rosidl_typesupport_cpp: rosidl_typesupport_fastrtps_cpp;rosidl_typesupport_introspection_cpp
[0.505s] -- Found rmw_implementation_cmake: 6.1.2 (/opt/ros/humble/share/rmw_implementation_cmake/cmake)
[0.507s] -- Found rmw_fastrtps_cpp: 6.2.7 (/opt/ros/humble/share/rmw_fastrtps_cpp/cmake)
[0.560s] -- Found OpenSSL: /usr/lib/x86_64-linux-gnu/libcrypto.so (found version "3.0.2")  
[0.575s] -- Found FastRTPS: /opt/ros/humble/include  
[0.597s] -- Using RMW implementation 'rmw_fastrtps_cpp' as default
[0.601s] -- Looking for pthread.h
[0.647s] -- Looking for pthread.h - found
[0.647s] -- Performing Test CMAKE_HAVE_LIBC_PTHREAD
[0.699s] -- Performing Test CMAKE_HAVE_LIBC_PTHREAD - Success
[0.700s] -- Found Threads: TRUE  
[0.733s] -- Found tf2: 0.25.9 (/opt/ros/humble/share/tf2/cmake)
[0.744s] -- Found tf2_ros: 0.25.9 (/opt/ros/humble/share/tf2_ros/cmake)
[0.788s] -- Found nav_msgs: 4.2.4 (/opt/ros/humble/share/nav_msgs/cmake)
[0.796s] -- Found visualization_msgs: 4.2.4 (/opt/ros/humble/share/visualization_msgs/cmake)
[0.815s] -- Found base_msgs: 0.0.0 (/home/miao/planning_with_ROS2_ws/install/base_msgs/share/base_msgs/cmake)
[0.827s] -- Found ament_lint_auto: 0.12.11 (/opt/ros/humble/share/ament_lint_auto/cmake)
[0.873s] -- Added test 'cppcheck' to perform static code analysis on C / C++ code
[0.873s] -- Configured cppcheck include dirs: /home/miao/planning_with_ROS2_ws/src/planning/src/common/config_reader;/home/miao/planning_with_ROS2_ws/src/planning/src/common/math;/home/miao/planning_with_ROS2_ws/src/planning/src/decision_center;/home/miao/planning_with_ROS2_ws/src/planning/src/global_planner;/home/miao/planning_with_ROS2_ws/src/planning/src/global_planner/global_planner_normal;/home/miao/planning_with_ROS2_ws/src/planning/src/local_planner;/home/miao/planning_with_ROS2_ws/src/planning/src/local_planner/local_path;/home/miao/planning_with_ROS2_ws/src/planning/src/local_planner/local_speeds;/home/miao/planning_with_ROS2_ws/src/planning/src/move_cmd;/home/miao/planning_with_ROS2_ws/src/planning/src/planning_process;/home/miao/planning_with_ROS2_ws/src/planning/src/pnc_map_creator;/home/miao/planning_with_ROS2_ws/src/planning/src/pnc_map_creator/pnc_map_straight;/home/miao/planning_with_ROS2_ws/src/planning/src/pnc_map_creator/pnc_map_sturn;/home/miao/planning_with_ROS2_ws/src/planning/src/reference_line;/home/miao/planning_with_ROS2_ws/src/planning/src/vehicle_info;/home/miao/planning_with_ROS2_ws/src/planning/src/vehicle_info/main_car;/home/miao/planning_with_ROS2_ws/src/planning/src/vehicle_info/obs_car
[0.873s] -- Configured cppcheck exclude dirs and/or files: 
[0.874s] -- Added test 'lint_cmake' to check CMake code style
[0.875s] -- Added test 'uncrustify' to check C / C++ code style
[0.875s] -- Configured uncrustify additional arguments: 
[0.875s] -- Added test 'xmllint' to check XML markup files
[0.876s] -- Configuring done
[0.884s] -- Generating done
[0.887s] -- Build files have been written to: /home/miao/planning_with_ROS2_ws/build/planning
[0.896s] Invoked command in '/home/miao/planning_with_ROS2_ws/build/planning' returned '0': CMAKE_PREFIX_PATH=/home/miao/planning_with_ROS2_ws/install/base_msgs:/home/miao/planning_with_ROS2_ws/install/planning:/home/miao/planning_with_ROS2_ws/install/data_plot:/opt/ros/humble /usr/bin/cmake /home/miao/planning_with_ROS2_ws/src/planning -DCMAKE_INSTALL_PREFIX=/home/miao/planning_with_ROS2_ws/install/planning
[0.896s] Invoking command in '/home/miao/planning_with_ROS2_ws/build/planning': CMAKE_PREFIX_PATH=/home/miao/planning_with_ROS2_ws/install/base_msgs:/home/miao/planning_with_ROS2_ws/install/planning:/home/miao/planning_with_ROS2_ws/install/data_plot:/opt/ros/humble /usr/bin/cmake --build /home/miao/planning_with_ROS2_ws/build/planning -- -j20 -l20
[0.935s] [ 66%] [32mBuilding CXX object src/planning_process/CMakeFiles/planning_node.dir/planning_node.cpp.o[0m
[0.935s] [ 66%] [32mBuilding CXX object src/planning_process/CMakeFiles/planning_node.dir/planning_process.cpp.o[0m
[2.347s] [100%] [32m[1mLinking CXX executable planning_node[0m
[2.416s] [100%] Built target planning_node
[2.424s] Invoked command in '/home/miao/planning_with_ROS2_ws/build/planning' returned '0': CMAKE_PREFIX_PATH=/home/miao/planning_with_ROS2_ws/install/base_msgs:/home/miao/planning_with_ROS2_ws/install/planning:/home/miao/planning_with_ROS2_ws/install/data_plot:/opt/ros/humble /usr/bin/cmake --build /home/miao/planning_with_ROS2_ws/build/planning -- -j20 -l20
[2.426s] Invoking command in '/home/miao/planning_with_ROS2_ws/build/planning': CMAKE_PREFIX_PATH=/home/miao/planning_with_ROS2_ws/install/base_msgs:/home/miao/planning_with_ROS2_ws/install/planning:/home/miao/planning_with_ROS2_ws/install/data_plot:/opt/ros/humble /usr/bin/cmake --install /home/miao/planning_with_ROS2_ws/build/planning
[2.431s] -- Install configuration: ""
[2.431s] -- Installing: /home/miao/planning_with_ROS2_ws/install/planning/lib/planning/planning_node
[2.431s] -- Set runtime path of "/home/miao/planning_with_ROS2_ws/install/planning/lib/planning/planning_node" to ""
[2.432s] -- Installing: /home/miao/planning_with_ROS2_ws/install/planning/share/planning/config
[2.432s] -- Installing: /home/miao/planning_with_ROS2_ws/install/planning/share/planning/launch
[2.432s] -- Installing: /home/miao/planning_with_ROS2_ws/install/planning/share/planning/rviz
[2.432s] -- Installing: /home/miao/planning_with_ROS2_ws/install/planning/share/planning/urdf
[2.432s] -- Installing: /home/miao/planning_with_ROS2_ws/install/planning/share/planning/urdf/main_car
[2.432s] -- Installing: /home/miao/planning_with_ROS2_ws/install/planning/share/planning/urdf/obs_car
[2.432s] -- Installing: /home/miao/planning_with_ROS2_ws/install/planning/share/ament_index/resource_index/package_run_dependencies/planning
[2.432s] -- Installing: /home/miao/planning_with_ROS2_ws/install/planning/share/ament_index/resource_index/parent_prefix_path/planning
[2.432s] -- Installing: /home/miao/planning_with_ROS2_ws/install/planning/share/planning/environment/ament_prefix_path.sh
[2.432s] -- Installing: /home/miao/planning_with_ROS2_ws/install/planning/share/planning/environment/ament_prefix_path.dsv
[2.432s] -- Installing: /home/miao/planning_with_ROS2_ws/install/planning/share/planning/environment/path.sh
[2.432s] -- Installing: /home/miao/planning_with_ROS2_ws/install/planning/share/planning/environment/path.dsv
[2.432s] -- Installing: /home/miao/planning_with_ROS2_ws/install/planning/share/planning/local_setup.bash
[2.432s] -- Installing: /home/miao/planning_with_ROS2_ws/install/planning/share/planning/local_setup.sh
[2.433s] -- Installing: /home/miao/planning_with_ROS2_ws/install/planning/share/planning/local_setup.zsh
[2.433s] -- Installing: /home/miao/planning_with_ROS2_ws/install/planning/share/planning/local_setup.dsv
[2.433s] -- Installing: /home/miao/planning_with_ROS2_ws/install/planning/share/planning/package.dsv
[2.433s] -- Installing: /home/miao/planning_with_ROS2_ws/install/planning/share/ament_index/resource_index/packages/planning
[2.433s] -- Installing: /home/miao/planning_with_ROS2_ws/install/planning/share/planning/cmake/planningConfig.cmake
[2.433s] -- Installing: /home/miao/planning_with_ROS2_ws/install/planning/share/planning/cmake/planningConfig-version.cmake
[2.433s] -- Installing: /home/miao/planning_with_ROS2_ws/install/planning/share/planning/package.xml
[2.434s] Invoked command in '/home/miao/planning_with_ROS2_ws/build/planning' returned '0': CMAKE_PREFIX_PATH=/home/miao/planning_with_ROS2_ws/install/base_msgs:/home/miao/planning_with_ROS2_ws/install/planning:/home/miao/planning_with_ROS2_ws/install/data_plot:/opt/ros/humble /usr/bin/cmake --install /home/miao/planning_with_ROS2_ws/build/planning
