[0.135s] Invoking command in '/home/miao/planning_with_ROS2_ws/build/planning': CMAKE_PREFIX_PATH=/home/miao/planning_with_ROS2_ws/install/base_msgs:/home/miao/planning_with_ROS2_ws/install/planning:/home/miao/planning_with_ROS2_ws/install/data_plot:/opt/ros/humble LD_LIBRARY_PATH=/home/miao/planning_with_ROS2_ws/install/base_msgs/lib:/home/miao/planning_with_ROS2_ws/install/planning/lib:/home/miao/planning_with_ROS2_ws/install/planning/lib:/home/miao/planning_with_ROS2_ws/install/planning/lib:/usr/lib/x86_64-linux-gnu/gazebo-11/plugins:/opt/ros/humble/opt/rviz_ogre_vendor/lib:/opt/ros/humble/lib/x86_64-linux-gnu:/opt/ros/humble/lib /usr/bin/cmake --build /home/miao/planning_with_ROS2_ws/build/planning -- -j20 -l20
[0.177s] [ 11%] Built target global_planner
[0.177s] [ 14%] Built target mathlibs
[0.178s] [ 23%] Built target pnc_map
[0.178s] [ 29%] Built target config_reader
[0.186s] [35m[1mConsolidate compiler generated dependencies of target pnc_map_server[0m
[0.189s] [35m[1mConsolidate compiler generated dependencies of target global_path_server[0m
[0.200s] [ 35%] Built target pnc_map_server
[0.201s] [ 44%] Built target vehicle_info
[0.203s] [ 50%] Built target global_path_server
[0.205s] [ 58%] Built target reference_line
[0.219s] [ 64%] Built target decision_center
[0.220s] [ 70%] Built target car_move_cmd
[0.220s] [ 76%] Built target obs_move_cmd
[0.245s] [ 91%] Built target local_planner
[0.256s] [35m[1mConsolidate compiler generated dependencies of target planning_node[0m
[0.271s] [ 94%] [32mBuilding CXX object src/planning_process/CMakeFiles/planning_node.dir/planning_process.cpp.o[0m
[2.210s] /home/miao/planning_with_ROS2_ws/src/planning/src/planning_process/planning_process.cpp: In instantiation of ‘[01m[Kbool Planning::PlanningProcess::connect_server(const T&) [with T = std::shared_ptr<rclcpp::Client<base_msgs::srv::PNCMapService> >][m[K’:
[2.211s] [01m[K/home/miao/planning_with_ROS2_ws/src/planning/src/planning_process/planning_process.cpp:44:23:[m[K   required from here
[2.211s] [01m[K/home/miao/planning_with_ROS2_ws/src/planning/src/planning_process/planning_process.cpp:80:69:[m[K [01;31m[Kerror: [m[K‘[01m[KSharedPtr[m[K’ is not a member of ‘[01m[Kstd::is_same<std::shared_ptr<rclcpp::Client<base_msgs::srv::PNCMapService> >, rclcpp::Client<base_msgs::srv::PNCMapService> >[m[K’
[2.211s]    80 |       if constexpr (std::is_same<T, rclcpp::Client<PNCMapService>>::[01;31m[KSharedPtr[m[K)
[2.211s]       |                                                                     [01;31m[K^~~~~~~~~[m[K
[2.211s] [01m[K/home/miao/planning_with_ROS2_ws/src/planning/src/planning_process/planning_process.cpp:84:78:[m[K [01;31m[Kerror: [m[K‘[01m[KSharedPtr[m[K’ is not a member of ‘[01m[Kstd::is_same<std::shared_ptr<rclcpp::Client<base_msgs::srv::PNCMapService> >, rclcpp::Client<base_msgs::srv::GlobalPathService> >[m[K’
[2.211s]    84 |       else if constexpr (std::is_same<T, rclcpp::Client<GlobalPathService>>::[01;31m[KSharedPtr[m[K)
[2.211s]       |                                                                              [01;31m[K^~~~~~~~~[m[K
[2.211s] /home/miao/planning_with_ROS2_ws/src/planning/src/planning_process/planning_process.cpp: In instantiation of ‘[01m[Kbool Planning::PlanningProcess::connect_server(const T&) [with T = std::shared_ptr<rclcpp::Client<base_msgs::srv::GlobalPathService> >][m[K’:
[2.211s] [01m[K/home/miao/planning_with_ROS2_ws/src/planning/src/planning_process/planning_process.cpp:58:23:[m[K   required from here
[2.211s] [01m[K/home/miao/planning_with_ROS2_ws/src/planning/src/planning_process/planning_process.cpp:80:69:[m[K [01;31m[Kerror: [m[K‘[01m[KSharedPtr[m[K’ is not a member of ‘[01m[Kstd::is_same<std::shared_ptr<rclcpp::Client<base_msgs::srv::GlobalPathService> >, rclcpp::Client<base_msgs::srv::PNCMapService> >[m[K’
[2.211s]    80 |       if constexpr (std::is_same<T, rclcpp::Client<PNCMapService>>::[01;31m[KSharedPtr[m[K)
[2.211s]       |                                                                     [01;31m[K^~~~~~~~~[m[K
[2.211s] [01m[K/home/miao/planning_with_ROS2_ws/src/planning/src/planning_process/planning_process.cpp:84:78:[m[K [01;31m[Kerror: [m[K‘[01m[KSharedPtr[m[K’ is not a member of ‘[01m[Kstd::is_same<std::shared_ptr<rclcpp::Client<base_msgs::srv::GlobalPathService> >, rclcpp::Client<base_msgs::srv::GlobalPathService> >[m[K’
[2.211s]    84 |       else if constexpr (std::is_same<T, rclcpp::Client<GlobalPathService>>::[01;31m[KSharedPtr[m[K)
[2.211s]       |                                                                              [01;31m[K^~~~~~~~~[m[K
[2.558s] gmake[2]: *** [src/planning_process/CMakeFiles/planning_node.dir/build.make:90：src/planning_process/CMakeFiles/planning_node.dir/planning_process.cpp.o] 错误 1
[2.558s] gmake[1]: *** [CMakeFiles/Makefile2:527：src/planning_process/CMakeFiles/planning_node.dir/all] 错误 2
[2.559s] gmake: *** [Makefile:146：all] 错误 2
[2.561s] Invoked command in '/home/miao/planning_with_ROS2_ws/build/planning' returned '2': CMAKE_PREFIX_PATH=/home/miao/planning_with_ROS2_ws/install/base_msgs:/home/miao/planning_with_ROS2_ws/install/planning:/home/miao/planning_with_ROS2_ws/install/data_plot:/opt/ros/humble LD_LIBRARY_PATH=/home/miao/planning_with_ROS2_ws/install/base_msgs/lib:/home/miao/planning_with_ROS2_ws/install/planning/lib:/home/miao/planning_with_ROS2_ws/install/planning/lib:/home/miao/planning_with_ROS2_ws/install/planning/lib:/usr/lib/x86_64-linux-gnu/gazebo-11/plugins:/opt/ros/humble/opt/rviz_ogre_vendor/lib:/opt/ros/humble/lib/x86_64-linux-gnu:/opt/ros/humble/lib /usr/bin/cmake --build /home/miao/planning_with_ROS2_ws/build/planning -- -j20 -l20
