[0.300s] Invoking command in '/home/miao/planning_with_ROS2_ws/src/data_plot': PYTHONPATH=/home/miao/planning_with_ROS2_ws/build/data_plot/prefix_override:/usr/lib/python3/dist-packages/colcon_core/task/python/colcon_distutils_commands:/home/miao/planning_with_ROS2_ws/install/data_plot/lib/python3.10/site-packages:${PYTHONPATH} /usr/bin/python3 -W ignore:setup.py install is deprecated -W ignore:easy_install command is deprecated setup.py egg_info --egg-base ../../build/data_plot build --build-base /home/miao/planning_with_ROS2_ws/build/data_plot/build install --record /home/miao/planning_with_ROS2_ws/build/data_plot/install.log --single-version-externally-managed install_data
[0.427s] running egg_info
[0.427s] writing ../../build/data_plot/data_plot.egg-info/PKG-INFO
[0.427s] writing dependency_links to ../../build/data_plot/data_plot.egg-info/dependency_links.txt
[0.427s] writing entry points to ../../build/data_plot/data_plot.egg-info/entry_points.txt
[0.427s] writing requirements to ../../build/data_plot/data_plot.egg-info/requires.txt
[0.427s] writing top-level names to ../../build/data_plot/data_plot.egg-info/top_level.txt
[0.428s] reading manifest file '../../build/data_plot/data_plot.egg-info/SOURCES.txt'
[0.428s] adding license file 'LICENSE'
[0.429s] writing manifest file '../../build/data_plot/data_plot.egg-info/SOURCES.txt'
[0.429s] running build
[0.429s] running build_py
[0.429s] running install
[0.429s] running install_lib
[0.430s] running install_data
[0.430s] running install_egg_info
[0.431s] removing '/home/miao/planning_with_ROS2_ws/install/data_plot/lib/python3.10/site-packages/data_plot-0.0.0-py3.10.egg-info' (and everything under it)
[0.431s] Copying ../../build/data_plot/data_plot.egg-info to /home/miao/planning_with_ROS2_ws/install/data_plot/lib/python3.10/site-packages/data_plot-0.0.0-py3.10.egg-info
[0.431s] running install_scripts
[0.444s] Installing data_plot script to /home/miao/planning_with_ROS2_ws/install/data_plot/lib/data_plot
[0.444s] writing list of installed files to '/home/miao/planning_with_ROS2_ws/build/data_plot/install.log'
[0.459s] Invoked command in '/home/miao/planning_with_ROS2_ws/src/data_plot' returned '0': PYTHONPATH=/home/miao/planning_with_ROS2_ws/build/data_plot/prefix_override:/usr/lib/python3/dist-packages/colcon_core/task/python/colcon_distutils_commands:/home/miao/planning_with_ROS2_ws/install/data_plot/lib/python3.10/site-packages:${PYTHONPATH} /usr/bin/python3 -W ignore:setup.py install is deprecated -W ignore:easy_install command is deprecated setup.py egg_info --egg-base ../../build/data_plot build --build-base /home/miao/planning_with_ROS2_ws/build/data_plot/build install --record /home/miao/planning_with_ROS2_ws/build/data_plot/install.log --single-version-externally-managed install_data
